2023-02-14 09:26:37,708  VAE Training   INFO  Run Number: 2023-02-14T09:26:37.691501
2023-02-14 09:26:43,463  VAE Training   INFO  Validation loss decreased (inf --> 16.241524).  Saving model ...
2023-02-14 09:26:43,525  VAE Training   INFO  Epoch: 1/50	Train Loss: 19.9943	Val Loss: 16.2415
2023-02-14 09:26:47,160  VAE Training   INFO  Validation loss decreased (16.241524 --> 15.239317).  Saving model ...
2023-02-14 09:26:47,205  VAE Training   INFO  Epoch: 2/50	Train Loss: 15.8196	Val Loss: 15.2393
2023-02-14 09:26:49,911  VAE Training   INFO  Validation loss decreased (15.239317 --> 14.510133).  Saving model ...
2023-02-14 09:26:50,008  VAE Training   INFO  Epoch: 3/50	Train Loss: 14.8361	Val Loss: 14.5101
2023-02-14 09:26:52,426  VAE Training   INFO  Validation loss decreased (14.510133 --> 13.990030).  Saving model ...
2023-02-14 09:26:52,480  VAE Training   INFO  Epoch: 4/50	Train Loss: 14.2409	Val Loss: 13.9900
2023-02-14 09:26:55,676  VAE Training   INFO  Validation loss decreased (13.990030 --> 13.660172).  Saving model ...
2023-02-14 09:26:55,741  VAE Training   INFO  Epoch: 5/50	Train Loss: 13.8038	Val Loss: 13.6602
2023-02-14 09:26:59,576  VAE Training   INFO  Validation loss decreased (13.660172 --> 13.271311).  Saving model ...
2023-02-14 09:26:59,610  VAE Training   INFO  Epoch: 6/50	Train Loss: 13.4475	Val Loss: 13.2713
2023-02-14 09:27:03,174  VAE Training   INFO  Validation loss decreased (13.271311 --> 12.848568).  Saving model ...
2023-02-14 09:27:03,235  VAE Training   INFO  Epoch: 7/50	Train Loss: 13.0286	Val Loss: 12.8486
2023-02-14 09:27:06,326  VAE Training   INFO  Validation loss decreased (12.848568 --> 12.526000).  Saving model ...
2023-02-14 09:27:06,389  VAE Training   INFO  Epoch: 8/50	Train Loss: 12.6570	Val Loss: 12.5260
2023-02-14 09:27:09,378  VAE Training   INFO  Validation loss decreased (12.526000 --> 12.306912).  Saving model ...
2023-02-14 09:27:09,462  VAE Training   INFO  Epoch: 9/50	Train Loss: 12.3847	Val Loss: 12.3069
2023-02-14 09:27:12,724  VAE Training   INFO  Validation loss decreased (12.306912 --> 12.159053).  Saving model ...
2023-02-14 09:27:12,770  VAE Training   INFO  Epoch: 10/50	Train Loss: 12.2027	Val Loss: 12.1591
2023-02-14 09:27:15,811  VAE Training   INFO  Validation loss decreased (12.159053 --> 12.016303).  Saving model ...
2023-02-14 09:27:15,850  VAE Training   INFO  Epoch: 11/50	Train Loss: 12.0662	Val Loss: 12.0163
2023-02-14 09:27:19,073  VAE Training   INFO  Validation loss decreased (12.016303 --> 11.922770).  Saving model ...
2023-02-14 09:27:19,132  VAE Training   INFO  Epoch: 12/50	Train Loss: 11.9606	Val Loss: 11.9228
2023-02-14 09:27:22,332  VAE Training   INFO  Validation loss decreased (11.922770 --> 11.761017).  Saving model ...
2023-02-14 09:27:22,378  VAE Training   INFO  Epoch: 13/50	Train Loss: 11.8547	Val Loss: 11.7610
2023-02-14 09:27:26,085  VAE Training   INFO  Validation loss decreased (11.761017 --> 11.717828).  Saving model ...
2023-02-14 09:27:26,124  VAE Training   INFO  Epoch: 14/50	Train Loss: 11.7358	Val Loss: 11.7178
2023-02-14 09:27:29,769  VAE Training   INFO  Validation loss decreased (11.717828 --> 11.594256).  Saving model ...
2023-02-14 09:27:29,800  VAE Training   INFO  Epoch: 15/50	Train Loss: 11.6375	Val Loss: 11.5943
2023-02-14 09:27:32,893  VAE Training   INFO  Validation loss decreased (11.594256 --> 11.444825).  Saving model ...
2023-02-14 09:27:32,951  VAE Training   INFO  Epoch: 16/50	Train Loss: 11.5250	Val Loss: 11.4448
2023-02-14 09:27:35,365  VAE Training   INFO  Validation loss decreased (11.444825 --> 11.344583).  Saving model ...
2023-02-14 09:27:35,463  VAE Training   INFO  Epoch: 17/50	Train Loss: 11.3899	Val Loss: 11.3446
2023-02-14 09:27:37,902  VAE Training   INFO  Validation loss decreased (11.344583 --> 11.239521).  Saving model ...
2023-02-14 09:27:37,975  VAE Training   INFO  Epoch: 18/50	Train Loss: 11.2649	Val Loss: 11.2395
2023-02-14 09:27:40,421  VAE Training   INFO  Validation loss decreased (11.239521 --> 11.175267).  Saving model ...
2023-02-14 09:27:40,478  VAE Training   INFO  Epoch: 19/50	Train Loss: 11.1601	Val Loss: 11.1753
2023-02-14 09:27:43,557  VAE Training   INFO  Validation loss decreased (11.175267 --> 11.012690).  Saving model ...
2023-02-14 09:27:43,621  VAE Training   INFO  Epoch: 20/50	Train Loss: 11.0662	Val Loss: 11.0127
2023-02-14 09:27:46,609  VAE Training   INFO  Validation loss decreased (11.012690 --> 10.979853).  Saving model ...
2023-02-14 09:27:46,659  VAE Training   INFO  Epoch: 21/50	Train Loss: 10.9586	Val Loss: 10.9799
2023-02-14 09:27:49,701  VAE Training   INFO  Validation loss decreased (10.979853 --> 10.830893).  Saving model ...
2023-02-14 09:27:49,777  VAE Training   INFO  Epoch: 22/50	Train Loss: 10.8837	Val Loss: 10.8309
2023-02-14 09:27:52,775  VAE Training   INFO  Validation loss decreased (10.830893 --> 10.763501).  Saving model ...
2023-02-14 09:27:52,829  VAE Training   INFO  Epoch: 23/50	Train Loss: 10.8123	Val Loss: 10.7635
2023-02-14 09:27:55,826  VAE Training   INFO  EarlyStopping counter: 1 out of 7
2023-02-14 09:27:55,826  VAE Training   INFO  Epoch: 24/50	Train Loss: 10.7505	Val Loss: 10.7653
2023-02-14 09:27:58,812  VAE Training   INFO  Validation loss decreased (10.763501 --> 10.678615).  Saving model ...
2023-02-14 09:27:58,874  VAE Training   INFO  Epoch: 25/50	Train Loss: 10.6566	Val Loss: 10.6786
2023-02-14 09:28:01,810  VAE Training   INFO  Validation loss decreased (10.678615 --> 10.524129).  Saving model ...
2023-02-14 09:28:01,845  VAE Training   INFO  Epoch: 26/50	Train Loss: 10.5847	Val Loss: 10.5241
2023-02-14 09:28:04,860  VAE Training   INFO  Validation loss decreased (10.524129 --> 10.511611).  Saving model ...
2023-02-14 09:28:04,926  VAE Training   INFO  Epoch: 27/50	Train Loss: 10.5067	Val Loss: 10.5116
2023-02-14 09:28:08,110  VAE Training   INFO  Validation loss decreased (10.511611 --> 10.428422).  Saving model ...
2023-02-14 09:28:08,172  VAE Training   INFO  Epoch: 28/50	Train Loss: 10.4143	Val Loss: 10.4284
2023-02-14 09:28:11,328  VAE Training   INFO  Validation loss decreased (10.428422 --> 10.263583).  Saving model ...
2023-02-14 09:28:11,345  VAE Training   INFO  Epoch: 29/50	Train Loss: 10.3262	Val Loss: 10.2636
2023-02-14 09:28:14,564  VAE Training   INFO  Validation loss decreased (10.263583 --> 10.170751).  Saving model ...
2023-02-14 09:28:14,625  VAE Training   INFO  Epoch: 30/50	Train Loss: 10.2151	Val Loss: 10.1708
2023-02-14 09:28:17,740  VAE Training   INFO  Validation loss decreased (10.170751 --> 10.114699).  Saving model ...
2023-02-14 09:28:17,785  VAE Training   INFO  Epoch: 31/50	Train Loss: 10.1014	Val Loss: 10.1147
2023-02-14 09:28:20,809  VAE Training   INFO  Validation loss decreased (10.114699 --> 9.981698).  Saving model ...
2023-02-14 09:28:20,883  VAE Training   INFO  Epoch: 32/50	Train Loss: 10.0071	Val Loss: 9.9817
2023-02-14 09:28:24,232  VAE Training   INFO  Validation loss decreased (9.981698 --> 9.892889).  Saving model ...
2023-02-14 09:28:24,290  VAE Training   INFO  Epoch: 33/50	Train Loss: 9.9196	Val Loss: 9.8929
2023-02-14 09:28:27,351  VAE Training   INFO  Validation loss decreased (9.892889 --> 9.827659).  Saving model ...
2023-02-14 09:28:27,392  VAE Training   INFO  Epoch: 34/50	Train Loss: 9.8333	Val Loss: 9.8277
2023-02-14 09:28:30,410  VAE Training   INFO  Validation loss decreased (9.827659 --> 9.818915).  Saving model ...
2023-02-14 09:28:30,468  VAE Training   INFO  Epoch: 35/50	Train Loss: 9.7766	Val Loss: 9.8189
2023-02-14 09:28:33,642  VAE Training   INFO  Validation loss decreased (9.818915 --> 9.684533).  Saving model ...
2023-02-14 09:28:33,693  VAE Training   INFO  Epoch: 36/50	Train Loss: 9.7295	Val Loss: 9.6845
2023-02-14 09:28:37,408  VAE Training   INFO  EarlyStopping counter: 1 out of 7
2023-02-14 09:28:37,408  VAE Training   INFO  Epoch: 37/50	Train Loss: 9.6789	Val Loss: 9.7079
2023-02-14 09:28:40,538  VAE Training   INFO  Validation loss decreased (9.684533 --> 9.647806).  Saving model ...
2023-02-14 09:28:40,603  VAE Training   INFO  Epoch: 38/50	Train Loss: 9.6075	Val Loss: 9.6478
2023-02-14 09:28:43,923  VAE Training   INFO  Validation loss decreased (9.647806 --> 9.591721).  Saving model ...
2023-02-14 09:28:43,981  VAE Training   INFO  Epoch: 39/50	Train Loss: 9.5657	Val Loss: 9.5917
2023-02-14 09:28:47,168  VAE Training   INFO  Validation loss decreased (9.591721 --> 9.519544).  Saving model ...
2023-02-14 09:28:47,189  VAE Training   INFO  Epoch: 40/50	Train Loss: 9.5128	Val Loss: 9.5195
2023-02-14 09:28:50,641  VAE Training   INFO  Validation loss decreased (9.519544 --> 9.475188).  Saving model ...
2023-02-14 09:28:50,686  VAE Training   INFO  Epoch: 41/50	Train Loss: 9.4850	Val Loss: 9.4752
2023-02-14 09:28:53,718  VAE Training   INFO  Validation loss decreased (9.475188 --> 9.469474).  Saving model ...
2023-02-14 09:28:53,779  VAE Training   INFO  Epoch: 42/50	Train Loss: 9.4340	Val Loss: 9.4695
2023-02-14 09:28:56,921  VAE Training   INFO  Validation loss decreased (9.469474 --> 9.362401).  Saving model ...
2023-02-14 09:28:56,979  VAE Training   INFO  Epoch: 43/50	Train Loss: 9.3928	Val Loss: 9.3624
2023-02-14 09:29:00,324  VAE Training   INFO  EarlyStopping counter: 1 out of 7
2023-02-14 09:29:00,324  VAE Training   INFO  Epoch: 44/50	Train Loss: 9.3574	Val Loss: 9.4070
2023-02-14 09:29:03,569  VAE Training   INFO  Validation loss decreased (9.362401 --> 9.351727).  Saving model ...
2023-02-14 09:29:03,638  VAE Training   INFO  Epoch: 45/50	Train Loss: 9.3338	Val Loss: 9.3517
2023-02-14 09:29:06,728  VAE Training   INFO  Validation loss decreased (9.351727 --> 9.328644).  Saving model ...
2023-02-14 09:29:06,752  VAE Training   INFO  Epoch: 46/50	Train Loss: 9.2955	Val Loss: 9.3286
2023-02-14 09:29:09,930  VAE Training   INFO  Validation loss decreased (9.328644 --> 9.302027).  Saving model ...
2023-02-14 09:29:09,970  VAE Training   INFO  Epoch: 47/50	Train Loss: 9.2809	Val Loss: 9.3020
2023-02-14 09:29:13,124  VAE Training   INFO  Validation loss decreased (9.302027 --> 9.251810).  Saving model ...
2023-02-14 09:29:13,160  VAE Training   INFO  Epoch: 48/50	Train Loss: 9.2707	Val Loss: 9.2518
2023-02-14 09:29:16,473  VAE Training   INFO  EarlyStopping counter: 1 out of 7
2023-02-14 09:29:16,474  VAE Training   INFO  Epoch: 49/50	Train Loss: 9.2110	Val Loss: 9.2692
2023-02-14 09:29:19,487  VAE Training   INFO  Validation loss decreased (9.251810 --> 9.217107).  Saving model ...
2023-02-14 09:29:19,555  VAE Training   INFO  Epoch: 50/50	Train Loss: 9.1870	Val Loss: 9.2171
2023-02-14 09:29:19,565  matplotlib.pyplot  DEBUG  Loaded backend agg version unknown.
