2023-02-14 09:30:18,988  VAE Training   INFO  Run Number: full
2023-02-14 09:30:24,602  VAE Training   INFO  Validation loss decreased (inf --> 16.262630).  Saving model ...
2023-02-14 09:30:24,656  VAE Training   INFO  Epoch: 1/150	Train Loss: 19.9217	Val Loss: 16.2626
2023-02-14 09:30:27,621  VAE Training   INFO  Validation loss decreased (16.262630 --> 15.264633).  Saving model ...
2023-02-14 09:30:27,689  VAE Training   INFO  Epoch: 2/150	Train Loss: 15.8968	Val Loss: 15.2646
2023-02-14 09:30:30,708  VAE Training   INFO  Validation loss decreased (15.264633 --> 14.624347).  Saving model ...
2023-02-14 09:30:30,767  VAE Training   INFO  Epoch: 3/150	Train Loss: 14.8693	Val Loss: 14.6243
2023-02-14 09:30:33,929  VAE Training   INFO  Validation loss decreased (14.624347 --> 14.281192).  Saving model ...
2023-02-14 09:30:33,979  VAE Training   INFO  Epoch: 4/150	Train Loss: 14.4274	Val Loss: 14.2812
2023-02-14 09:30:36,952  VAE Training   INFO  Validation loss decreased (14.281192 --> 13.746974).  Saving model ...
2023-02-14 09:30:37,010  VAE Training   INFO  Epoch: 5/150	Train Loss: 14.0239	Val Loss: 13.7470
2023-02-14 09:30:39,981  VAE Training   INFO  Validation loss decreased (13.746974 --> 13.133378).  Saving model ...
2023-02-14 09:30:40,032  VAE Training   INFO  Epoch: 6/150	Train Loss: 13.3870	Val Loss: 13.1334
2023-02-14 09:30:43,017  VAE Training   INFO  Validation loss decreased (13.133378 --> 12.726932).  Saving model ...
2023-02-14 09:30:43,080  VAE Training   INFO  Epoch: 7/150	Train Loss: 12.8991	Val Loss: 12.7269
2023-02-14 09:30:46,495  VAE Training   INFO  Validation loss decreased (12.726932 --> 12.346210).  Saving model ...
2023-02-14 09:30:46,553  VAE Training   INFO  Epoch: 8/150	Train Loss: 12.5014	Val Loss: 12.3462
2023-02-14 09:30:50,056  VAE Training   INFO  Validation loss decreased (12.346210 --> 12.126420).  Saving model ...
2023-02-14 09:30:50,092  VAE Training   INFO  Epoch: 9/150	Train Loss: 12.2231	Val Loss: 12.1264
2023-02-14 09:30:53,282  VAE Training   INFO  Validation loss decreased (12.126420 --> 11.928578).  Saving model ...
2023-02-14 09:30:53,346  VAE Training   INFO  Epoch: 10/150	Train Loss: 12.0166	Val Loss: 11.9286
2023-02-14 09:30:56,526  VAE Training   INFO  Validation loss decreased (11.928578 --> 11.742712).  Saving model ...
2023-02-14 09:30:56,574  VAE Training   INFO  Epoch: 11/150	Train Loss: 11.8011	Val Loss: 11.7427
2023-02-14 09:31:00,309  VAE Training   INFO  Validation loss decreased (11.742712 --> 11.576919).  Saving model ...
2023-02-14 09:31:00,346  VAE Training   INFO  Epoch: 12/150	Train Loss: 11.6358	Val Loss: 11.5769
2023-02-14 09:31:03,698  VAE Training   INFO  Validation loss decreased (11.576919 --> 11.432191).  Saving model ...
2023-02-14 09:31:03,757  VAE Training   INFO  Epoch: 13/150	Train Loss: 11.4922	Val Loss: 11.4322
2023-02-14 09:31:06,903  VAE Training   INFO  Validation loss decreased (11.432191 --> 11.309044).  Saving model ...
2023-02-14 09:31:06,953  VAE Training   INFO  Epoch: 14/150	Train Loss: 11.3541	Val Loss: 11.3090
2023-02-14 09:31:09,957  VAE Training   INFO  Validation loss decreased (11.309044 --> 11.190770).  Saving model ...
2023-02-14 09:31:09,979  VAE Training   INFO  Epoch: 15/150	Train Loss: 11.2361	Val Loss: 11.1908
2023-02-14 09:31:12,981  VAE Training   INFO  Validation loss decreased (11.190770 --> 11.125310).  Saving model ...
2023-02-14 09:31:13,045  VAE Training   INFO  Epoch: 16/150	Train Loss: 11.1083	Val Loss: 11.1253
2023-02-14 09:31:16,005  VAE Training   INFO  Validation loss decreased (11.125310 --> 10.983735).  Saving model ...
2023-02-14 09:31:16,041  VAE Training   INFO  Epoch: 17/150	Train Loss: 11.0087	Val Loss: 10.9837
2023-02-14 09:31:18,975  VAE Training   INFO  Validation loss decreased (10.983735 --> 10.899442).  Saving model ...
2023-02-14 09:31:19,029  VAE Training   INFO  Epoch: 18/150	Train Loss: 10.9176	Val Loss: 10.8994
2023-02-14 09:31:22,083  VAE Training   INFO  Validation loss decreased (10.899442 --> 10.767227).  Saving model ...
2023-02-14 09:31:22,146  VAE Training   INFO  Epoch: 19/150	Train Loss: 10.8213	Val Loss: 10.7672
2023-02-14 09:31:25,181  VAE Training   INFO  Validation loss decreased (10.767227 --> 10.715082).  Saving model ...
2023-02-14 09:31:25,304  VAE Training   INFO  Epoch: 20/150	Train Loss: 10.7272	Val Loss: 10.7151
2023-02-14 09:31:28,247  VAE Training   INFO  Validation loss decreased (10.715082 --> 10.655610).  Saving model ...
2023-02-14 09:31:28,305  VAE Training   INFO  Epoch: 21/150	Train Loss: 10.6710	Val Loss: 10.6556
2023-02-14 09:31:31,465  VAE Training   INFO  Validation loss decreased (10.655610 --> 10.520466).  Saving model ...
2023-02-14 09:31:31,514  VAE Training   INFO  Epoch: 22/150	Train Loss: 10.5534	Val Loss: 10.5205
2023-02-14 09:31:35,212  VAE Training   INFO  Validation loss decreased (10.520466 --> 10.459514).  Saving model ...
2023-02-14 09:31:35,230  VAE Training   INFO  Epoch: 23/150	Train Loss: 10.4913	Val Loss: 10.4595
2023-02-14 09:31:38,445  VAE Training   INFO  Validation loss decreased (10.459514 --> 10.375128).  Saving model ...
2023-02-14 09:31:38,495  VAE Training   INFO  Epoch: 24/150	Train Loss: 10.3963	Val Loss: 10.3751
2023-02-14 09:31:41,774  VAE Training   INFO  Validation loss decreased (10.375128 --> 10.328334).  Saving model ...
2023-02-14 09:31:41,818  VAE Training   INFO  Epoch: 25/150	Train Loss: 10.3162	Val Loss: 10.3283
2023-02-14 09:31:44,906  VAE Training   INFO  Validation loss decreased (10.328334 --> 10.241976).  Saving model ...
2023-02-14 09:31:44,962  VAE Training   INFO  Epoch: 26/150	Train Loss: 10.2579	Val Loss: 10.2420
2023-02-14 09:31:47,964  VAE Training   INFO  Validation loss decreased (10.241976 --> 10.168691).  Saving model ...
2023-02-14 09:31:48,019  VAE Training   INFO  Epoch: 27/150	Train Loss: 10.1874	Val Loss: 10.1687
2023-02-14 09:31:51,029  VAE Training   INFO  Validation loss decreased (10.168691 --> 10.104117).  Saving model ...
2023-02-14 09:31:51,072  VAE Training   INFO  Epoch: 28/150	Train Loss: 10.1238	Val Loss: 10.1041
2023-02-14 09:31:54,023  VAE Training   INFO  Validation loss decreased (10.104117 --> 10.059871).  Saving model ...
2023-02-14 09:31:54,080  VAE Training   INFO  Epoch: 29/150	Train Loss: 10.0367	Val Loss: 10.0599
2023-02-14 09:31:56,539  VAE Training   INFO  Validation loss decreased (10.059871 --> 9.976746).  Saving model ...
2023-02-14 09:31:56,612  VAE Training   INFO  Epoch: 30/150	Train Loss: 9.9878	Val Loss: 9.9767
2023-02-14 09:31:59,515  VAE Training   INFO  EarlyStopping counter: 1 out of 7
2023-02-14 09:31:59,515  VAE Training   INFO  Epoch: 31/150	Train Loss: 9.9418	Val Loss: 10.0204
2023-02-14 09:32:02,519  VAE Training   INFO  Validation loss decreased (9.976746 --> 9.960394).  Saving model ...
2023-02-14 09:32:02,558  VAE Training   INFO  Epoch: 32/150	Train Loss: 9.8845	Val Loss: 9.9604
2023-02-14 09:32:05,570  VAE Training   INFO  Validation loss decreased (9.960394 --> 9.848932).  Saving model ...
2023-02-14 09:32:05,629  VAE Training   INFO  Epoch: 33/150	Train Loss: 9.8281	Val Loss: 9.8489
2023-02-14 09:32:08,576  VAE Training   INFO  Validation loss decreased (9.848932 --> 9.839412).  Saving model ...
2023-02-14 09:32:08,626  VAE Training   INFO  Epoch: 34/150	Train Loss: 9.7697	Val Loss: 9.8394
2023-02-14 09:32:11,598  VAE Training   INFO  Validation loss decreased (9.839412 --> 9.792468).  Saving model ...
2023-02-14 09:32:11,644  VAE Training   INFO  Epoch: 35/150	Train Loss: 9.7162	Val Loss: 9.7925
2023-02-14 09:32:14,588  VAE Training   INFO  Validation loss decreased (9.792468 --> 9.753825).  Saving model ...
2023-02-14 09:32:14,633  VAE Training   INFO  Epoch: 36/150	Train Loss: 9.6950	Val Loss: 9.7538
2023-02-14 09:32:17,651  VAE Training   INFO  Validation loss decreased (9.753825 --> 9.678732).  Saving model ...
2023-02-14 09:32:17,689  VAE Training   INFO  Epoch: 37/150	Train Loss: 9.6479	Val Loss: 9.6787
2023-02-14 09:32:21,117  VAE Training   INFO  Validation loss decreased (9.678732 --> 9.603795).  Saving model ...
2023-02-14 09:32:21,176  VAE Training   INFO  Epoch: 38/150	Train Loss: 9.5970	Val Loss: 9.6038
2023-02-14 09:32:24,713  VAE Training   INFO  EarlyStopping counter: 1 out of 7
2023-02-14 09:32:24,713  VAE Training   INFO  Epoch: 39/150	Train Loss: 9.5585	Val Loss: 9.6177
2023-02-14 09:32:28,399  VAE Training   INFO  Validation loss decreased (9.603795 --> 9.567441).  Saving model ...
2023-02-14 09:32:28,439  VAE Training   INFO  Epoch: 40/150	Train Loss: 9.5146	Val Loss: 9.5674
2023-02-14 09:32:31,973  VAE Training   INFO  Validation loss decreased (9.567441 --> 9.490219).  Saving model ...
2023-02-14 09:32:32,023  VAE Training   INFO  Epoch: 41/150	Train Loss: 9.4729	Val Loss: 9.4902
2023-02-14 09:32:35,137  VAE Training   INFO  Validation loss decreased (9.490219 --> 9.477597).  Saving model ...
2023-02-14 09:32:35,204  VAE Training   INFO  Epoch: 42/150	Train Loss: 9.4263	Val Loss: 9.4776
2023-02-14 09:32:38,205  VAE Training   INFO  Validation loss decreased (9.477597 --> 9.421017).  Saving model ...
2023-02-14 09:32:38,249  VAE Training   INFO  Epoch: 43/150	Train Loss: 9.4111	Val Loss: 9.4210
2023-02-14 09:32:41,249  VAE Training   INFO  Validation loss decreased (9.421017 --> 9.405157).  Saving model ...
2023-02-14 09:32:41,300  VAE Training   INFO  Epoch: 44/150	Train Loss: 9.3612	Val Loss: 9.4052
2023-02-14 09:32:44,353  VAE Training   INFO  Validation loss decreased (9.405157 --> 9.336638).  Saving model ...
2023-02-14 09:32:44,412  VAE Training   INFO  Epoch: 45/150	Train Loss: 9.3348	Val Loss: 9.3366
2023-02-14 09:32:48,014  VAE Training   INFO  Validation loss decreased (9.336638 --> 9.323677).  Saving model ...
2023-02-14 09:32:48,082  VAE Training   INFO  Epoch: 46/150	Train Loss: 9.2983	Val Loss: 9.3237
2023-02-14 09:32:51,760  VAE Training   INFO  Validation loss decreased (9.323677 --> 9.290103).  Saving model ...
2023-02-14 09:32:51,814  VAE Training   INFO  Epoch: 47/150	Train Loss: 9.2632	Val Loss: 9.2901
2023-02-14 09:32:55,480  VAE Training   INFO  Validation loss decreased (9.290103 --> 9.285515).  Saving model ...
2023-02-14 09:32:55,544  VAE Training   INFO  Epoch: 48/150	Train Loss: 9.2292	Val Loss: 9.2855
2023-02-14 09:32:58,734  VAE Training   INFO  Validation loss decreased (9.285515 --> 9.245676).  Saving model ...
2023-02-14 09:32:58,778  VAE Training   INFO  Epoch: 49/150	Train Loss: 9.1851	Val Loss: 9.2457
2023-02-14 09:33:01,836  VAE Training   INFO  Validation loss decreased (9.245676 --> 9.173723).  Saving model ...
2023-02-14 09:33:01,893  VAE Training   INFO  Epoch: 50/150	Train Loss: 9.1715	Val Loss: 9.1737
2023-02-14 09:33:04,930  VAE Training   INFO  Validation loss decreased (9.173723 --> 9.138339).  Saving model ...
2023-02-14 09:33:04,990  VAE Training   INFO  Epoch: 51/150	Train Loss: 9.1273	Val Loss: 9.1383
2023-02-14 09:33:08,146  VAE Training   INFO  Validation loss decreased (9.138339 --> 9.063614).  Saving model ...
2023-02-14 09:33:08,199  VAE Training   INFO  Epoch: 52/150	Train Loss: 9.0655	Val Loss: 9.0636
2023-02-14 09:33:11,300  VAE Training   INFO  Validation loss decreased (9.063614 --> 9.012936).  Saving model ...
2023-02-14 09:33:11,355  VAE Training   INFO  Epoch: 53/150	Train Loss: 9.0030	Val Loss: 9.0129
2023-02-14 09:33:14,527  VAE Training   INFO  Validation loss decreased (9.012936 --> 8.981220).  Saving model ...
2023-02-14 09:33:14,561  VAE Training   INFO  Epoch: 54/150	Train Loss: 8.9563	Val Loss: 8.9812
2023-02-14 09:33:17,664  VAE Training   INFO  Validation loss decreased (8.981220 --> 8.929204).  Saving model ...
2023-02-14 09:33:17,679  VAE Training   INFO  Epoch: 55/150	Train Loss: 8.9293	Val Loss: 8.9292
2023-02-14 09:33:20,759  VAE Training   INFO  EarlyStopping counter: 1 out of 7
2023-02-14 09:33:20,760  VAE Training   INFO  Epoch: 56/150	Train Loss: 8.8981	Val Loss: 8.9392
2023-02-14 09:33:23,993  VAE Training   INFO  Validation loss decreased (8.929204 --> 8.889854).  Saving model ...
2023-02-14 09:33:24,016  VAE Training   INFO  Epoch: 57/150	Train Loss: 8.8545	Val Loss: 8.8899
2023-02-14 09:33:26,997  VAE Training   INFO  Validation loss decreased (8.889854 --> 8.878171).  Saving model ...
2023-02-14 09:33:27,053  VAE Training   INFO  Epoch: 58/150	Train Loss: 8.8305	Val Loss: 8.8782
2023-02-14 09:33:30,217  VAE Training   INFO  Validation loss decreased (8.878171 --> 8.857450).  Saving model ...
2023-02-14 09:33:30,266  VAE Training   INFO  Epoch: 59/150	Train Loss: 8.8040	Val Loss: 8.8574
2023-02-14 09:33:33,404  VAE Training   INFO  Validation loss decreased (8.857450 --> 8.798813).  Saving model ...
2023-02-14 09:33:33,428  VAE Training   INFO  Epoch: 60/150	Train Loss: 8.7745	Val Loss: 8.7988
2023-02-14 09:33:36,662  VAE Training   INFO  EarlyStopping counter: 1 out of 7
2023-02-14 09:33:36,662  VAE Training   INFO  Epoch: 61/150	Train Loss: 8.7543	Val Loss: 8.8112
2023-02-14 09:33:39,915  VAE Training   INFO  Validation loss decreased (8.798813 --> 8.771740).  Saving model ...
2023-02-14 09:33:39,968  VAE Training   INFO  Epoch: 62/150	Train Loss: 8.7143	Val Loss: 8.7717
2023-02-14 09:33:43,253  VAE Training   INFO  Validation loss decreased (8.771740 --> 8.727545).  Saving model ...
2023-02-14 09:33:43,274  VAE Training   INFO  Epoch: 63/150	Train Loss: 8.7010	Val Loss: 8.7275
2023-02-14 09:33:46,353  VAE Training   INFO  Validation loss decreased (8.727545 --> 8.723924).  Saving model ...
2023-02-14 09:33:46,400  VAE Training   INFO  Epoch: 64/150	Train Loss: 8.6708	Val Loss: 8.7239
2023-02-14 09:33:49,381  VAE Training   INFO  Validation loss decreased (8.723924 --> 8.710105).  Saving model ...
2023-02-14 09:33:49,431  VAE Training   INFO  Epoch: 65/150	Train Loss: 8.6815	Val Loss: 8.7101
2023-02-14 09:33:52,614  VAE Training   INFO  Validation loss decreased (8.710105 --> 8.693320).  Saving model ...
2023-02-14 09:33:52,681  VAE Training   INFO  Epoch: 66/150	Train Loss: 8.6362	Val Loss: 8.6933
2023-02-14 09:33:55,741  VAE Training   INFO  Validation loss decreased (8.693320 --> 8.626157).  Saving model ...
2023-02-14 09:33:55,797  VAE Training   INFO  Epoch: 67/150	Train Loss: 8.6241	Val Loss: 8.6262
2023-02-14 09:33:59,563  VAE Training   INFO  EarlyStopping counter: 1 out of 7
2023-02-14 09:33:59,564  VAE Training   INFO  Epoch: 68/150	Train Loss: 8.6123	Val Loss: 8.6371
2023-02-14 09:34:02,994  VAE Training   INFO  EarlyStopping counter: 2 out of 7
2023-02-14 09:34:02,994  VAE Training   INFO  Epoch: 69/150	Train Loss: 8.5881	Val Loss: 8.6317
2023-02-14 09:34:06,690  VAE Training   INFO  Validation loss decreased (8.626157 --> 8.622631).  Saving model ...
2023-02-14 09:34:06,756  VAE Training   INFO  Epoch: 70/150	Train Loss: 8.5634	Val Loss: 8.6226
2023-02-14 09:34:10,365  VAE Training   INFO  Validation loss decreased (8.622631 --> 8.588048).  Saving model ...
2023-02-14 09:34:10,411  VAE Training   INFO  Epoch: 71/150	Train Loss: 8.5464	Val Loss: 8.5880
2023-02-14 09:34:13,423  VAE Training   INFO  Validation loss decreased (8.588048 --> 8.558239).  Saving model ...
2023-02-14 09:34:13,475  VAE Training   INFO  Epoch: 72/150	Train Loss: 8.5321	Val Loss: 8.5582
2023-02-14 09:34:17,102  VAE Training   INFO  Validation loss decreased (8.558239 --> 8.539235).  Saving model ...
2023-02-14 09:34:17,140  VAE Training   INFO  Epoch: 73/150	Train Loss: 8.5210	Val Loss: 8.5392
2023-02-14 09:34:20,556  VAE Training   INFO  Validation loss decreased (8.539235 --> 8.536206).  Saving model ...
2023-02-14 09:34:20,579  VAE Training   INFO  Epoch: 74/150	Train Loss: 8.5104	Val Loss: 8.5362
2023-02-14 09:34:23,530  VAE Training   INFO  Validation loss decreased (8.536206 --> 8.479092).  Saving model ...
2023-02-14 09:34:23,601  VAE Training   INFO  Epoch: 75/150	Train Loss: 8.4788	Val Loss: 8.4791
2023-02-14 09:34:26,699  VAE Training   INFO  EarlyStopping counter: 1 out of 7
2023-02-14 09:34:26,699  VAE Training   INFO  Epoch: 76/150	Train Loss: 8.4731	Val Loss: 8.5360
2023-02-14 09:34:29,874  VAE Training   INFO  EarlyStopping counter: 2 out of 7
2023-02-14 09:34:29,875  VAE Training   INFO  Epoch: 77/150	Train Loss: 8.4358	Val Loss: 8.4945
2023-02-14 09:34:32,844  VAE Training   INFO  Validation loss decreased (8.479092 --> 8.470495).  Saving model ...
2023-02-14 09:34:32,888  VAE Training   INFO  Epoch: 78/150	Train Loss: 8.4376	Val Loss: 8.4705
2023-02-14 09:34:36,500  VAE Training   INFO  Validation loss decreased (8.470495 --> 8.465878).  Saving model ...
2023-02-14 09:34:36,553  VAE Training   INFO  Epoch: 79/150	Train Loss: 8.4072	Val Loss: 8.4659
2023-02-14 09:34:40,155  VAE Training   INFO  Validation loss decreased (8.465878 --> 8.410368).  Saving model ...
2023-02-14 09:34:40,186  VAE Training   INFO  Epoch: 80/150	Train Loss: 8.4042	Val Loss: 8.4104
2023-02-14 09:34:43,304  VAE Training   INFO  EarlyStopping counter: 1 out of 7
2023-02-14 09:34:43,305  VAE Training   INFO  Epoch: 81/150	Train Loss: 8.3786	Val Loss: 8.4448
2023-02-14 09:34:46,316  VAE Training   INFO  Validation loss decreased (8.410368 --> 8.379295).  Saving model ...
2023-02-14 09:34:46,356  VAE Training   INFO  Epoch: 82/150	Train Loss: 8.3684	Val Loss: 8.3793
2023-02-14 09:34:49,526  VAE Training   INFO  Validation loss decreased (8.379295 --> 8.369347).  Saving model ...
2023-02-14 09:34:49,585  VAE Training   INFO  Epoch: 83/150	Train Loss: 8.3573	Val Loss: 8.3693
2023-02-14 09:34:52,547  VAE Training   INFO  Validation loss decreased (8.369347 --> 8.349841).  Saving model ...
2023-02-14 09:34:52,611  VAE Training   INFO  Epoch: 84/150	Train Loss: 8.3177	Val Loss: 8.3498
2023-02-14 09:34:55,829  VAE Training   INFO  Validation loss decreased (8.349841 --> 8.346720).  Saving model ...
2023-02-14 09:34:55,856  VAE Training   INFO  Epoch: 85/150	Train Loss: 8.3152	Val Loss: 8.3467
2023-02-14 09:34:58,849  VAE Training   INFO  Validation loss decreased (8.346720 --> 8.328429).  Saving model ...
2023-02-14 09:34:58,900  VAE Training   INFO  Epoch: 86/150	Train Loss: 8.2977	Val Loss: 8.3284
2023-02-14 09:35:01,824  VAE Training   INFO  Validation loss decreased (8.328429 --> 8.287844).  Saving model ...
2023-02-14 09:35:01,877  VAE Training   INFO  Epoch: 87/150	Train Loss: 8.2713	Val Loss: 8.2878
2023-02-14 09:35:05,035  VAE Training   INFO  EarlyStopping counter: 1 out of 7
2023-02-14 09:35:05,035  VAE Training   INFO  Epoch: 88/150	Train Loss: 8.2596	Val Loss: 8.2969
2023-02-14 09:35:08,014  VAE Training   INFO  EarlyStopping counter: 2 out of 7
2023-02-14 09:35:08,014  VAE Training   INFO  Epoch: 89/150	Train Loss: 8.2502	Val Loss: 8.2967
2023-02-14 09:35:11,307  VAE Training   INFO  Validation loss decreased (8.287844 --> 8.264746).  Saving model ...
2023-02-14 09:35:11,364  VAE Training   INFO  Epoch: 90/150	Train Loss: 8.2226	Val Loss: 8.2647
2023-02-14 09:35:15,036  VAE Training   INFO  Validation loss decreased (8.264746 --> 8.236994).  Saving model ...
2023-02-14 09:35:15,099  VAE Training   INFO  Epoch: 91/150	Train Loss: 8.2129	Val Loss: 8.2370
2023-02-14 09:35:18,293  VAE Training   INFO  EarlyStopping counter: 1 out of 7
2023-02-14 09:35:18,293  VAE Training   INFO  Epoch: 92/150	Train Loss: 8.2020	Val Loss: 8.2371
2023-02-14 09:35:21,460  VAE Training   INFO  Validation loss decreased (8.236994 --> 8.229381).  Saving model ...
2023-02-14 09:35:21,487  VAE Training   INFO  Epoch: 93/150	Train Loss: 8.1907	Val Loss: 8.2294
2023-02-14 09:35:24,691  VAE Training   INFO  Validation loss decreased (8.229381 --> 8.199280).  Saving model ...
2023-02-14 09:35:24,757  VAE Training   INFO  Epoch: 94/150	Train Loss: 8.1598	Val Loss: 8.1993
2023-02-14 09:35:28,005  VAE Training   INFO  Validation loss decreased (8.199280 --> 8.190166).  Saving model ...
2023-02-14 09:35:28,115  VAE Training   INFO  Epoch: 95/150	Train Loss: 8.1570	Val Loss: 8.1902
2023-02-14 09:35:31,128  VAE Training   INFO  EarlyStopping counter: 1 out of 7
2023-02-14 09:35:31,128  VAE Training   INFO  Epoch: 96/150	Train Loss: 8.1482	Val Loss: 8.1995
2023-02-14 09:35:34,438  VAE Training   INFO  Validation loss decreased (8.190166 --> 8.159967).  Saving model ...
2023-02-14 09:35:34,492  VAE Training   INFO  Epoch: 97/150	Train Loss: 8.1501	Val Loss: 8.1600
2023-02-14 09:35:38,178  VAE Training   INFO  EarlyStopping counter: 1 out of 7
2023-02-14 09:35:38,178  VAE Training   INFO  Epoch: 98/150	Train Loss: 8.1050	Val Loss: 8.1735
2023-02-14 09:35:41,540  VAE Training   INFO  Validation loss decreased (8.159967 --> 8.145488).  Saving model ...
2023-02-14 09:35:41,566  VAE Training   INFO  Epoch: 99/150	Train Loss: 8.1118	Val Loss: 8.1455
2023-02-14 09:35:44,543  VAE Training   INFO  EarlyStopping counter: 1 out of 7
2023-02-14 09:35:44,543  VAE Training   INFO  Epoch: 100/150	Train Loss: 8.0890	Val Loss: 8.1560
2023-02-14 09:35:47,509  VAE Training   INFO  Validation loss decreased (8.145488 --> 8.089584).  Saving model ...
2023-02-14 09:35:47,572  VAE Training   INFO  Epoch: 101/150	Train Loss: 8.0878	Val Loss: 8.0896
2023-02-14 09:35:50,593  VAE Training   INFO  Validation loss decreased (8.089584 --> 8.082058).  Saving model ...
2023-02-14 09:35:50,651  VAE Training   INFO  Epoch: 102/150	Train Loss: 8.0843	Val Loss: 8.0821
2023-02-14 09:35:53,848  VAE Training   INFO  EarlyStopping counter: 1 out of 7
2023-02-14 09:35:53,849  VAE Training   INFO  Epoch: 103/150	Train Loss: 8.0776	Val Loss: 8.0861
2023-02-14 09:35:56,939  VAE Training   INFO  EarlyStopping counter: 2 out of 7
2023-02-14 09:35:56,940  VAE Training   INFO  Epoch: 104/150	Train Loss: 8.0564	Val Loss: 8.0966
2023-02-14 09:36:00,087  VAE Training   INFO  EarlyStopping counter: 3 out of 7
2023-02-14 09:36:00,087  VAE Training   INFO  Epoch: 105/150	Train Loss: 8.0501	Val Loss: 8.0901
2023-02-14 09:36:03,379  VAE Training   INFO  Validation loss decreased (8.082058 --> 8.062502).  Saving model ...
2023-02-14 09:36:03,440  VAE Training   INFO  Epoch: 106/150	Train Loss: 8.0309	Val Loss: 8.0625
2023-02-14 09:36:06,407  VAE Training   INFO  Validation loss decreased (8.062502 --> 8.060504).  Saving model ...
2023-02-14 09:36:06,465  VAE Training   INFO  Epoch: 107/150	Train Loss: 8.0312	Val Loss: 8.0605
2023-02-14 09:36:09,500  VAE Training   INFO  Validation loss decreased (8.060504 --> 8.057651).  Saving model ...
2023-02-14 09:36:09,548  VAE Training   INFO  Epoch: 108/150	Train Loss: 8.0250	Val Loss: 8.0577
2023-02-14 09:36:12,513  VAE Training   INFO  EarlyStopping counter: 1 out of 7
2023-02-14 09:36:12,513  VAE Training   INFO  Epoch: 109/150	Train Loss: 8.0015	Val Loss: 8.0672
2023-02-14 09:36:15,549  VAE Training   INFO  Validation loss decreased (8.057651 --> 8.031082).  Saving model ...
2023-02-14 09:36:15,595  VAE Training   INFO  Epoch: 110/150	Train Loss: 7.9916	Val Loss: 8.0311
2023-02-14 09:36:18,827  VAE Training   INFO  EarlyStopping counter: 1 out of 7
2023-02-14 09:36:18,827  VAE Training   INFO  Epoch: 111/150	Train Loss: 7.9922	Val Loss: 8.0563
2023-02-14 09:36:22,289  VAE Training   INFO  Validation loss decreased (8.031082 --> 8.017922).  Saving model ...
2023-02-14 09:36:22,308  VAE Training   INFO  Epoch: 112/150	Train Loss: 7.9710	Val Loss: 8.0179
2023-02-14 09:36:25,970  VAE Training   INFO  EarlyStopping counter: 1 out of 7
2023-02-14 09:36:25,971  VAE Training   INFO  Epoch: 113/150	Train Loss: 7.9735	Val Loss: 8.0362
2023-02-14 09:36:29,714  VAE Training   INFO  Validation loss decreased (8.017922 --> 8.012902).  Saving model ...
2023-02-14 09:36:29,775  VAE Training   INFO  Epoch: 114/150	Train Loss: 7.9651	Val Loss: 8.0129
2023-02-14 09:36:33,332  VAE Training   INFO  EarlyStopping counter: 1 out of 7
2023-02-14 09:36:33,332  VAE Training   INFO  Epoch: 115/150	Train Loss: 7.9565	Val Loss: 8.0136
2023-02-14 09:36:36,522  VAE Training   INFO  Validation loss decreased (8.012902 --> 7.986699).  Saving model ...
2023-02-14 09:36:36,572  VAE Training   INFO  Epoch: 116/150	Train Loss: 7.9521	Val Loss: 7.9867
2023-02-14 09:36:39,550  VAE Training   INFO  EarlyStopping counter: 1 out of 7
2023-02-14 09:36:39,550  VAE Training   INFO  Epoch: 117/150	Train Loss: 7.9469	Val Loss: 8.0246
2023-02-14 09:36:42,536  VAE Training   INFO  Validation loss decreased (7.986699 --> 7.951331).  Saving model ...
2023-02-14 09:36:42,585  VAE Training   INFO  Epoch: 118/150	Train Loss: 7.9196	Val Loss: 7.9513
2023-02-14 09:36:45,662  VAE Training   INFO  EarlyStopping counter: 1 out of 7
2023-02-14 09:36:45,662  VAE Training   INFO  Epoch: 119/150	Train Loss: 7.9304	Val Loss: 7.9517
2023-02-14 09:36:48,659  VAE Training   INFO  EarlyStopping counter: 2 out of 7
2023-02-14 09:36:48,659  VAE Training   INFO  Epoch: 120/150	Train Loss: 7.9083	Val Loss: 7.9635
2023-02-14 09:36:51,771  VAE Training   INFO  EarlyStopping counter: 3 out of 7
2023-02-14 09:36:51,771  VAE Training   INFO  Epoch: 121/150	Train Loss: 7.9044	Val Loss: 7.9713
2023-02-14 09:36:55,463  VAE Training   INFO  Validation loss decreased (7.951331 --> 7.928855).  Saving model ...
2023-02-14 09:36:55,526  VAE Training   INFO  Epoch: 122/150	Train Loss: 7.8986	Val Loss: 7.9289
2023-02-14 09:36:59,193  VAE Training   INFO  Validation loss decreased (7.928855 --> 7.900953).  Saving model ...
2023-02-14 09:36:59,256  VAE Training   INFO  Epoch: 123/150	Train Loss: 7.8822	Val Loss: 7.9010
2023-02-14 09:37:02,774  VAE Training   INFO  EarlyStopping counter: 1 out of 7
2023-02-14 09:37:02,774  VAE Training   INFO  Epoch: 124/150	Train Loss: 7.8876	Val Loss: 7.9566
2023-02-14 09:37:06,493  VAE Training   INFO  EarlyStopping counter: 2 out of 7
2023-02-14 09:37:06,493  VAE Training   INFO  Epoch: 125/150	Train Loss: 7.8678	Val Loss: 7.9280
2023-02-14 09:37:09,815  VAE Training   INFO  EarlyStopping counter: 3 out of 7
2023-02-14 09:37:09,816  VAE Training   INFO  Epoch: 126/150	Train Loss: 7.8629	Val Loss: 7.9124
2023-02-14 09:37:12,765  VAE Training   INFO  EarlyStopping counter: 4 out of 7
2023-02-14 09:37:12,765  VAE Training   INFO  Epoch: 127/150	Train Loss: 7.8486	Val Loss: 7.9374
2023-02-14 09:37:15,867  VAE Training   INFO  EarlyStopping counter: 5 out of 7
2023-02-14 09:37:15,867  VAE Training   INFO  Epoch: 128/150	Train Loss: 7.8491	Val Loss: 7.9016
2023-02-14 09:37:18,848  VAE Training   INFO  EarlyStopping counter: 6 out of 7
2023-02-14 09:37:18,848  VAE Training   INFO  Epoch: 129/150	Train Loss: 7.8544	Val Loss: 7.9296
2023-02-14 09:37:21,931  VAE Training   INFO  Validation loss decreased (7.900953 --> 7.886262).  Saving model ...
2023-02-14 09:37:21,996  VAE Training   INFO  Epoch: 130/150	Train Loss: 7.8368	Val Loss: 7.8863
2023-02-14 09:37:25,263  VAE Training   INFO  Validation loss decreased (7.886262 --> 7.879950).  Saving model ...
2023-02-14 09:37:25,317  VAE Training   INFO  Epoch: 131/150	Train Loss: 7.8501	Val Loss: 7.8799
2023-02-14 09:37:28,509  VAE Training   INFO  EarlyStopping counter: 1 out of 7
2023-02-14 09:37:28,509  VAE Training   INFO  Epoch: 132/150	Train Loss: 7.8320	Val Loss: 7.8976
2023-02-14 09:37:31,483  VAE Training   INFO  Validation loss decreased (7.879950 --> 7.873543).  Saving model ...
2023-02-14 09:37:31,532  VAE Training   INFO  Epoch: 133/150	Train Loss: 7.8133	Val Loss: 7.8735
2023-02-14 09:37:34,538  VAE Training   INFO  EarlyStopping counter: 1 out of 7
2023-02-14 09:37:34,538  VAE Training   INFO  Epoch: 134/150	Train Loss: 7.8207	Val Loss: 7.8947
2023-02-14 09:37:37,643  VAE Training   INFO  Validation loss decreased (7.873543 --> 7.866659).  Saving model ...
2023-02-14 09:37:37,693  VAE Training   INFO  Epoch: 135/150	Train Loss: 7.8164	Val Loss: 7.8667
2023-02-14 09:37:40,661  VAE Training   INFO  Validation loss decreased (7.866659 --> 7.854701).  Saving model ...
2023-02-14 09:37:40,718  VAE Training   INFO  Epoch: 136/150	Train Loss: 7.8078	Val Loss: 7.8547
2023-02-14 09:37:43,701  VAE Training   INFO  Validation loss decreased (7.854701 --> 7.845099).  Saving model ...
2023-02-14 09:37:43,762  VAE Training   INFO  Epoch: 137/150	Train Loss: 7.8079	Val Loss: 7.8451
2023-02-14 09:37:46,722  VAE Training   INFO  Validation loss decreased (7.845099 --> 7.816589).  Saving model ...
2023-02-14 09:37:46,785  VAE Training   INFO  Epoch: 138/150	Train Loss: 7.7867	Val Loss: 7.8166
2023-02-14 09:37:49,771  VAE Training   INFO  EarlyStopping counter: 1 out of 7
2023-02-14 09:37:49,772  VAE Training   INFO  Epoch: 139/150	Train Loss: 7.7861	Val Loss: 7.8331
2023-02-14 09:37:52,878  VAE Training   INFO  Validation loss decreased (7.816589 --> 7.812846).  Saving model ...
2023-02-14 09:37:52,951  VAE Training   INFO  Epoch: 140/150	Train Loss: 7.7781	Val Loss: 7.8128
2023-02-14 09:37:55,907  VAE Training   INFO  EarlyStopping counter: 1 out of 7
2023-02-14 09:37:55,907  VAE Training   INFO  Epoch: 141/150	Train Loss: 7.7716	Val Loss: 7.8535
2023-02-14 09:37:59,068  VAE Training   INFO  EarlyStopping counter: 2 out of 7
2023-02-14 09:37:59,068  VAE Training   INFO  Epoch: 142/150	Train Loss: 7.7635	Val Loss: 7.8385
2023-02-14 09:38:02,080  VAE Training   INFO  EarlyStopping counter: 3 out of 7
2023-02-14 09:38:02,080  VAE Training   INFO  Epoch: 143/150	Train Loss: 7.7665	Val Loss: 7.8178
2023-02-14 09:38:05,039  VAE Training   INFO  Validation loss decreased (7.812846 --> 7.812821).  Saving model ...
2023-02-14 09:38:05,079  VAE Training   INFO  Epoch: 144/150	Train Loss: 7.7494	Val Loss: 7.8128
2023-02-14 09:38:08,055  VAE Training   INFO  Validation loss decreased (7.812821 --> 7.796080).  Saving model ...
2023-02-14 09:38:08,098  VAE Training   INFO  Epoch: 145/150	Train Loss: 7.7408	Val Loss: 7.7961
2023-02-14 09:38:11,049  VAE Training   INFO  Validation loss decreased (7.796080 --> 7.782058).  Saving model ...
2023-02-14 09:38:11,091  VAE Training   INFO  Epoch: 146/150	Train Loss: 7.7413	Val Loss: 7.7821
2023-02-14 09:38:14,132  VAE Training   INFO  EarlyStopping counter: 1 out of 7
2023-02-14 09:38:14,132  VAE Training   INFO  Epoch: 147/150	Train Loss: 7.7457	Val Loss: 7.7923
2023-02-14 09:38:17,845  VAE Training   INFO  Validation loss decreased (7.782058 --> 7.770272).  Saving model ...
2023-02-14 09:38:17,891  VAE Training   INFO  Epoch: 148/150	Train Loss: 7.7363	Val Loss: 7.7703
2023-02-14 09:38:21,431  VAE Training   INFO  EarlyStopping counter: 1 out of 7
2023-02-14 09:38:21,431  VAE Training   INFO  Epoch: 149/150	Train Loss: 7.7202	Val Loss: 7.7892
2023-02-14 09:38:24,635  VAE Training   INFO  Validation loss decreased (7.770272 --> 7.767882).  Saving model ...
2023-02-14 09:38:24,669  VAE Training   INFO  Epoch: 150/150	Train Loss: 7.7251	Val Loss: 7.7679
2023-02-14 09:38:24,679  matplotlib.pyplot  DEBUG  Loaded backend agg version unknown.
