2023-02-14 18:29:40,770  VAE Training   INFO  Run Number: male_female
2023-02-14 18:29:41,581  VAE Training   INFO  Training for gender = 1 with 11935 datapoints
2023-02-14 18:29:44,338  VAE Training   INFO  Validation loss decreased (inf --> 15.518941).  Saving model ...
2023-02-14 18:29:44,510  VAE Training   INFO  Epoch: 1/200	Train Loss: 26.4668	Val Loss: 15.5189
2023-02-14 18:29:45,529  VAE Training   INFO  Validation loss decreased (15.518941 --> 15.332792).  Saving model ...
2023-02-14 18:29:45,584  VAE Training   INFO  Epoch: 2/200	Train Loss: 15.3409	Val Loss: 15.3328
2023-02-14 18:29:46,563  VAE Training   INFO  Validation loss decreased (15.332792 --> 15.309545).  Saving model ...
2023-02-14 18:29:46,601  VAE Training   INFO  Epoch: 3/200	Train Loss: 15.2861	Val Loss: 15.3095
2023-02-14 18:29:47,585  VAE Training   INFO  Validation loss decreased (15.309545 --> 15.306068).  Saving model ...
2023-02-14 18:29:47,646  VAE Training   INFO  Epoch: 4/200	Train Loss: 15.2603	Val Loss: 15.3061
2023-02-14 18:29:48,722  VAE Training   INFO  Validation loss decreased (15.306068 --> 15.237818).  Saving model ...
2023-02-14 18:29:48,747  VAE Training   INFO  Epoch: 5/200	Train Loss: 15.2391	Val Loss: 15.2378
2023-02-14 18:29:49,996  VAE Training   INFO  Validation loss decreased (15.237818 --> 15.178790).  Saving model ...
2023-02-14 18:29:50,184  VAE Training   INFO  Epoch: 6/200	Train Loss: 15.1917	Val Loss: 15.1788
2023-02-14 18:29:51,384  VAE Training   INFO  Validation loss decreased (15.178790 --> 15.021177).  Saving model ...
2023-02-14 18:29:51,546  VAE Training   INFO  Epoch: 7/200	Train Loss: 15.0822	Val Loss: 15.0212
2023-02-14 18:29:52,620  VAE Training   INFO  Validation loss decreased (15.021177 --> 14.839634).  Saving model ...
2023-02-14 18:29:52,667  VAE Training   INFO  Epoch: 8/200	Train Loss: 14.9013	Val Loss: 14.8396
2023-02-14 18:29:53,862  VAE Training   INFO  Validation loss decreased (14.839634 --> 14.538204).  Saving model ...
2023-02-14 18:29:53,893  VAE Training   INFO  Epoch: 9/200	Train Loss: 14.6650	Val Loss: 14.5382
2023-02-14 18:29:55,072  VAE Training   INFO  Validation loss decreased (14.538204 --> 14.273150).  Saving model ...
2023-02-14 18:29:55,115  VAE Training   INFO  Epoch: 10/200	Train Loss: 14.3714	Val Loss: 14.2732
2023-02-14 18:29:56,322  VAE Training   INFO  Validation loss decreased (14.273150 --> 14.040583).  Saving model ...
2023-02-14 18:29:56,362  VAE Training   INFO  Epoch: 11/200	Train Loss: 14.1307	Val Loss: 14.0406
2023-02-14 18:29:57,412  VAE Training   INFO  Validation loss decreased (14.040583 --> 13.765004).  Saving model ...
2023-02-14 18:29:57,564  VAE Training   INFO  Epoch: 12/200	Train Loss: 13.9046	Val Loss: 13.7650
2023-02-14 18:29:58,554  VAE Training   INFO  Validation loss decreased (13.765004 --> 13.492623).  Saving model ...
2023-02-14 18:29:58,575  VAE Training   INFO  Epoch: 13/200	Train Loss: 13.6072	Val Loss: 13.4926
2023-02-14 18:29:59,567  VAE Training   INFO  Validation loss decreased (13.492623 --> 13.224494).  Saving model ...
2023-02-14 18:29:59,586  VAE Training   INFO  Epoch: 14/200	Train Loss: 13.3018	Val Loss: 13.2245
2023-02-14 18:30:00,694  VAE Training   INFO  Validation loss decreased (13.224494 --> 13.044491).  Saving model ...
2023-02-14 18:30:00,729  VAE Training   INFO  Epoch: 15/200	Train Loss: 13.0983	Val Loss: 13.0445
2023-02-14 18:30:01,869  VAE Training   INFO  Validation loss decreased (13.044491 --> 12.874079).  Saving model ...
2023-02-14 18:30:01,960  VAE Training   INFO  Epoch: 16/200	Train Loss: 12.9122	Val Loss: 12.8741
2023-02-14 18:30:03,072  VAE Training   INFO  Validation loss decreased (12.874079 --> 12.751965).  Saving model ...
2023-02-14 18:30:03,140  VAE Training   INFO  Epoch: 17/200	Train Loss: 12.7645	Val Loss: 12.7520
2023-02-14 18:30:04,174  VAE Training   INFO  Validation loss decreased (12.751965 --> 12.664709).  Saving model ...
2023-02-14 18:30:04,199  VAE Training   INFO  Epoch: 18/200	Train Loss: 12.6568	Val Loss: 12.6647
2023-02-14 18:30:05,239  VAE Training   INFO  Validation loss decreased (12.664709 --> 12.536152).  Saving model ...
2023-02-14 18:30:05,268  VAE Training   INFO  Epoch: 19/200	Train Loss: 12.5696	Val Loss: 12.5362
2023-02-14 18:30:06,321  VAE Training   INFO  Validation loss decreased (12.536152 --> 12.509240).  Saving model ...
2023-02-14 18:30:06,354  VAE Training   INFO  Epoch: 20/200	Train Loss: 12.4772	Val Loss: 12.5092
2023-02-14 18:30:07,555  VAE Training   INFO  Validation loss decreased (12.509240 --> 12.407615).  Saving model ...
2023-02-14 18:30:07,607  VAE Training   INFO  Epoch: 21/200	Train Loss: 12.4064	Val Loss: 12.4076
2023-02-14 18:30:08,664  VAE Training   INFO  Validation loss decreased (12.407615 --> 12.324032).  Saving model ...
2023-02-14 18:30:08,709  VAE Training   INFO  Epoch: 22/200	Train Loss: 12.2975	Val Loss: 12.3240
2023-02-14 18:30:09,672  VAE Training   INFO  Validation loss decreased (12.324032 --> 12.260558).  Saving model ...
2023-02-14 18:30:09,781  VAE Training   INFO  Epoch: 23/200	Train Loss: 12.2364	Val Loss: 12.2606
2023-02-14 18:30:10,768  VAE Training   INFO  Validation loss decreased (12.260558 --> 12.181564).  Saving model ...
2023-02-14 18:30:10,855  VAE Training   INFO  Epoch: 24/200	Train Loss: 12.1509	Val Loss: 12.1816
2023-02-14 18:30:11,842  VAE Training   INFO  Validation loss decreased (12.181564 --> 12.165991).  Saving model ...
2023-02-14 18:30:11,897  VAE Training   INFO  Epoch: 25/200	Train Loss: 12.1087	Val Loss: 12.1660
2023-02-14 18:30:12,876  VAE Training   INFO  Validation loss decreased (12.165991 --> 12.051945).  Saving model ...
2023-02-14 18:30:12,914  VAE Training   INFO  Epoch: 26/200	Train Loss: 12.0599	Val Loss: 12.0519
2023-02-14 18:30:13,685  VAE Training   INFO  Validation loss decreased (12.051945 --> 12.027521).  Saving model ...
2023-02-14 18:30:13,696  VAE Training   INFO  Epoch: 27/200	Train Loss: 11.9700	Val Loss: 12.0275
2023-02-14 18:30:14,646  VAE Training   INFO  Validation loss decreased (12.027521 --> 11.923951).  Saving model ...
2023-02-14 18:30:14,670  VAE Training   INFO  Epoch: 28/200	Train Loss: 11.9383	Val Loss: 11.9240
2023-02-14 18:30:15,608  VAE Training   INFO  Validation loss decreased (11.923951 --> 11.885400).  Saving model ...
2023-02-14 18:30:15,641  VAE Training   INFO  Epoch: 29/200	Train Loss: 11.8285	Val Loss: 11.8854
2023-02-14 18:30:16,637  VAE Training   INFO  Validation loss decreased (11.885400 --> 11.861592).  Saving model ...
2023-02-14 18:30:16,689  VAE Training   INFO  Epoch: 30/200	Train Loss: 11.7732	Val Loss: 11.8616
2023-02-14 18:30:17,711  VAE Training   INFO  Validation loss decreased (11.861592 --> 11.771389).  Saving model ...
2023-02-14 18:30:17,748  VAE Training   INFO  Epoch: 31/200	Train Loss: 11.7121	Val Loss: 11.7714
2023-02-14 18:30:18,722  VAE Training   INFO  Validation loss decreased (11.771389 --> 11.718154).  Saving model ...
2023-02-14 18:30:18,771  VAE Training   INFO  Epoch: 32/200	Train Loss: 11.6468	Val Loss: 11.7182
2023-02-14 18:30:19,732  VAE Training   INFO  Validation loss decreased (11.718154 --> 11.679600).  Saving model ...
2023-02-14 18:30:19,760  VAE Training   INFO  Epoch: 33/200	Train Loss: 11.5699	Val Loss: 11.6796
2023-02-14 18:30:20,879  VAE Training   INFO  Validation loss decreased (11.679600 --> 11.560213).  Saving model ...
2023-02-14 18:30:20,905  VAE Training   INFO  Epoch: 34/200	Train Loss: 11.4886	Val Loss: 11.5602
2023-02-14 18:30:22,039  VAE Training   INFO  Validation loss decreased (11.560213 --> 11.447725).  Saving model ...
2023-02-14 18:30:22,086  VAE Training   INFO  Epoch: 35/200	Train Loss: 11.4326	Val Loss: 11.4477
2023-02-14 18:30:23,066  VAE Training   INFO  Validation loss decreased (11.447725 --> 11.381738).  Saving model ...
2023-02-14 18:30:23,118  VAE Training   INFO  Epoch: 36/200	Train Loss: 11.3701	Val Loss: 11.3817
2023-02-14 18:30:24,105  VAE Training   INFO  Validation loss decreased (11.381738 --> 11.340761).  Saving model ...
2023-02-14 18:30:24,168  VAE Training   INFO  Epoch: 37/200	Train Loss: 11.2641	Val Loss: 11.3408
2023-02-14 18:30:25,160  VAE Training   INFO  Validation loss decreased (11.340761 --> 11.193703).  Saving model ...
2023-02-14 18:30:25,189  VAE Training   INFO  Epoch: 38/200	Train Loss: 11.2159	Val Loss: 11.1937
2023-02-14 18:30:26,145  VAE Training   INFO  Validation loss decreased (11.193703 --> 11.180302).  Saving model ...
2023-02-14 18:30:26,179  VAE Training   INFO  Epoch: 39/200	Train Loss: 11.1408	Val Loss: 11.1803
2023-02-14 18:30:27,235  VAE Training   INFO  Validation loss decreased (11.180302 --> 11.018768).  Saving model ...
2023-02-14 18:30:27,276  VAE Training   INFO  Epoch: 40/200	Train Loss: 11.0433	Val Loss: 11.0188
2023-02-14 18:30:28,237  VAE Training   INFO  EarlyStopping counter: 1 out of 7
2023-02-14 18:30:28,237  VAE Training   INFO  Epoch: 41/200	Train Loss: 10.9802	Val Loss: 11.0285
2023-02-14 18:30:29,214  VAE Training   INFO  Validation loss decreased (11.018768 --> 10.945588).  Saving model ...
2023-02-14 18:30:29,301  VAE Training   INFO  Epoch: 42/200	Train Loss: 10.8689	Val Loss: 10.9456
2023-02-14 18:30:30,343  VAE Training   INFO  Validation loss decreased (10.945588 --> 10.915005).  Saving model ...
2023-02-14 18:30:30,435  VAE Training   INFO  Epoch: 43/200	Train Loss: 10.8075	Val Loss: 10.9150
2023-02-14 18:30:31,445  VAE Training   INFO  Validation loss decreased (10.915005 --> 10.856314).  Saving model ...
2023-02-14 18:30:31,499  VAE Training   INFO  Epoch: 44/200	Train Loss: 10.7519	Val Loss: 10.8563
2023-02-14 18:30:32,482  VAE Training   INFO  Validation loss decreased (10.856314 --> 10.779183).  Saving model ...
2023-02-14 18:30:32,531  VAE Training   INFO  Epoch: 45/200	Train Loss: 10.7157	Val Loss: 10.7792
2023-02-14 18:30:33,518  VAE Training   INFO  Validation loss decreased (10.779183 --> 10.724978).  Saving model ...
2023-02-14 18:30:33,571  VAE Training   INFO  Epoch: 46/200	Train Loss: 10.6759	Val Loss: 10.7250
2023-02-14 18:30:34,551  VAE Training   INFO  Validation loss decreased (10.724978 --> 10.696199).  Saving model ...
2023-02-14 18:30:34,565  VAE Training   INFO  Epoch: 47/200	Train Loss: 10.5979	Val Loss: 10.6962
2023-02-14 18:30:35,513  VAE Training   INFO  Validation loss decreased (10.696199 --> 10.614379).  Saving model ...
2023-02-14 18:30:35,561  VAE Training   INFO  Epoch: 48/200	Train Loss: 10.5740	Val Loss: 10.6144
2023-02-14 18:30:36,557  VAE Training   INFO  Validation loss decreased (10.614379 --> 10.598377).  Saving model ...
2023-02-14 18:30:36,582  VAE Training   INFO  Epoch: 49/200	Train Loss: 10.5242	Val Loss: 10.5984
2023-02-14 18:30:37,851  VAE Training   INFO  Validation loss decreased (10.598377 --> 10.523091).  Saving model ...
2023-02-14 18:30:37,921  VAE Training   INFO  Epoch: 50/200	Train Loss: 10.5018	Val Loss: 10.5231
2023-02-14 18:30:39,258  VAE Training   INFO  Validation loss decreased (10.523091 --> 10.514134).  Saving model ...
2023-02-14 18:30:39,280  VAE Training   INFO  Epoch: 51/200	Train Loss: 10.4310	Val Loss: 10.5141
2023-02-14 18:30:40,444  VAE Training   INFO  Validation loss decreased (10.514134 --> 10.450595).  Saving model ...
2023-02-14 18:30:40,470  VAE Training   INFO  Epoch: 52/200	Train Loss: 10.3642	Val Loss: 10.4506
2023-02-14 18:30:41,410  VAE Training   INFO  Validation loss decreased (10.450595 --> 10.358137).  Saving model ...
2023-02-14 18:30:41,430  VAE Training   INFO  Epoch: 53/200	Train Loss: 10.3184	Val Loss: 10.3581
2023-02-14 18:30:42,372  VAE Training   INFO  Validation loss decreased (10.358137 --> 10.338459).  Saving model ...
2023-02-14 18:30:42,406  VAE Training   INFO  Epoch: 54/200	Train Loss: 10.2745	Val Loss: 10.3385
2023-02-14 18:30:43,464  VAE Training   INFO  Validation loss decreased (10.338459 --> 10.302899).  Saving model ...
2023-02-14 18:30:43,509  VAE Training   INFO  Epoch: 55/200	Train Loss: 10.2225	Val Loss: 10.3029
2023-02-14 18:30:44,527  VAE Training   INFO  Validation loss decreased (10.302899 --> 10.268952).  Saving model ...
2023-02-14 18:30:44,559  VAE Training   INFO  Epoch: 56/200	Train Loss: 10.1971	Val Loss: 10.2690
2023-02-14 18:30:45,537  VAE Training   INFO  Validation loss decreased (10.268952 --> 10.227543).  Saving model ...
2023-02-14 18:30:45,557  VAE Training   INFO  Epoch: 57/200	Train Loss: 10.1508	Val Loss: 10.2275
2023-02-14 18:30:46,508  VAE Training   INFO  Validation loss decreased (10.227543 --> 10.221204).  Saving model ...
2023-02-14 18:30:46,524  VAE Training   INFO  Epoch: 58/200	Train Loss: 10.1379	Val Loss: 10.2212
2023-02-14 18:30:47,476  VAE Training   INFO  Validation loss decreased (10.221204 --> 10.220170).  Saving model ...
2023-02-14 18:30:47,507  VAE Training   INFO  Epoch: 59/200	Train Loss: 10.0541	Val Loss: 10.2202
2023-02-14 18:30:48,468  VAE Training   INFO  Validation loss decreased (10.220170 --> 10.124086).  Saving model ...
2023-02-14 18:30:48,518  VAE Training   INFO  Epoch: 60/200	Train Loss: 10.0170	Val Loss: 10.1241
2023-02-14 18:30:49,490  VAE Training   INFO  Validation loss decreased (10.124086 --> 10.049761).  Saving model ...
2023-02-14 18:30:49,500  VAE Training   INFO  Epoch: 61/200	Train Loss: 9.9907	Val Loss: 10.0498
2023-02-14 18:30:50,518  VAE Training   INFO  Validation loss decreased (10.049761 --> 9.980470).  Saving model ...
2023-02-14 18:30:50,560  VAE Training   INFO  Epoch: 62/200	Train Loss: 9.9583	Val Loss: 9.9805
2023-02-14 18:30:51,903  VAE Training   INFO  EarlyStopping counter: 1 out of 7
2023-02-14 18:30:51,903  VAE Training   INFO  Epoch: 63/200	Train Loss: 9.8939	Val Loss: 9.9921
2023-02-14 18:30:53,092  VAE Training   INFO  Validation loss decreased (9.980470 --> 9.880359).  Saving model ...
2023-02-14 18:30:53,149  VAE Training   INFO  Epoch: 64/200	Train Loss: 9.8357	Val Loss: 9.8804
2023-02-14 18:30:54,358  VAE Training   INFO  EarlyStopping counter: 1 out of 7
2023-02-14 18:30:54,358  VAE Training   INFO  Epoch: 65/200	Train Loss: 9.8096	Val Loss: 9.8928
2023-02-14 18:30:55,571  VAE Training   INFO  Validation loss decreased (9.880359 --> 9.836550).  Saving model ...
2023-02-14 18:30:55,603  VAE Training   INFO  Epoch: 66/200	Train Loss: 9.7887	Val Loss: 9.8365
2023-02-14 18:30:56,795  VAE Training   INFO  Validation loss decreased (9.836550 --> 9.810894).  Saving model ...
2023-02-14 18:30:56,817  VAE Training   INFO  Epoch: 67/200	Train Loss: 9.7315	Val Loss: 9.8109
2023-02-14 18:30:58,005  VAE Training   INFO  Validation loss decreased (9.810894 --> 9.776995).  Saving model ...
2023-02-14 18:30:58,054  VAE Training   INFO  Epoch: 68/200	Train Loss: 9.6902	Val Loss: 9.7770
2023-02-14 18:30:59,254  VAE Training   INFO  Validation loss decreased (9.776995 --> 9.713551).  Saving model ...
2023-02-14 18:30:59,302  VAE Training   INFO  Epoch: 69/200	Train Loss: 9.6734	Val Loss: 9.7136
2023-02-14 18:31:00,491  VAE Training   INFO  EarlyStopping counter: 1 out of 7
2023-02-14 18:31:00,491  VAE Training   INFO  Epoch: 70/200	Train Loss: 9.6152	Val Loss: 9.7483
2023-02-14 18:31:01,713  VAE Training   INFO  Validation loss decreased (9.713551 --> 9.698945).  Saving model ...
2023-02-14 18:31:01,759  VAE Training   INFO  Epoch: 71/200	Train Loss: 9.5974	Val Loss: 9.6989
2023-02-14 18:31:02,795  VAE Training   INFO  Validation loss decreased (9.698945 --> 9.625843).  Saving model ...
2023-02-14 18:31:02,847  VAE Training   INFO  Epoch: 72/200	Train Loss: 9.5302	Val Loss: 9.6258
2023-02-14 18:31:03,839  VAE Training   INFO  Validation loss decreased (9.625843 --> 9.594734).  Saving model ...
2023-02-14 18:31:03,891  VAE Training   INFO  Epoch: 73/200	Train Loss: 9.5013	Val Loss: 9.5947
2023-02-14 18:31:04,878  VAE Training   INFO  EarlyStopping counter: 1 out of 7
2023-02-14 18:31:04,878  VAE Training   INFO  Epoch: 74/200	Train Loss: 9.4681	Val Loss: 9.6341
2023-02-14 18:31:05,827  VAE Training   INFO  Validation loss decreased (9.594734 --> 9.536715).  Saving model ...
2023-02-14 18:31:05,870  VAE Training   INFO  Epoch: 75/200	Train Loss: 9.4447	Val Loss: 9.5367
2023-02-14 18:31:06,847  VAE Training   INFO  Validation loss decreased (9.536715 --> 9.431516).  Saving model ...
2023-02-14 18:31:06,900  VAE Training   INFO  Epoch: 76/200	Train Loss: 9.3971	Val Loss: 9.4315
2023-02-14 18:31:07,903  VAE Training   INFO  EarlyStopping counter: 1 out of 7
2023-02-14 18:31:07,903  VAE Training   INFO  Epoch: 77/200	Train Loss: 9.3940	Val Loss: 9.4908
2023-02-14 18:31:08,859  VAE Training   INFO  EarlyStopping counter: 2 out of 7
2023-02-14 18:31:08,859  VAE Training   INFO  Epoch: 78/200	Train Loss: 9.3586	Val Loss: 9.4443
2023-02-14 18:31:09,814  VAE Training   INFO  EarlyStopping counter: 3 out of 7
2023-02-14 18:31:09,815  VAE Training   INFO  Epoch: 79/200	Train Loss: 9.2885	Val Loss: 9.4510
2023-02-14 18:31:10,768  VAE Training   INFO  Validation loss decreased (9.431516 --> 9.387024).  Saving model ...
2023-02-14 18:31:10,827  VAE Training   INFO  Epoch: 80/200	Train Loss: 9.3039	Val Loss: 9.3870
2023-02-14 18:31:11,822  VAE Training   INFO  Validation loss decreased (9.387024 --> 9.335084).  Saving model ...
2023-02-14 18:31:11,848  VAE Training   INFO  Epoch: 81/200	Train Loss: 9.2945	Val Loss: 9.3351
2023-02-14 18:31:12,856  VAE Training   INFO  Validation loss decreased (9.335084 --> 9.306231).  Saving model ...
2023-02-14 18:31:12,879  VAE Training   INFO  Epoch: 82/200	Train Loss: 9.2308	Val Loss: 9.3062
2023-02-14 18:31:13,850  VAE Training   INFO  EarlyStopping counter: 1 out of 7
2023-02-14 18:31:13,850  VAE Training   INFO  Epoch: 83/200	Train Loss: 9.2163	Val Loss: 9.3426
2023-02-14 18:31:14,811  VAE Training   INFO  EarlyStopping counter: 2 out of 7
2023-02-14 18:31:14,811  VAE Training   INFO  Epoch: 84/200	Train Loss: 9.1875	Val Loss: 9.3108
2023-02-14 18:31:15,772  VAE Training   INFO  Validation loss decreased (9.306231 --> 9.293093).  Saving model ...
2023-02-14 18:31:15,806  VAE Training   INFO  Epoch: 85/200	Train Loss: 9.1733	Val Loss: 9.2931
2023-02-14 18:31:16,773  VAE Training   INFO  Validation loss decreased (9.293093 --> 9.281927).  Saving model ...
2023-02-14 18:31:16,803  VAE Training   INFO  Epoch: 86/200	Train Loss: 9.1455	Val Loss: 9.2819
2023-02-14 18:31:17,808  VAE Training   INFO  Validation loss decreased (9.281927 --> 9.170705).  Saving model ...
2023-02-14 18:31:17,845  VAE Training   INFO  Epoch: 87/200	Train Loss: 9.0958	Val Loss: 9.1707
2023-02-14 18:31:18,819  VAE Training   INFO  EarlyStopping counter: 1 out of 7
2023-02-14 18:31:18,819  VAE Training   INFO  Epoch: 88/200	Train Loss: 9.0932	Val Loss: 9.1727
2023-02-14 18:31:19,784  VAE Training   INFO  Validation loss decreased (9.170705 --> 9.131371).  Saving model ...
2023-02-14 18:31:19,829  VAE Training   INFO  Epoch: 89/200	Train Loss: 9.0479	Val Loss: 9.1314
2023-02-14 18:31:20,804  VAE Training   INFO  EarlyStopping counter: 1 out of 7
2023-02-14 18:31:20,804  VAE Training   INFO  Epoch: 90/200	Train Loss: 9.0549	Val Loss: 9.1691
2023-02-14 18:31:21,759  VAE Training   INFO  Validation loss decreased (9.131371 --> 9.082181).  Saving model ...
2023-02-14 18:31:21,775  VAE Training   INFO  Epoch: 91/200	Train Loss: 9.0241	Val Loss: 9.0822
2023-02-14 18:31:22,746  VAE Training   INFO  EarlyStopping counter: 1 out of 7
2023-02-14 18:31:22,747  VAE Training   INFO  Epoch: 92/200	Train Loss: 9.0040	Val Loss: 9.1333
2023-02-14 18:31:23,703  VAE Training   INFO  Validation loss decreased (9.082181 --> 9.070292).  Saving model ...
2023-02-14 18:31:23,743  VAE Training   INFO  Epoch: 93/200	Train Loss: 8.9737	Val Loss: 9.0703
2023-02-14 18:31:24,730  VAE Training   INFO  EarlyStopping counter: 1 out of 7
2023-02-14 18:31:24,731  VAE Training   INFO  Epoch: 94/200	Train Loss: 8.9618	Val Loss: 9.0749
2023-02-14 18:31:25,687  VAE Training   INFO  Validation loss decreased (9.070292 --> 9.061518).  Saving model ...
2023-02-14 18:31:25,716  VAE Training   INFO  Epoch: 95/200	Train Loss: 8.9191	Val Loss: 9.0615
2023-02-14 18:31:26,684  VAE Training   INFO  Validation loss decreased (9.061518 --> 9.053793).  Saving model ...
2023-02-14 18:31:26,704  VAE Training   INFO  Epoch: 96/200	Train Loss: 8.9217	Val Loss: 9.0538
2023-02-14 18:31:27,676  VAE Training   INFO  Validation loss decreased (9.053793 --> 8.976004).  Saving model ...
2023-02-14 18:31:27,698  VAE Training   INFO  Epoch: 97/200	Train Loss: 8.8487	Val Loss: 8.9760
2023-02-14 18:31:28,659  VAE Training   INFO  Validation loss decreased (8.976004 --> 8.955131).  Saving model ...
2023-02-14 18:31:28,710  VAE Training   INFO  Epoch: 98/200	Train Loss: 8.8769	Val Loss: 8.9551
2023-02-14 18:31:29,689  VAE Training   INFO  EarlyStopping counter: 1 out of 7
2023-02-14 18:31:29,689  VAE Training   INFO  Epoch: 99/200	Train Loss: 8.8654	Val Loss: 8.9586
2023-02-14 18:31:30,643  VAE Training   INFO  EarlyStopping counter: 2 out of 7
2023-02-14 18:31:30,643  VAE Training   INFO  Epoch: 100/200	Train Loss: 8.8240	Val Loss: 8.9758
2023-02-14 18:31:31,596  VAE Training   INFO  Validation loss decreased (8.955131 --> 8.949253).  Saving model ...
2023-02-14 18:31:31,659  VAE Training   INFO  Epoch: 101/200	Train Loss: 8.8157	Val Loss: 8.9493
2023-02-14 18:31:32,647  VAE Training   INFO  Validation loss decreased (8.949253 --> 8.899005).  Saving model ...
2023-02-14 18:31:32,668  VAE Training   INFO  Epoch: 102/200	Train Loss: 8.7859	Val Loss: 8.8990
2023-02-14 18:31:33,668  VAE Training   INFO  Validation loss decreased (8.899005 --> 8.842843).  Saving model ...
2023-02-14 18:31:33,703  VAE Training   INFO  Epoch: 103/200	Train Loss: 8.7722	Val Loss: 8.8428
2023-02-14 18:31:34,725  VAE Training   INFO  EarlyStopping counter: 1 out of 7
2023-02-14 18:31:34,725  VAE Training   INFO  Epoch: 104/200	Train Loss: 8.7402	Val Loss: 8.8447
2023-02-14 18:31:35,677  VAE Training   INFO  EarlyStopping counter: 2 out of 7
2023-02-14 18:31:35,677  VAE Training   INFO  Epoch: 105/200	Train Loss: 8.7325	Val Loss: 8.8563
2023-02-14 18:31:36,627  VAE Training   INFO  EarlyStopping counter: 3 out of 7
2023-02-14 18:31:36,627  VAE Training   INFO  Epoch: 106/200	Train Loss: 8.7236	Val Loss: 8.8662
2023-02-14 18:31:37,574  VAE Training   INFO  Validation loss decreased (8.842843 --> 8.814101).  Saving model ...
2023-02-14 18:31:37,611  VAE Training   INFO  Epoch: 107/200	Train Loss: 8.7115	Val Loss: 8.8141
2023-02-14 18:31:38,596  VAE Training   INFO  Validation loss decreased (8.814101 --> 8.769051).  Saving model ...
2023-02-14 18:31:38,642  VAE Training   INFO  Epoch: 108/200	Train Loss: 8.6698	Val Loss: 8.7691
2023-02-14 18:31:39,644  VAE Training   INFO  Validation loss decreased (8.769051 --> 8.766101).  Saving model ...
2023-02-14 18:31:39,686  VAE Training   INFO  Epoch: 109/200	Train Loss: 8.6543	Val Loss: 8.7661
2023-02-14 18:31:40,648  VAE Training   INFO  Validation loss decreased (8.766101 --> 8.744208).  Saving model ...
2023-02-14 18:31:40,675  VAE Training   INFO  Epoch: 110/200	Train Loss: 8.6473	Val Loss: 8.7442
2023-02-14 18:31:41,639  VAE Training   INFO  EarlyStopping counter: 1 out of 7
2023-02-14 18:31:41,639  VAE Training   INFO  Epoch: 111/200	Train Loss: 8.6310	Val Loss: 8.7707
2023-02-14 18:31:42,590  VAE Training   INFO  EarlyStopping counter: 2 out of 7
2023-02-14 18:31:42,590  VAE Training   INFO  Epoch: 112/200	Train Loss: 8.6042	Val Loss: 8.7458
2023-02-14 18:31:43,605  VAE Training   INFO  EarlyStopping counter: 3 out of 7
2023-02-14 18:31:43,606  VAE Training   INFO  Epoch: 113/200	Train Loss: 8.6172	Val Loss: 8.7668
2023-02-14 18:31:44,590  VAE Training   INFO  Validation loss decreased (8.744208 --> 8.658793).  Saving model ...
2023-02-14 18:31:44,627  VAE Training   INFO  Epoch: 114/200	Train Loss: 8.5858	Val Loss: 8.6588
2023-02-14 18:31:45,594  VAE Training   INFO  EarlyStopping counter: 1 out of 7
2023-02-14 18:31:45,594  VAE Training   INFO  Epoch: 115/200	Train Loss: 8.5728	Val Loss: 8.6791
2023-02-14 18:31:46,544  VAE Training   INFO  EarlyStopping counter: 2 out of 7
2023-02-14 18:31:46,544  VAE Training   INFO  Epoch: 116/200	Train Loss: 8.5638	Val Loss: 8.6862
2023-02-14 18:31:47,482  VAE Training   INFO  Validation loss decreased (8.658793 --> 8.651359).  Saving model ...
2023-02-14 18:31:47,527  VAE Training   INFO  Epoch: 117/200	Train Loss: 8.5600	Val Loss: 8.6514
2023-02-14 18:31:48,618  VAE Training   INFO  Validation loss decreased (8.651359 --> 8.632238).  Saving model ...
2023-02-14 18:31:48,670  VAE Training   INFO  Epoch: 118/200	Train Loss: 8.5294	Val Loss: 8.6322
2023-02-14 18:31:49,724  VAE Training   INFO  Validation loss decreased (8.632238 --> 8.617360).  Saving model ...
2023-02-14 18:31:49,764  VAE Training   INFO  Epoch: 119/200	Train Loss: 8.5034	Val Loss: 8.6174
2023-02-14 18:31:50,704  VAE Training   INFO  Validation loss decreased (8.617360 --> 8.608923).  Saving model ...
2023-02-14 18:31:50,726  VAE Training   INFO  Epoch: 120/200	Train Loss: 8.5112	Val Loss: 8.6089
2023-02-14 18:31:51,664  VAE Training   INFO  EarlyStopping counter: 1 out of 7
2023-02-14 18:31:51,664  VAE Training   INFO  Epoch: 121/200	Train Loss: 8.5014	Val Loss: 8.6236
2023-02-14 18:31:52,605  VAE Training   INFO  Validation loss decreased (8.608923 --> 8.573523).  Saving model ...
2023-02-14 18:31:52,635  VAE Training   INFO  Epoch: 122/200	Train Loss: 8.4940	Val Loss: 8.5735
2023-02-14 18:31:53,586  VAE Training   INFO  EarlyStopping counter: 1 out of 7
2023-02-14 18:31:53,587  VAE Training   INFO  Epoch: 123/200	Train Loss: 8.4453	Val Loss: 8.5751
2023-02-14 18:31:54,545  VAE Training   INFO  Validation loss decreased (8.573523 --> 8.563291).  Saving model ...
2023-02-14 18:31:54,576  VAE Training   INFO  Epoch: 124/200	Train Loss: 8.4577	Val Loss: 8.5633
2023-02-14 18:31:55,527  VAE Training   INFO  Validation loss decreased (8.563291 --> 8.539727).  Saving model ...
2023-02-14 18:31:55,554  VAE Training   INFO  Epoch: 125/200	Train Loss: 8.4169	Val Loss: 8.5397
2023-02-14 18:31:56,495  VAE Training   INFO  EarlyStopping counter: 1 out of 7
2023-02-14 18:31:56,495  VAE Training   INFO  Epoch: 126/200	Train Loss: 8.3867	Val Loss: 8.5623
2023-02-14 18:31:57,424  VAE Training   INFO  Validation loss decreased (8.539727 --> 8.531634).  Saving model ...
2023-02-14 18:31:57,463  VAE Training   INFO  Epoch: 127/200	Train Loss: 8.4188	Val Loss: 8.5316
2023-02-14 18:31:58,416  VAE Training   INFO  Validation loss decreased (8.531634 --> 8.511813).  Saving model ...
2023-02-14 18:31:58,450  VAE Training   INFO  Epoch: 128/200	Train Loss: 8.3959	Val Loss: 8.5118
2023-02-14 18:31:59,394  VAE Training   INFO  Validation loss decreased (8.511813 --> 8.488555).  Saving model ...
2023-02-14 18:31:59,442  VAE Training   INFO  Epoch: 129/200	Train Loss: 8.3649	Val Loss: 8.4886
2023-02-14 18:32:00,440  VAE Training   INFO  EarlyStopping counter: 1 out of 7
2023-02-14 18:32:00,440  VAE Training   INFO  Epoch: 130/200	Train Loss: 8.3602	Val Loss: 8.5143
2023-02-14 18:32:01,389  VAE Training   INFO  EarlyStopping counter: 2 out of 7
2023-02-14 18:32:01,390  VAE Training   INFO  Epoch: 131/200	Train Loss: 8.3746	Val Loss: 8.5014
2023-02-14 18:32:02,337  VAE Training   INFO  Validation loss decreased (8.488555 --> 8.448542).  Saving model ...
2023-02-14 18:32:02,356  VAE Training   INFO  Epoch: 132/200	Train Loss: 8.3316	Val Loss: 8.4485
2023-02-14 18:32:03,358  VAE Training   INFO  EarlyStopping counter: 1 out of 7
2023-02-14 18:32:03,359  VAE Training   INFO  Epoch: 133/200	Train Loss: 8.3447	Val Loss: 8.4688
2023-02-14 18:32:04,317  VAE Training   INFO  Validation loss decreased (8.448542 --> 8.439790).  Saving model ...
2023-02-14 18:32:04,361  VAE Training   INFO  Epoch: 134/200	Train Loss: 8.3017	Val Loss: 8.4398
2023-02-14 18:32:05,346  VAE Training   INFO  EarlyStopping counter: 1 out of 7
2023-02-14 18:32:05,347  VAE Training   INFO  Epoch: 135/200	Train Loss: 8.3215	Val Loss: 8.4623
2023-02-14 18:32:06,460  VAE Training   INFO  Validation loss decreased (8.439790 --> 8.435317).  Saving model ...
2023-02-14 18:32:06,527  VAE Training   INFO  Epoch: 136/200	Train Loss: 8.2783	Val Loss: 8.4353
2023-02-14 18:32:07,505  VAE Training   INFO  Validation loss decreased (8.435317 --> 8.426016).  Saving model ...
2023-02-14 18:32:07,543  VAE Training   INFO  Epoch: 137/200	Train Loss: 8.2588	Val Loss: 8.4260
2023-02-14 18:32:08,508  VAE Training   INFO  Validation loss decreased (8.426016 --> 8.375306).  Saving model ...
2023-02-14 18:32:08,564  VAE Training   INFO  Epoch: 138/200	Train Loss: 8.2583	Val Loss: 8.3753
2023-02-14 18:32:09,533  VAE Training   INFO  EarlyStopping counter: 1 out of 7
2023-02-14 18:32:09,533  VAE Training   INFO  Epoch: 139/200	Train Loss: 8.2693	Val Loss: 8.4016
2023-02-14 18:32:10,476  VAE Training   INFO  Validation loss decreased (8.375306 --> 8.370627).  Saving model ...
2023-02-14 18:32:10,545  VAE Training   INFO  Epoch: 140/200	Train Loss: 8.2515	Val Loss: 8.3706
2023-02-14 18:32:11,629  VAE Training   INFO  EarlyStopping counter: 1 out of 7
2023-02-14 18:32:11,629  VAE Training   INFO  Epoch: 141/200	Train Loss: 8.2305	Val Loss: 8.4197
2023-02-14 18:32:12,584  VAE Training   INFO  Validation loss decreased (8.370627 --> 8.327201).  Saving model ...
2023-02-14 18:32:12,650  VAE Training   INFO  Epoch: 142/200	Train Loss: 8.2268	Val Loss: 8.3272
2023-02-14 18:32:13,657  VAE Training   INFO  Validation loss decreased (8.327201 --> 8.313590).  Saving model ...
2023-02-14 18:32:13,683  VAE Training   INFO  Epoch: 143/200	Train Loss: 8.1957	Val Loss: 8.3136
2023-02-14 18:32:14,646  VAE Training   INFO  EarlyStopping counter: 1 out of 7
2023-02-14 18:32:14,647  VAE Training   INFO  Epoch: 144/200	Train Loss: 8.1839	Val Loss: 8.3708
2023-02-14 18:32:15,604  VAE Training   INFO  EarlyStopping counter: 2 out of 7
2023-02-14 18:32:15,604  VAE Training   INFO  Epoch: 145/200	Train Loss: 8.1900	Val Loss: 8.3521
2023-02-14 18:32:16,580  VAE Training   INFO  Validation loss decreased (8.313590 --> 8.299319).  Saving model ...
2023-02-14 18:32:16,590  VAE Training   INFO  Epoch: 146/200	Train Loss: 8.1684	Val Loss: 8.2993
2023-02-14 18:32:17,541  VAE Training   INFO  EarlyStopping counter: 1 out of 7
2023-02-14 18:32:17,542  VAE Training   INFO  Epoch: 147/200	Train Loss: 8.1409	Val Loss: 8.3134
2023-02-14 18:32:18,655  VAE Training   INFO  Validation loss decreased (8.299319 --> 8.285463).  Saving model ...
2023-02-14 18:32:18,707  VAE Training   INFO  Epoch: 148/200	Train Loss: 8.1561	Val Loss: 8.2855
2023-02-14 18:32:19,718  VAE Training   INFO  EarlyStopping counter: 1 out of 7
2023-02-14 18:32:19,718  VAE Training   INFO  Epoch: 149/200	Train Loss: 8.1400	Val Loss: 8.3552
2023-02-14 18:32:20,728  VAE Training   INFO  Validation loss decreased (8.285463 --> 8.280154).  Saving model ...
2023-02-14 18:32:20,779  VAE Training   INFO  Epoch: 150/200	Train Loss: 8.1224	Val Loss: 8.2802
2023-02-14 18:32:21,787  VAE Training   INFO  Validation loss decreased (8.280154 --> 8.275919).  Saving model ...
2023-02-14 18:32:21,831  VAE Training   INFO  Epoch: 151/200	Train Loss: 8.1058	Val Loss: 8.2759
2023-02-14 18:32:22,792  VAE Training   INFO  EarlyStopping counter: 1 out of 7
2023-02-14 18:32:22,792  VAE Training   INFO  Epoch: 152/200	Train Loss: 8.1387	Val Loss: 8.2885
2023-02-14 18:32:23,835  VAE Training   INFO  Validation loss decreased (8.275919 --> 8.208033).  Saving model ...
2023-02-14 18:32:23,851  VAE Training   INFO  Epoch: 153/200	Train Loss: 8.0874	Val Loss: 8.2080
2023-02-14 18:32:24,817  VAE Training   INFO  EarlyStopping counter: 1 out of 7
2023-02-14 18:32:24,817  VAE Training   INFO  Epoch: 154/200	Train Loss: 8.0880	Val Loss: 8.2085
2023-02-14 18:32:25,762  VAE Training   INFO  EarlyStopping counter: 2 out of 7
2023-02-14 18:32:25,762  VAE Training   INFO  Epoch: 155/200	Train Loss: 8.0561	Val Loss: 8.2138
2023-02-14 18:32:26,733  VAE Training   INFO  Validation loss decreased (8.208033 --> 8.205462).  Saving model ...
2023-02-14 18:32:26,768  VAE Training   INFO  Epoch: 156/200	Train Loss: 8.0544	Val Loss: 8.2055
2023-02-14 18:32:27,740  VAE Training   INFO  Validation loss decreased (8.205462 --> 8.157355).  Saving model ...
2023-02-14 18:32:27,770  VAE Training   INFO  Epoch: 157/200	Train Loss: 8.0431	Val Loss: 8.1574
2023-02-14 18:32:28,736  VAE Training   INFO  EarlyStopping counter: 1 out of 7
2023-02-14 18:32:28,736  VAE Training   INFO  Epoch: 158/200	Train Loss: 8.0407	Val Loss: 8.1628
2023-02-14 18:32:29,697  VAE Training   INFO  EarlyStopping counter: 2 out of 7
2023-02-14 18:32:29,697  VAE Training   INFO  Epoch: 159/200	Train Loss: 8.0309	Val Loss: 8.1929
2023-02-14 18:32:30,647  VAE Training   INFO  Validation loss decreased (8.157355 --> 8.130003).  Saving model ...
2023-02-14 18:32:30,697  VAE Training   INFO  Epoch: 160/200	Train Loss: 8.0277	Val Loss: 8.1300
2023-02-14 18:32:31,677  VAE Training   INFO  EarlyStopping counter: 1 out of 7
2023-02-14 18:32:31,677  VAE Training   INFO  Epoch: 161/200	Train Loss: 8.0255	Val Loss: 8.1614
2023-02-14 18:32:32,645  VAE Training   INFO  EarlyStopping counter: 2 out of 7
2023-02-14 18:32:32,645  VAE Training   INFO  Epoch: 162/200	Train Loss: 8.0282	Val Loss: 8.1514
2023-02-14 18:32:33,722  VAE Training   INFO  EarlyStopping counter: 3 out of 7
2023-02-14 18:32:33,723  VAE Training   INFO  Epoch: 163/200	Train Loss: 8.0050	Val Loss: 8.1409
2023-02-14 18:32:34,779  VAE Training   INFO  EarlyStopping counter: 4 out of 7
2023-02-14 18:32:34,779  VAE Training   INFO  Epoch: 164/200	Train Loss: 7.9760	Val Loss: 8.1899
2023-02-14 18:32:35,738  VAE Training   INFO  EarlyStopping counter: 5 out of 7
2023-02-14 18:32:35,739  VAE Training   INFO  Epoch: 165/200	Train Loss: 7.9608	Val Loss: 8.1543
2023-02-14 18:32:36,860  VAE Training   INFO  EarlyStopping counter: 6 out of 7
2023-02-14 18:32:36,860  VAE Training   INFO  Epoch: 166/200	Train Loss: 7.9785	Val Loss: 8.1815
2023-02-14 18:32:37,860  VAE Training   INFO  Validation loss decreased (8.130003 --> 8.123894).  Saving model ...
2023-02-14 18:32:37,945  VAE Training   INFO  Epoch: 167/200	Train Loss: 7.9513	Val Loss: 8.1239
2023-02-14 18:32:39,067  VAE Training   INFO  Validation loss decreased (8.123894 --> 8.096593).  Saving model ...
2023-02-14 18:32:39,102  VAE Training   INFO  Epoch: 168/200	Train Loss: 7.9514	Val Loss: 8.0966
2023-02-14 18:32:40,188  VAE Training   INFO  EarlyStopping counter: 1 out of 7
2023-02-14 18:32:40,188  VAE Training   INFO  Epoch: 169/200	Train Loss: 7.9261	Val Loss: 8.0994
2023-02-14 18:32:41,418  VAE Training   INFO  EarlyStopping counter: 2 out of 7
2023-02-14 18:32:41,418  VAE Training   INFO  Epoch: 170/200	Train Loss: 7.9198	Val Loss: 8.1221
2023-02-14 18:32:42,759  VAE Training   INFO  Validation loss decreased (8.096593 --> 8.077252).  Saving model ...
2023-02-14 18:32:42,790  VAE Training   INFO  Epoch: 171/200	Train Loss: 7.9233	Val Loss: 8.0773
2023-02-14 18:32:44,126  VAE Training   INFO  EarlyStopping counter: 1 out of 7
2023-02-14 18:32:44,126  VAE Training   INFO  Epoch: 172/200	Train Loss: 7.9370	Val Loss: 8.1255
2023-02-14 18:32:45,271  VAE Training   INFO  Validation loss decreased (8.077252 --> 8.074967).  Saving model ...
2023-02-14 18:32:45,302  VAE Training   INFO  Epoch: 173/200	Train Loss: 7.9249	Val Loss: 8.0750
2023-02-14 18:32:46,255  VAE Training   INFO  EarlyStopping counter: 1 out of 7
2023-02-14 18:32:46,255  VAE Training   INFO  Epoch: 174/200	Train Loss: 7.9364	Val Loss: 8.0952
2023-02-14 18:32:47,321  VAE Training   INFO  Validation loss decreased (8.074967 --> 8.044730).  Saving model ...
2023-02-14 18:32:47,338  VAE Training   INFO  Epoch: 175/200	Train Loss: 7.8887	Val Loss: 8.0447
2023-02-14 18:32:48,341  VAE Training   INFO  EarlyStopping counter: 1 out of 7
2023-02-14 18:32:48,341  VAE Training   INFO  Epoch: 176/200	Train Loss: 7.8875	Val Loss: 8.0766
2023-02-14 18:32:49,289  VAE Training   INFO  EarlyStopping counter: 2 out of 7
2023-02-14 18:32:49,289  VAE Training   INFO  Epoch: 177/200	Train Loss: 7.9100	Val Loss: 8.0852
2023-02-14 18:32:50,237  VAE Training   INFO  Validation loss decreased (8.044730 --> 8.043087).  Saving model ...
2023-02-14 18:32:50,301  VAE Training   INFO  Epoch: 178/200	Train Loss: 7.8393	Val Loss: 8.0431
2023-02-14 18:32:51,274  VAE Training   INFO  Validation loss decreased (8.043087 --> 8.030520).  Saving model ...
2023-02-14 18:32:51,313  VAE Training   INFO  Epoch: 179/200	Train Loss: 7.8716	Val Loss: 8.0305
2023-02-14 18:32:52,340  VAE Training   INFO  EarlyStopping counter: 1 out of 7
2023-02-14 18:32:52,340  VAE Training   INFO  Epoch: 180/200	Train Loss: 7.8669	Val Loss: 8.0472
2023-02-14 18:32:53,314  VAE Training   INFO  Validation loss decreased (8.030520 --> 8.010399).  Saving model ...
2023-02-14 18:32:53,334  VAE Training   INFO  Epoch: 181/200	Train Loss: 7.8396	Val Loss: 8.0104
2023-02-14 18:32:54,292  VAE Training   INFO  Validation loss decreased (8.010399 --> 7.968389).  Saving model ...
2023-02-14 18:32:54,311  VAE Training   INFO  Epoch: 182/200	Train Loss: 7.8484	Val Loss: 7.9684
2023-02-14 18:32:55,271  VAE Training   INFO  EarlyStopping counter: 1 out of 7
2023-02-14 18:32:55,271  VAE Training   INFO  Epoch: 183/200	Train Loss: 7.8238	Val Loss: 8.0082
2023-02-14 18:32:56,217  VAE Training   INFO  EarlyStopping counter: 2 out of 7
2023-02-14 18:32:56,218  VAE Training   INFO  Epoch: 184/200	Train Loss: 7.8149	Val Loss: 8.0209
2023-02-14 18:32:57,164  VAE Training   INFO  EarlyStopping counter: 3 out of 7
2023-02-14 18:32:57,165  VAE Training   INFO  Epoch: 185/200	Train Loss: 7.8042	Val Loss: 7.9945
2023-02-14 18:32:58,122  VAE Training   INFO  EarlyStopping counter: 4 out of 7
2023-02-14 18:32:58,122  VAE Training   INFO  Epoch: 186/200	Train Loss: 7.8072	Val Loss: 8.0065
2023-02-14 18:32:59,098  VAE Training   INFO  Validation loss decreased (7.968389 --> 7.959297).  Saving model ...
2023-02-14 18:32:59,119  VAE Training   INFO  Epoch: 187/200	Train Loss: 7.7906	Val Loss: 7.9593
2023-02-14 18:33:00,217  VAE Training   INFO  Validation loss decreased (7.959297 --> 7.953995).  Saving model ...
2023-02-14 18:33:00,278  VAE Training   INFO  Epoch: 188/200	Train Loss: 7.7959	Val Loss: 7.9540
2023-02-14 18:33:01,481  VAE Training   INFO  EarlyStopping counter: 1 out of 7
2023-02-14 18:33:01,481  VAE Training   INFO  Epoch: 189/200	Train Loss: 7.7723	Val Loss: 7.9990
2023-02-14 18:33:02,437  VAE Training   INFO  Validation loss decreased (7.953995 --> 7.930187).  Saving model ...
2023-02-14 18:33:02,460  VAE Training   INFO  Epoch: 190/200	Train Loss: 7.7554	Val Loss: 7.9302
2023-02-14 18:33:03,410  VAE Training   INFO  EarlyStopping counter: 1 out of 7
2023-02-14 18:33:03,410  VAE Training   INFO  Epoch: 191/200	Train Loss: 7.7497	Val Loss: 7.9625
2023-02-14 18:33:04,379  VAE Training   INFO  EarlyStopping counter: 2 out of 7
2023-02-14 18:33:04,379  VAE Training   INFO  Epoch: 192/200	Train Loss: 7.7639	Val Loss: 7.9614
2023-02-14 18:33:05,333  VAE Training   INFO  Validation loss decreased (7.930187 --> 7.883543).  Saving model ...
2023-02-14 18:33:05,387  VAE Training   INFO  Epoch: 193/200	Train Loss: 7.7572	Val Loss: 7.8835
2023-02-14 18:33:06,360  VAE Training   INFO  EarlyStopping counter: 1 out of 7
2023-02-14 18:33:06,360  VAE Training   INFO  Epoch: 194/200	Train Loss: 7.7358	Val Loss: 7.9217
2023-02-14 18:33:07,326  VAE Training   INFO  EarlyStopping counter: 2 out of 7
2023-02-14 18:33:07,326  VAE Training   INFO  Epoch: 195/200	Train Loss: 7.7443	Val Loss: 7.9190
2023-02-14 18:33:08,287  VAE Training   INFO  Validation loss decreased (7.883543 --> 7.846461).  Saving model ...
2023-02-14 18:33:08,305  VAE Training   INFO  Epoch: 196/200	Train Loss: 7.7485	Val Loss: 7.8465
2023-02-14 18:33:09,272  VAE Training   INFO  EarlyStopping counter: 1 out of 7
2023-02-14 18:33:09,272  VAE Training   INFO  Epoch: 197/200	Train Loss: 7.7007	Val Loss: 7.8616
2023-02-14 18:33:10,242  VAE Training   INFO  EarlyStopping counter: 2 out of 7
2023-02-14 18:33:10,242  VAE Training   INFO  Epoch: 198/200	Train Loss: 7.7057	Val Loss: 7.9108
2023-02-14 18:33:11,203  VAE Training   INFO  EarlyStopping counter: 3 out of 7
2023-02-14 18:33:11,203  VAE Training   INFO  Epoch: 199/200	Train Loss: 7.7057	Val Loss: 7.8800
2023-02-14 18:33:12,160  VAE Training   INFO  Validation loss decreased (7.846461 --> 7.828932).  Saving model ...
2023-02-14 18:33:12,214  VAE Training   INFO  Epoch: 200/200	Train Loss: 7.7167	Val Loss: 7.8289
2023-02-14 18:33:12,225  matplotlib.pyplot  DEBUG  Loaded backend agg version unknown.
2023-02-14 18:33:12,964  VAE Training   INFO  Training for gender = 0 with 24891 datapoints
2023-02-14 18:33:14,985  VAE Training   INFO  Validation loss decreased (inf --> 14.797731).  Saving model ...
2023-02-14 18:33:15,008  VAE Training   INFO  Epoch: 1/200	Train Loss: 20.9783	Val Loss: 14.7977
2023-02-14 18:33:17,005  VAE Training   INFO  Validation loss decreased (14.797731 --> 14.740697).  Saving model ...
2023-02-14 18:33:17,058  VAE Training   INFO  Epoch: 2/200	Train Loss: 14.7861	Val Loss: 14.7407
2023-02-14 18:33:19,051  VAE Training   INFO  Validation loss decreased (14.740697 --> 14.247946).  Saving model ...
2023-02-14 18:33:19,082  VAE Training   INFO  Epoch: 3/200	Train Loss: 14.6147	Val Loss: 14.2479
2023-02-14 18:33:21,147  VAE Training   INFO  Validation loss decreased (14.247946 --> 13.346598).  Saving model ...
2023-02-14 18:33:21,207  VAE Training   INFO  Epoch: 4/200	Train Loss: 13.6926	Val Loss: 13.3466
2023-02-14 18:33:23,230  VAE Training   INFO  Validation loss decreased (13.346598 --> 13.085326).  Saving model ...
2023-02-14 18:33:23,259  VAE Training   INFO  Epoch: 5/200	Train Loss: 13.2095	Val Loss: 13.0853
2023-02-14 18:33:25,462  VAE Training   INFO  Validation loss decreased (13.085326 --> 12.906462).  Saving model ...
2023-02-14 18:33:25,497  VAE Training   INFO  Epoch: 6/200	Train Loss: 13.0073	Val Loss: 12.9065
2023-02-14 18:33:27,478  VAE Training   INFO  Validation loss decreased (12.906462 --> 12.672053).  Saving model ...
2023-02-14 18:33:27,524  VAE Training   INFO  Epoch: 7/200	Train Loss: 12.8138	Val Loss: 12.6721
2023-02-14 18:33:29,495  VAE Training   INFO  Validation loss decreased (12.672053 --> 12.398036).  Saving model ...
2023-02-14 18:33:29,514  VAE Training   INFO  Epoch: 8/200	Train Loss: 12.5514	Val Loss: 12.3980
2023-02-14 18:33:31,496  VAE Training   INFO  Validation loss decreased (12.398036 --> 12.139865).  Saving model ...
2023-02-14 18:33:31,532  VAE Training   INFO  Epoch: 9/200	Train Loss: 12.2988	Val Loss: 12.1399
2023-02-14 18:33:33,493  VAE Training   INFO  Validation loss decreased (12.139865 --> 11.846038).  Saving model ...
2023-02-14 18:33:33,519  VAE Training   INFO  Epoch: 10/200	Train Loss: 12.0243	Val Loss: 11.8460
2023-02-14 18:33:35,496  VAE Training   INFO  Validation loss decreased (11.846038 --> 11.660957).  Saving model ...
2023-02-14 18:33:35,526  VAE Training   INFO  Epoch: 11/200	Train Loss: 11.7954	Val Loss: 11.6610
2023-02-14 18:33:37,498  VAE Training   INFO  Validation loss decreased (11.660957 --> 11.497140).  Saving model ...
2023-02-14 18:33:37,532  VAE Training   INFO  Epoch: 12/200	Train Loss: 11.6173	Val Loss: 11.4971
2023-02-14 18:33:39,536  VAE Training   INFO  Validation loss decreased (11.497140 --> 11.315057).  Saving model ...
2023-02-14 18:33:39,558  VAE Training   INFO  Epoch: 13/200	Train Loss: 11.4440	Val Loss: 11.3151
2023-02-14 18:33:41,679  VAE Training   INFO  Validation loss decreased (11.315057 --> 11.120040).  Saving model ...
2023-02-14 18:33:41,732  VAE Training   INFO  Epoch: 14/200	Train Loss: 11.2654	Val Loss: 11.1200
2023-02-14 18:33:43,900  VAE Training   INFO  Validation loss decreased (11.120040 --> 10.962277).  Saving model ...
2023-02-14 18:33:43,921  VAE Training   INFO  Epoch: 15/200	Train Loss: 11.0751	Val Loss: 10.9623
2023-02-14 18:33:45,975  VAE Training   INFO  Validation loss decreased (10.962277 --> 10.759477).  Saving model ...
2023-02-14 18:33:46,019  VAE Training   INFO  Epoch: 16/200	Train Loss: 10.9018	Val Loss: 10.7595
2023-02-14 18:33:48,027  VAE Training   INFO  Validation loss decreased (10.759477 --> 10.617669).  Saving model ...
2023-02-14 18:33:48,068  VAE Training   INFO  Epoch: 17/200	Train Loss: 10.7404	Val Loss: 10.6177
2023-02-14 18:33:50,044  VAE Training   INFO  Validation loss decreased (10.617669 --> 10.480190).  Saving model ...
2023-02-14 18:33:50,099  VAE Training   INFO  Epoch: 18/200	Train Loss: 10.6088	Val Loss: 10.4802
2023-02-14 18:33:52,111  VAE Training   INFO  Validation loss decreased (10.480190 --> 10.361149).  Saving model ...
2023-02-14 18:33:52,170  VAE Training   INFO  Epoch: 19/200	Train Loss: 10.4596	Val Loss: 10.3611
2023-02-14 18:33:54,167  VAE Training   INFO  Validation loss decreased (10.361149 --> 10.199833).  Saving model ...
2023-02-14 18:33:54,204  VAE Training   INFO  Epoch: 20/200	Train Loss: 10.3215	Val Loss: 10.1998
2023-02-14 18:33:56,186  VAE Training   INFO  Validation loss decreased (10.199833 --> 10.149949).  Saving model ...
2023-02-14 18:33:56,207  VAE Training   INFO  Epoch: 21/200	Train Loss: 10.2282	Val Loss: 10.1499
2023-02-14 18:33:58,069  VAE Training   INFO  Validation loss decreased (10.149949 --> 10.017233).  Saving model ...
2023-02-14 18:33:58,107  VAE Training   INFO  Epoch: 22/200	Train Loss: 10.0980	Val Loss: 10.0172
2023-02-14 18:33:59,708  VAE Training   INFO  Validation loss decreased (10.017233 --> 9.901787).  Saving model ...
2023-02-14 18:33:59,738  VAE Training   INFO  Epoch: 23/200	Train Loss: 10.0277	Val Loss: 9.9018
2023-02-14 18:34:01,626  VAE Training   INFO  Validation loss decreased (9.901787 --> 9.848741).  Saving model ...
2023-02-14 18:34:01,659  VAE Training   INFO  Epoch: 24/200	Train Loss: 9.8915	Val Loss: 9.8487
2023-02-14 18:34:03,870  VAE Training   INFO  Validation loss decreased (9.848741 --> 9.716865).  Saving model ...
2023-02-14 18:34:03,916  VAE Training   INFO  Epoch: 25/200	Train Loss: 9.8189	Val Loss: 9.7169
2023-02-14 18:34:05,961  VAE Training   INFO  Validation loss decreased (9.716865 --> 9.712868).  Saving model ...
2023-02-14 18:34:06,019  VAE Training   INFO  Epoch: 26/200	Train Loss: 9.7883	Val Loss: 9.7129
2023-02-14 18:34:08,048  VAE Training   INFO  Validation loss decreased (9.712868 --> 9.602221).  Saving model ...
2023-02-14 18:34:08,092  VAE Training   INFO  Epoch: 27/200	Train Loss: 9.7028	Val Loss: 9.6022
2023-02-14 18:34:10,094  VAE Training   INFO  Validation loss decreased (9.602221 --> 9.551254).  Saving model ...
2023-02-14 18:34:10,138  VAE Training   INFO  Epoch: 28/200	Train Loss: 9.6219	Val Loss: 9.5513
2023-02-14 18:34:12,121  VAE Training   INFO  Validation loss decreased (9.551254 --> 9.497370).  Saving model ...
2023-02-14 18:34:12,166  VAE Training   INFO  Epoch: 29/200	Train Loss: 9.5799	Val Loss: 9.4974
2023-02-14 18:34:14,222  VAE Training   INFO  Validation loss decreased (9.497370 --> 9.455227).  Saving model ...
2023-02-14 18:34:14,277  VAE Training   INFO  Epoch: 30/200	Train Loss: 9.5527	Val Loss: 9.4552
2023-02-14 18:34:16,284  VAE Training   INFO  Validation loss decreased (9.455227 --> 9.449786).  Saving model ...
2023-02-14 18:34:16,346  VAE Training   INFO  Epoch: 31/200	Train Loss: 9.4940	Val Loss: 9.4498
2023-02-14 18:34:18,383  VAE Training   INFO  Validation loss decreased (9.449786 --> 9.379002).  Saving model ...
2023-02-14 18:34:18,437  VAE Training   INFO  Epoch: 32/200	Train Loss: 9.4294	Val Loss: 9.3790
2023-02-14 18:34:20,296  VAE Training   INFO  Validation loss decreased (9.379002 --> 9.336486).  Saving model ...
2023-02-14 18:34:20,321  VAE Training   INFO  Epoch: 33/200	Train Loss: 9.4069	Val Loss: 9.3365
2023-02-14 18:34:22,302  VAE Training   INFO  Validation loss decreased (9.336486 --> 9.297316).  Saving model ...
2023-02-14 18:34:22,358  VAE Training   INFO  Epoch: 34/200	Train Loss: 9.3880	Val Loss: 9.2973
2023-02-14 18:34:24,538  VAE Training   INFO  Validation loss decreased (9.297316 --> 9.266429).  Saving model ...
2023-02-14 18:34:24,547  VAE Training   INFO  Epoch: 35/200	Train Loss: 9.3345	Val Loss: 9.2664
2023-02-14 18:34:26,605  VAE Training   INFO  Validation loss decreased (9.266429 --> 9.210732).  Saving model ...
2023-02-14 18:34:26,880  VAE Training   INFO  Epoch: 36/200	Train Loss: 9.2828	Val Loss: 9.2107
2023-02-14 18:34:29,554  VAE Training   INFO  EarlyStopping counter: 1 out of 7
2023-02-14 18:34:29,555  VAE Training   INFO  Epoch: 37/200	Train Loss: 9.2448	Val Loss: 9.2140
2023-02-14 18:34:31,784  VAE Training   INFO  Validation loss decreased (9.210732 --> 9.163114).  Saving model ...
2023-02-14 18:34:31,829  VAE Training   INFO  Epoch: 38/200	Train Loss: 9.2359	Val Loss: 9.1631
2023-02-14 18:34:34,321  VAE Training   INFO  Validation loss decreased (9.163114 --> 9.158701).  Saving model ...
2023-02-14 18:34:34,384  VAE Training   INFO  Epoch: 39/200	Train Loss: 9.2105	Val Loss: 9.1587
2023-02-14 18:34:36,845  VAE Training   INFO  Validation loss decreased (9.158701 --> 9.080190).  Saving model ...
2023-02-14 18:34:36,891  VAE Training   INFO  Epoch: 40/200	Train Loss: 9.1571	Val Loss: 9.0802
2023-02-14 18:34:39,019  VAE Training   INFO  Validation loss decreased (9.080190 --> 9.052174).  Saving model ...
2023-02-14 18:34:39,056  VAE Training   INFO  Epoch: 41/200	Train Loss: 9.1143	Val Loss: 9.0522
2023-02-14 18:34:41,198  VAE Training   INFO  Validation loss decreased (9.052174 --> 9.024015).  Saving model ...
2023-02-14 18:34:41,216  VAE Training   INFO  Epoch: 42/200	Train Loss: 9.0770	Val Loss: 9.0240
2023-02-14 18:34:43,603  VAE Training   INFO  EarlyStopping counter: 1 out of 7
2023-02-14 18:34:43,603  VAE Training   INFO  Epoch: 43/200	Train Loss: 9.0379	Val Loss: 9.0294
2023-02-14 18:34:46,125  VAE Training   INFO  Validation loss decreased (9.024015 --> 8.959924).  Saving model ...
2023-02-14 18:34:46,276  VAE Training   INFO  Epoch: 44/200	Train Loss: 9.0378	Val Loss: 8.9599
2023-02-14 18:34:48,291  VAE Training   INFO  Validation loss decreased (8.959924 --> 8.884770).  Saving model ...
2023-02-14 18:34:48,335  VAE Training   INFO  Epoch: 45/200	Train Loss: 8.9532	Val Loss: 8.8848
2023-02-14 18:34:50,342  VAE Training   INFO  EarlyStopping counter: 1 out of 7
2023-02-14 18:34:50,343  VAE Training   INFO  Epoch: 46/200	Train Loss: 8.9206	Val Loss: 8.8901
2023-02-14 18:34:52,870  VAE Training   INFO  EarlyStopping counter: 2 out of 7
2023-02-14 18:34:52,870  VAE Training   INFO  Epoch: 47/200	Train Loss: 8.8931	Val Loss: 8.9093
2023-02-14 18:34:55,337  VAE Training   INFO  Validation loss decreased (8.884770 --> 8.805859).  Saving model ...
2023-02-14 18:34:55,355  VAE Training   INFO  Epoch: 48/200	Train Loss: 8.8705	Val Loss: 8.8059
2023-02-14 18:34:57,425  VAE Training   INFO  Validation loss decreased (8.805859 --> 8.770131).  Saving model ...
2023-02-14 18:34:57,446  VAE Training   INFO  Epoch: 49/200	Train Loss: 8.8019	Val Loss: 8.7701
2023-02-14 18:34:59,436  VAE Training   INFO  Validation loss decreased (8.770131 --> 8.754305).  Saving model ...
2023-02-14 18:34:59,488  VAE Training   INFO  Epoch: 50/200	Train Loss: 8.7653	Val Loss: 8.7543
2023-02-14 18:35:01,554  VAE Training   INFO  Validation loss decreased (8.754305 --> 8.678858).  Saving model ...
2023-02-14 18:35:01,576  VAE Training   INFO  Epoch: 51/200	Train Loss: 8.7298	Val Loss: 8.6789
2023-02-14 18:35:03,691  VAE Training   INFO  Validation loss decreased (8.678858 --> 8.622851).  Saving model ...
2023-02-14 18:35:03,733  VAE Training   INFO  Epoch: 52/200	Train Loss: 8.6718	Val Loss: 8.6229
2023-02-14 18:35:06,139  VAE Training   INFO  Validation loss decreased (8.622851 --> 8.603724).  Saving model ...
2023-02-14 18:35:06,156  VAE Training   INFO  Epoch: 53/200	Train Loss: 8.6416	Val Loss: 8.6037
2023-02-14 18:35:08,240  VAE Training   INFO  Validation loss decreased (8.603724 --> 8.567810).  Saving model ...
2023-02-14 18:35:08,271  VAE Training   INFO  Epoch: 54/200	Train Loss: 8.5843	Val Loss: 8.5678
2023-02-14 18:35:10,281  VAE Training   INFO  Validation loss decreased (8.567810 --> 8.548071).  Saving model ...
2023-02-14 18:35:10,331  VAE Training   INFO  Epoch: 55/200	Train Loss: 8.6147	Val Loss: 8.5481
2023-02-14 18:35:12,415  VAE Training   INFO  EarlyStopping counter: 1 out of 7
2023-02-14 18:35:12,415  VAE Training   INFO  Epoch: 56/200	Train Loss: 8.5416	Val Loss: 8.5560
2023-02-14 18:35:14,426  VAE Training   INFO  Validation loss decreased (8.548071 --> 8.520802).  Saving model ...
2023-02-14 18:35:14,480  VAE Training   INFO  Epoch: 57/200	Train Loss: 8.5358	Val Loss: 8.5208
2023-02-14 18:35:16,606  VAE Training   INFO  Validation loss decreased (8.520802 --> 8.489645).  Saving model ...
2023-02-14 18:35:16,642  VAE Training   INFO  Epoch: 58/200	Train Loss: 8.5060	Val Loss: 8.4896
2023-02-14 18:35:18,679  VAE Training   INFO  Validation loss decreased (8.489645 --> 8.418864).  Saving model ...
2023-02-14 18:35:18,726  VAE Training   INFO  Epoch: 59/200	Train Loss: 8.4788	Val Loss: 8.4189
2023-02-14 18:35:20,753  VAE Training   INFO  EarlyStopping counter: 1 out of 7
2023-02-14 18:35:20,753  VAE Training   INFO  Epoch: 60/200	Train Loss: 8.4427	Val Loss: 8.4282
2023-02-14 18:35:22,757  VAE Training   INFO  Validation loss decreased (8.418864 --> 8.368342).  Saving model ...
2023-02-14 18:35:22,792  VAE Training   INFO  Epoch: 61/200	Train Loss: 8.4330	Val Loss: 8.3683
2023-02-14 18:35:24,813  VAE Training   INFO  EarlyStopping counter: 1 out of 7
2023-02-14 18:35:24,813  VAE Training   INFO  Epoch: 62/200	Train Loss: 8.4098	Val Loss: 8.3761
2023-02-14 18:35:26,816  VAE Training   INFO  EarlyStopping counter: 2 out of 7
2023-02-14 18:35:26,816  VAE Training   INFO  Epoch: 63/200	Train Loss: 8.4223	Val Loss: 8.3737
2023-02-14 18:35:28,815  VAE Training   INFO  Validation loss decreased (8.368342 --> 8.312834).  Saving model ...
2023-02-14 18:35:28,880  VAE Training   INFO  Epoch: 64/200	Train Loss: 8.3825	Val Loss: 8.3128
2023-02-14 18:35:30,885  VAE Training   INFO  EarlyStopping counter: 1 out of 7
2023-02-14 18:35:30,885  VAE Training   INFO  Epoch: 65/200	Train Loss: 8.3361	Val Loss: 8.3527
2023-02-14 18:35:32,874  VAE Training   INFO  Validation loss decreased (8.312834 --> 8.301292).  Saving model ...
2023-02-14 18:35:32,919  VAE Training   INFO  Epoch: 66/200	Train Loss: 8.3083	Val Loss: 8.3013
2023-02-14 18:35:34,933  VAE Training   INFO  Validation loss decreased (8.301292 --> 8.299313).  Saving model ...
2023-02-14 18:35:34,988  VAE Training   INFO  Epoch: 67/200	Train Loss: 8.3042	Val Loss: 8.2993
2023-02-14 18:35:36,996  VAE Training   INFO  Validation loss decreased (8.299313 --> 8.292887).  Saving model ...
2023-02-14 18:35:37,043  VAE Training   INFO  Epoch: 68/200	Train Loss: 8.2739	Val Loss: 8.2929
2023-02-14 18:35:39,061  VAE Training   INFO  Validation loss decreased (8.292887 --> 8.264036).  Saving model ...
2023-02-14 18:35:39,096  VAE Training   INFO  Epoch: 69/200	Train Loss: 8.2343	Val Loss: 8.2640
2023-02-14 18:35:41,167  VAE Training   INFO  Validation loss decreased (8.264036 --> 8.225770).  Saving model ...
2023-02-14 18:35:41,198  VAE Training   INFO  Epoch: 70/200	Train Loss: 8.2309	Val Loss: 8.2258
2023-02-14 18:35:43,196  VAE Training   INFO  Validation loss decreased (8.225770 --> 8.207499).  Saving model ...
2023-02-14 18:35:43,233  VAE Training   INFO  Epoch: 71/200	Train Loss: 8.2308	Val Loss: 8.2075
2023-02-14 18:35:45,276  VAE Training   INFO  Validation loss decreased (8.207499 --> 8.168640).  Saving model ...
2023-02-14 18:35:45,325  VAE Training   INFO  Epoch: 72/200	Train Loss: 8.1899	Val Loss: 8.1686
2023-02-14 18:35:47,655  VAE Training   INFO  EarlyStopping counter: 1 out of 7
2023-02-14 18:35:47,656  VAE Training   INFO  Epoch: 73/200	Train Loss: 8.1667	Val Loss: 8.1717
2023-02-14 18:35:50,146  VAE Training   INFO  Validation loss decreased (8.168640 --> 8.158052).  Saving model ...
2023-02-14 18:35:50,180  VAE Training   INFO  Epoch: 74/200	Train Loss: 8.1637	Val Loss: 8.1581
2023-02-14 18:35:52,608  VAE Training   INFO  EarlyStopping counter: 1 out of 7
2023-02-14 18:35:52,608  VAE Training   INFO  Epoch: 75/200	Train Loss: 8.1277	Val Loss: 8.1582
2023-02-14 18:35:55,103  VAE Training   INFO  Validation loss decreased (8.158052 --> 8.148472).  Saving model ...
2023-02-14 18:35:55,134  VAE Training   INFO  Epoch: 76/200	Train Loss: 8.1239	Val Loss: 8.1485
2023-02-14 18:35:57,581  VAE Training   INFO  Validation loss decreased (8.148472 --> 8.115655).  Saving model ...
2023-02-14 18:35:57,614  VAE Training   INFO  Epoch: 77/200	Train Loss: 8.0923	Val Loss: 8.1157
2023-02-14 18:36:00,110  VAE Training   INFO  Validation loss decreased (8.115655 --> 8.080137).  Saving model ...
2023-02-14 18:36:00,141  VAE Training   INFO  Epoch: 78/200	Train Loss: 8.0894	Val Loss: 8.0801
2023-02-14 18:36:02,588  VAE Training   INFO  Validation loss decreased (8.080137 --> 8.054809).  Saving model ...
2023-02-14 18:36:02,629  VAE Training   INFO  Epoch: 79/200	Train Loss: 8.0677	Val Loss: 8.0548
2023-02-14 18:36:05,008  VAE Training   INFO  EarlyStopping counter: 1 out of 7
2023-02-14 18:36:05,008  VAE Training   INFO  Epoch: 80/200	Train Loss: 8.0564	Val Loss: 8.0711
2023-02-14 18:36:06,988  VAE Training   INFO  EarlyStopping counter: 2 out of 7
2023-02-14 18:36:06,988  VAE Training   INFO  Epoch: 81/200	Train Loss: 8.0387	Val Loss: 8.0692
2023-02-14 18:36:08,976  VAE Training   INFO  EarlyStopping counter: 3 out of 7
2023-02-14 18:36:08,976  VAE Training   INFO  Epoch: 82/200	Train Loss: 8.0337	Val Loss: 8.0975
2023-02-14 18:36:10,988  VAE Training   INFO  Validation loss decreased (8.054809 --> 8.020101).  Saving model ...
2023-02-14 18:36:11,045  VAE Training   INFO  Epoch: 83/200	Train Loss: 8.0131	Val Loss: 8.0201
2023-02-14 18:36:13,262  VAE Training   INFO  Validation loss decreased (8.020101 --> 8.014224).  Saving model ...
2023-02-14 18:36:13,275  VAE Training   INFO  Epoch: 84/200	Train Loss: 8.0031	Val Loss: 8.0142
2023-02-14 18:36:15,421  VAE Training   INFO  EarlyStopping counter: 1 out of 7
2023-02-14 18:36:15,421  VAE Training   INFO  Epoch: 85/200	Train Loss: 7.9618	Val Loss: 8.0264
2023-02-14 18:36:17,529  VAE Training   INFO  Validation loss decreased (8.014224 --> 7.980894).  Saving model ...
2023-02-14 18:36:17,556  VAE Training   INFO  Epoch: 86/200	Train Loss: 7.9772	Val Loss: 7.9809
2023-02-14 18:36:19,710  VAE Training   INFO  Validation loss decreased (7.980894 --> 7.946476).  Saving model ...
2023-02-14 18:36:19,766  VAE Training   INFO  Epoch: 87/200	Train Loss: 7.9633	Val Loss: 7.9465
2023-02-14 18:36:22,000  VAE Training   INFO  EarlyStopping counter: 1 out of 7
2023-02-14 18:36:22,001  VAE Training   INFO  Epoch: 88/200	Train Loss: 7.9425	Val Loss: 7.9580
2023-02-14 18:36:24,099  VAE Training   INFO  Validation loss decreased (7.946476 --> 7.916510).  Saving model ...
2023-02-14 18:36:24,142  VAE Training   INFO  Epoch: 89/200	Train Loss: 7.9519	Val Loss: 7.9165
2023-02-14 18:36:26,135  VAE Training   INFO  EarlyStopping counter: 1 out of 7
2023-02-14 18:36:26,135  VAE Training   INFO  Epoch: 90/200	Train Loss: 7.9358	Val Loss: 7.9179
2023-02-14 18:36:28,196  VAE Training   INFO  EarlyStopping counter: 2 out of 7
2023-02-14 18:36:28,196  VAE Training   INFO  Epoch: 91/200	Train Loss: 7.9092	Val Loss: 7.9440
2023-02-14 18:36:30,201  VAE Training   INFO  EarlyStopping counter: 3 out of 7
2023-02-14 18:36:30,202  VAE Training   INFO  Epoch: 92/200	Train Loss: 7.9336	Val Loss: 7.9486
2023-02-14 18:36:32,214  VAE Training   INFO  Validation loss decreased (7.916510 --> 7.853875).  Saving model ...
2023-02-14 18:36:32,263  VAE Training   INFO  Epoch: 93/200	Train Loss: 7.9054	Val Loss: 7.8539
2023-02-14 18:36:34,286  VAE Training   INFO  EarlyStopping counter: 1 out of 7
2023-02-14 18:36:34,286  VAE Training   INFO  Epoch: 94/200	Train Loss: 7.8799	Val Loss: 7.9353
2023-02-14 18:36:36,271  VAE Training   INFO  EarlyStopping counter: 2 out of 7
2023-02-14 18:36:36,271  VAE Training   INFO  Epoch: 95/200	Train Loss: 7.8775	Val Loss: 7.8947
2023-02-14 18:36:38,462  VAE Training   INFO  Validation loss decreased (7.853875 --> 7.832123).  Saving model ...
2023-02-14 18:36:38,575  VAE Training   INFO  Epoch: 96/200	Train Loss: 7.8577	Val Loss: 7.8321
2023-02-14 18:36:41,063  VAE Training   INFO  Validation loss decreased (7.832123 --> 7.821262).  Saving model ...
2023-02-14 18:36:41,096  VAE Training   INFO  Epoch: 97/200	Train Loss: 7.8418	Val Loss: 7.8213
2023-02-14 18:36:43,671  VAE Training   INFO  EarlyStopping counter: 1 out of 7
2023-02-14 18:36:43,671  VAE Training   INFO  Epoch: 98/200	Train Loss: 7.8491	Val Loss: 7.8489
2023-02-14 18:36:46,177  VAE Training   INFO  EarlyStopping counter: 2 out of 7
2023-02-14 18:36:46,178  VAE Training   INFO  Epoch: 99/200	Train Loss: 7.8453	Val Loss: 7.8255
2023-02-14 18:36:48,632  VAE Training   INFO  Validation loss decreased (7.821262 --> 7.810728).  Saving model ...
2023-02-14 18:36:48,707  VAE Training   INFO  Epoch: 100/200	Train Loss: 7.8184	Val Loss: 7.8107
2023-02-14 18:36:50,716  VAE Training   INFO  EarlyStopping counter: 1 out of 7
2023-02-14 18:36:50,716  VAE Training   INFO  Epoch: 101/200	Train Loss: 7.8015	Val Loss: 7.8483
2023-02-14 18:36:52,687  VAE Training   INFO  EarlyStopping counter: 2 out of 7
2023-02-14 18:36:52,687  VAE Training   INFO  Epoch: 102/200	Train Loss: 7.8059	Val Loss: 7.8162
2023-02-14 18:36:54,701  VAE Training   INFO  Validation loss decreased (7.810728 --> 7.771170).  Saving model ...
2023-02-14 18:36:54,730  VAE Training   INFO  Epoch: 103/200	Train Loss: 7.7845	Val Loss: 7.7712
2023-02-14 18:36:56,722  VAE Training   INFO  EarlyStopping counter: 1 out of 7
2023-02-14 18:36:56,722  VAE Training   INFO  Epoch: 104/200	Train Loss: 7.7751	Val Loss: 7.8017
2023-02-14 18:36:58,737  VAE Training   INFO  Validation loss decreased (7.771170 --> 7.756943).  Saving model ...
2023-02-14 18:36:58,768  VAE Training   INFO  Epoch: 105/200	Train Loss: 7.7952	Val Loss: 7.7569
2023-02-14 18:37:00,783  VAE Training   INFO  EarlyStopping counter: 1 out of 7
2023-02-14 18:37:00,783  VAE Training   INFO  Epoch: 106/200	Train Loss: 7.7560	Val Loss: 7.7791
2023-02-14 18:37:02,785  VAE Training   INFO  EarlyStopping counter: 2 out of 7
2023-02-14 18:37:02,785  VAE Training   INFO  Epoch: 107/200	Train Loss: 7.7292	Val Loss: 7.7718
2023-02-14 18:37:04,816  VAE Training   INFO  EarlyStopping counter: 3 out of 7
2023-02-14 18:37:04,816  VAE Training   INFO  Epoch: 108/200	Train Loss: 7.7277	Val Loss: 7.7812
2023-02-14 18:37:06,820  VAE Training   INFO  Validation loss decreased (7.756943 --> 7.742826).  Saving model ...
2023-02-14 18:37:06,878  VAE Training   INFO  Epoch: 109/200	Train Loss: 7.7262	Val Loss: 7.7428
2023-02-14 18:37:08,908  VAE Training   INFO  EarlyStopping counter: 1 out of 7
2023-02-14 18:37:08,908  VAE Training   INFO  Epoch: 110/200	Train Loss: 7.7162	Val Loss: 7.7812
2023-02-14 18:37:10,979  VAE Training   INFO  Validation loss decreased (7.742826 --> 7.700717).  Saving model ...
2023-02-14 18:37:11,037  VAE Training   INFO  Epoch: 111/200	Train Loss: 7.7034	Val Loss: 7.7007
2023-02-14 18:37:13,027  VAE Training   INFO  EarlyStopping counter: 1 out of 7
2023-02-14 18:37:13,027  VAE Training   INFO  Epoch: 112/200	Train Loss: 7.6896	Val Loss: 7.7726
2023-02-14 18:37:15,023  VAE Training   INFO  Validation loss decreased (7.700717 --> 7.662440).  Saving model ...
2023-02-14 18:37:15,038  VAE Training   INFO  Epoch: 113/200	Train Loss: 7.6577	Val Loss: 7.6624
2023-02-14 18:37:17,013  VAE Training   INFO  EarlyStopping counter: 1 out of 7
2023-02-14 18:37:17,013  VAE Training   INFO  Epoch: 114/200	Train Loss: 7.6699	Val Loss: 7.6801
2023-02-14 18:37:19,632  VAE Training   INFO  Validation loss decreased (7.662440 --> 7.658671).  Saving model ...
2023-02-14 18:37:19,665  VAE Training   INFO  Epoch: 115/200	Train Loss: 7.6713	Val Loss: 7.6587
2023-02-14 18:37:21,764  VAE Training   INFO  Validation loss decreased (7.658671 --> 7.636029).  Saving model ...
2023-02-14 18:37:21,815  VAE Training   INFO  Epoch: 116/200	Train Loss: 7.6429	Val Loss: 7.6360
2023-02-14 18:37:23,833  VAE Training   INFO  EarlyStopping counter: 1 out of 7
2023-02-14 18:37:23,833  VAE Training   INFO  Epoch: 117/200	Train Loss: 7.6273	Val Loss: 7.7251
2023-02-14 18:37:25,831  VAE Training   INFO  EarlyStopping counter: 2 out of 7
2023-02-14 18:37:25,831  VAE Training   INFO  Epoch: 118/200	Train Loss: 7.6326	Val Loss: 7.6856
2023-02-14 18:37:27,955  VAE Training   INFO  EarlyStopping counter: 3 out of 7
2023-02-14 18:37:27,956  VAE Training   INFO  Epoch: 119/200	Train Loss: 7.6237	Val Loss: 7.7036
2023-02-14 18:37:30,016  VAE Training   INFO  Validation loss decreased (7.636029 --> 7.594048).  Saving model ...
2023-02-14 18:37:30,081  VAE Training   INFO  Epoch: 120/200	Train Loss: 7.6161	Val Loss: 7.5940
2023-02-14 18:37:32,201  VAE Training   INFO  EarlyStopping counter: 1 out of 7
2023-02-14 18:37:32,201  VAE Training   INFO  Epoch: 121/200	Train Loss: 7.6178	Val Loss: 7.5998
2023-02-14 18:37:34,731  VAE Training   INFO  EarlyStopping counter: 2 out of 7
2023-02-14 18:37:34,731  VAE Training   INFO  Epoch: 122/200	Train Loss: 7.5879	Val Loss: 7.5946
2023-02-14 18:37:37,206  VAE Training   INFO  EarlyStopping counter: 3 out of 7
2023-02-14 18:37:37,206  VAE Training   INFO  Epoch: 123/200	Train Loss: 7.5984	Val Loss: 7.6494
2023-02-14 18:37:39,681  VAE Training   INFO  Validation loss decreased (7.594048 --> 7.588157).  Saving model ...
2023-02-14 18:37:39,713  VAE Training   INFO  Epoch: 124/200	Train Loss: 7.5918	Val Loss: 7.5882
2023-02-14 18:37:42,176  VAE Training   INFO  EarlyStopping counter: 1 out of 7
2023-02-14 18:37:42,176  VAE Training   INFO  Epoch: 125/200	Train Loss: 7.5550	Val Loss: 7.6585
2023-02-14 18:37:44,152  VAE Training   INFO  Validation loss decreased (7.588157 --> 7.573455).  Saving model ...
2023-02-14 18:37:44,200  VAE Training   INFO  Epoch: 126/200	Train Loss: 7.5626	Val Loss: 7.5735
2023-02-14 18:37:46,212  VAE Training   INFO  EarlyStopping counter: 1 out of 7
2023-02-14 18:37:46,212  VAE Training   INFO  Epoch: 127/200	Train Loss: 7.5718	Val Loss: 7.6323
2023-02-14 18:37:48,175  VAE Training   INFO  EarlyStopping counter: 2 out of 7
2023-02-14 18:37:48,175  VAE Training   INFO  Epoch: 128/200	Train Loss: 7.5520	Val Loss: 7.5839
2023-02-14 18:37:50,134  VAE Training   INFO  EarlyStopping counter: 3 out of 7
2023-02-14 18:37:50,134  VAE Training   INFO  Epoch: 129/200	Train Loss: 7.5787	Val Loss: 7.5851
2023-02-14 18:37:52,165  VAE Training   INFO  Validation loss decreased (7.573455 --> 7.573130).  Saving model ...
2023-02-14 18:37:52,215  VAE Training   INFO  Epoch: 130/200	Train Loss: 7.5609	Val Loss: 7.5731
2023-02-14 18:37:54,214  VAE Training   INFO  Validation loss decreased (7.573130 --> 7.568037).  Saving model ...
2023-02-14 18:37:54,260  VAE Training   INFO  Epoch: 131/200	Train Loss: 7.5323	Val Loss: 7.5680
2023-02-14 18:37:56,305  VAE Training   INFO  Validation loss decreased (7.568037 --> 7.534715).  Saving model ...
2023-02-14 18:37:56,378  VAE Training   INFO  Epoch: 132/200	Train Loss: 7.5137	Val Loss: 7.5347
2023-02-14 18:37:58,399  VAE Training   INFO  Validation loss decreased (7.534715 --> 7.530711).  Saving model ...
2023-02-14 18:37:58,454  VAE Training   INFO  Epoch: 133/200	Train Loss: 7.5089	Val Loss: 7.5307
2023-02-14 18:38:00,495  VAE Training   INFO  EarlyStopping counter: 1 out of 7
2023-02-14 18:38:00,495  VAE Training   INFO  Epoch: 134/200	Train Loss: 7.4911	Val Loss: 7.5441
2023-02-14 18:38:02,950  VAE Training   INFO  Validation loss decreased (7.530711 --> 7.514597).  Saving model ...
2023-02-14 18:38:03,000  VAE Training   INFO  Epoch: 135/200	Train Loss: 7.4880	Val Loss: 7.5146
2023-02-14 18:38:05,752  VAE Training   INFO  Validation loss decreased (7.514597 --> 7.512610).  Saving model ...
2023-02-14 18:38:05,795  VAE Training   INFO  Epoch: 136/200	Train Loss: 7.4701	Val Loss: 7.5126
2023-02-14 18:38:07,900  VAE Training   INFO  EarlyStopping counter: 1 out of 7
2023-02-14 18:38:07,900  VAE Training   INFO  Epoch: 137/200	Train Loss: 7.4834	Val Loss: 7.5291
2023-02-14 18:38:09,877  VAE Training   INFO  EarlyStopping counter: 2 out of 7
2023-02-14 18:38:09,877  VAE Training   INFO  Epoch: 138/200	Train Loss: 7.4929	Val Loss: 7.5214
2023-02-14 18:38:12,082  VAE Training   INFO  Validation loss decreased (7.512610 --> 7.498561).  Saving model ...
2023-02-14 18:38:12,113  VAE Training   INFO  Epoch: 139/200	Train Loss: 7.4794	Val Loss: 7.4986
2023-02-14 18:38:14,506  VAE Training   INFO  Validation loss decreased (7.498561 --> 7.436880).  Saving model ...
2023-02-14 18:38:14,561  VAE Training   INFO  Epoch: 140/200	Train Loss: 7.4761	Val Loss: 7.4369
2023-02-14 18:38:16,560  VAE Training   INFO  EarlyStopping counter: 1 out of 7
2023-02-14 18:38:16,560  VAE Training   INFO  Epoch: 141/200	Train Loss: 7.4603	Val Loss: 7.4521
2023-02-14 18:38:18,768  VAE Training   INFO  EarlyStopping counter: 2 out of 7
2023-02-14 18:38:18,768  VAE Training   INFO  Epoch: 142/200	Train Loss: 7.4554	Val Loss: 7.5158
2023-02-14 18:38:20,744  VAE Training   INFO  EarlyStopping counter: 3 out of 7
2023-02-14 18:38:20,744  VAE Training   INFO  Epoch: 143/200	Train Loss: 7.4430	Val Loss: 7.5152
2023-02-14 18:38:22,756  VAE Training   INFO  EarlyStopping counter: 4 out of 7
2023-02-14 18:38:22,757  VAE Training   INFO  Epoch: 144/200	Train Loss: 7.4487	Val Loss: 7.4555
2023-02-14 18:38:24,749  VAE Training   INFO  EarlyStopping counter: 5 out of 7
2023-02-14 18:38:24,749  VAE Training   INFO  Epoch: 145/200	Train Loss: 7.4280	Val Loss: 7.4935
2023-02-14 18:38:26,723  VAE Training   INFO  Validation loss decreased (7.436880 --> 7.395616).  Saving model ...
2023-02-14 18:38:26,750  VAE Training   INFO  Epoch: 146/200	Train Loss: 7.4365	Val Loss: 7.3956
2023-02-14 18:38:28,729  VAE Training   INFO  EarlyStopping counter: 1 out of 7
2023-02-14 18:38:28,730  VAE Training   INFO  Epoch: 147/200	Train Loss: 7.4041	Val Loss: 7.4882
2023-02-14 18:38:30,689  VAE Training   INFO  EarlyStopping counter: 2 out of 7
2023-02-14 18:38:30,690  VAE Training   INFO  Epoch: 148/200	Train Loss: 7.4129	Val Loss: 7.4120
2023-02-14 18:38:32,658  VAE Training   INFO  EarlyStopping counter: 3 out of 7
2023-02-14 18:38:32,658  VAE Training   INFO  Epoch: 149/200	Train Loss: 7.3873	Val Loss: 7.4687
2023-02-14 18:38:34,662  VAE Training   INFO  EarlyStopping counter: 4 out of 7
2023-02-14 18:38:34,662  VAE Training   INFO  Epoch: 150/200	Train Loss: 7.3986	Val Loss: 7.4266
2023-02-14 18:38:36,641  VAE Training   INFO  EarlyStopping counter: 5 out of 7
2023-02-14 18:38:36,642  VAE Training   INFO  Epoch: 151/200	Train Loss: 7.3877	Val Loss: 7.4201
2023-02-14 18:38:38,651  VAE Training   INFO  EarlyStopping counter: 6 out of 7
2023-02-14 18:38:38,652  VAE Training   INFO  Epoch: 152/200	Train Loss: 7.3831	Val Loss: 7.4439
2023-02-14 18:38:40,638  VAE Training   INFO  EarlyStopping counter: 7 out of 7
2023-02-14 18:38:40,638  VAE Training   INFO  Epoch: 153/200	Train Loss: 7.3781	Val Loss: 7.4401
2023-02-14 18:38:40,638  VAE Training  CRITICAL  Triggering Early Stop
