2023-02-14 19:46:34,780  VAE Training   INFO  Run Number: new_mf
2023-02-14 19:46:35,632  VAE Training   INFO  Training for gender = 1 with 11935 datapoints
2023-02-14 19:46:38,627  VAE Training   INFO  Validation loss decreased (inf --> 15.551473).  Saving model ...
2023-02-14 19:46:38,673  VAE Training   INFO  Epoch: 1/200	Train Loss: 25.8748	Val Loss: 15.5515
2023-02-14 19:46:39,870  VAE Training   INFO  Validation loss decreased (15.551473 --> 15.345900).  Saving model ...
2023-02-14 19:46:39,926  VAE Training   INFO  Epoch: 2/200	Train Loss: 15.3763	Val Loss: 15.3459
2023-02-14 19:46:41,186  VAE Training   INFO  Validation loss decreased (15.345900 --> 15.315627).  Saving model ...
2023-02-14 19:46:41,226  VAE Training   INFO  Epoch: 3/200	Train Loss: 15.2974	Val Loss: 15.3156
2023-02-14 19:46:42,449  VAE Training   INFO  Validation loss decreased (15.315627 --> 15.258556).  Saving model ...
2023-02-14 19:46:42,474  VAE Training   INFO  Epoch: 4/200	Train Loss: 15.2566	Val Loss: 15.2586
2023-02-14 19:46:43,701  VAE Training   INFO  Validation loss decreased (15.258556 --> 15.210768).  Saving model ...
2023-02-14 19:46:43,723  VAE Training   INFO  Epoch: 5/200	Train Loss: 15.2134	Val Loss: 15.2108
2023-02-14 19:46:44,688  VAE Training   INFO  Validation loss decreased (15.210768 --> 15.084764).  Saving model ...
2023-02-14 19:46:44,703  VAE Training   INFO  Epoch: 6/200	Train Loss: 15.1261	Val Loss: 15.0848
2023-02-14 19:46:45,673  VAE Training   INFO  Validation loss decreased (15.084764 --> 14.959606).  Saving model ...
2023-02-14 19:46:45,733  VAE Training   INFO  Epoch: 7/200	Train Loss: 14.9938	Val Loss: 14.9596
2023-02-14 19:46:46,718  VAE Training   INFO  Validation loss decreased (14.959606 --> 14.861398).  Saving model ...
2023-02-14 19:46:46,763  VAE Training   INFO  Epoch: 8/200	Train Loss: 14.8977	Val Loss: 14.8614
2023-02-14 19:46:47,773  VAE Training   INFO  Validation loss decreased (14.861398 --> 14.709777).  Saving model ...
2023-02-14 19:46:47,800  VAE Training   INFO  Epoch: 9/200	Train Loss: 14.7771	Val Loss: 14.7098
2023-02-14 19:46:48,783  VAE Training   INFO  Validation loss decreased (14.709777 --> 14.560000).  Saving model ...
2023-02-14 19:46:48,820  VAE Training   INFO  Epoch: 10/200	Train Loss: 14.6303	Val Loss: 14.5600
2023-02-14 19:46:49,803  VAE Training   INFO  Validation loss decreased (14.560000 --> 14.246028).  Saving model ...
2023-02-14 19:46:49,871  VAE Training   INFO  Epoch: 11/200	Train Loss: 14.3871	Val Loss: 14.2460
2023-02-14 19:46:50,879  VAE Training   INFO  Validation loss decreased (14.246028 --> 14.109378).  Saving model ...
2023-02-14 19:46:50,929  VAE Training   INFO  Epoch: 12/200	Train Loss: 14.1833	Val Loss: 14.1094
2023-02-14 19:46:51,934  VAE Training   INFO  Validation loss decreased (14.109378 --> 13.915643).  Saving model ...
2023-02-14 19:46:51,953  VAE Training   INFO  Epoch: 13/200	Train Loss: 14.0049	Val Loss: 13.9156
2023-02-14 19:46:52,930  VAE Training   INFO  Validation loss decreased (13.915643 --> 13.744180).  Saving model ...
2023-02-14 19:46:52,957  VAE Training   INFO  Epoch: 14/200	Train Loss: 13.8261	Val Loss: 13.7442
2023-02-14 19:46:53,955  VAE Training   INFO  Validation loss decreased (13.744180 --> 13.486140).  Saving model ...
2023-02-14 19:46:53,980  VAE Training   INFO  Epoch: 15/200	Train Loss: 13.6053	Val Loss: 13.4861
2023-02-14 19:46:54,958  VAE Training   INFO  Validation loss decreased (13.486140 --> 13.336866).  Saving model ...
2023-02-14 19:46:55,007  VAE Training   INFO  Epoch: 16/200	Train Loss: 13.3894	Val Loss: 13.3369
2023-02-14 19:46:56,005  VAE Training   INFO  Validation loss decreased (13.336866 --> 13.102045).  Saving model ...
2023-02-14 19:46:56,036  VAE Training   INFO  Epoch: 17/200	Train Loss: 13.2015	Val Loss: 13.1020
2023-02-14 19:46:57,032  VAE Training   INFO  Validation loss decreased (13.102045 --> 12.986382).  Saving model ...
2023-02-14 19:46:57,060  VAE Training   INFO  Epoch: 18/200	Train Loss: 13.0251	Val Loss: 12.9864
2023-02-14 19:46:58,041  VAE Training   INFO  Validation loss decreased (12.986382 --> 12.846578).  Saving model ...
2023-02-14 19:46:58,059  VAE Training   INFO  Epoch: 19/200	Train Loss: 12.8918	Val Loss: 12.8466
2023-02-14 19:46:59,027  VAE Training   INFO  Validation loss decreased (12.846578 --> 12.721467).  Saving model ...
2023-02-14 19:46:59,055  VAE Training   INFO  Epoch: 20/200	Train Loss: 12.7599	Val Loss: 12.7215
2023-02-14 19:47:00,026  VAE Training   INFO  Validation loss decreased (12.721467 --> 12.602954).  Saving model ...
2023-02-14 19:47:00,059  VAE Training   INFO  Epoch: 21/200	Train Loss: 12.6626	Val Loss: 12.6030
2023-02-14 19:47:01,025  VAE Training   INFO  Validation loss decreased (12.602954 --> 12.538305).  Saving model ...
2023-02-14 19:47:01,065  VAE Training   INFO  Epoch: 22/200	Train Loss: 12.5385	Val Loss: 12.5383
2023-02-14 19:47:02,161  VAE Training   INFO  Validation loss decreased (12.538305 --> 12.396868).  Saving model ...
2023-02-14 19:47:02,187  VAE Training   INFO  Epoch: 23/200	Train Loss: 12.4235	Val Loss: 12.3969
2023-02-14 19:47:03,175  VAE Training   INFO  Validation loss decreased (12.396868 --> 12.350260).  Saving model ...
2023-02-14 19:47:03,209  VAE Training   INFO  Epoch: 24/200	Train Loss: 12.3253	Val Loss: 12.3503
2023-02-14 19:47:04,194  VAE Training   INFO  Validation loss decreased (12.350260 --> 12.250290).  Saving model ...
2023-02-14 19:47:04,225  VAE Training   INFO  Epoch: 25/200	Train Loss: 12.2668	Val Loss: 12.2503
2023-02-14 19:47:05,208  VAE Training   INFO  Validation loss decreased (12.250290 --> 12.185522).  Saving model ...
2023-02-14 19:47:05,223  VAE Training   INFO  Epoch: 26/200	Train Loss: 12.1885	Val Loss: 12.1855
2023-02-14 19:47:06,270  VAE Training   INFO  Validation loss decreased (12.185522 --> 12.077790).  Saving model ...
2023-02-14 19:47:06,287  VAE Training   INFO  Epoch: 27/200	Train Loss: 12.1112	Val Loss: 12.0778
2023-02-14 19:47:07,393  VAE Training   INFO  Validation loss decreased (12.077790 --> 11.975558).  Saving model ...
2023-02-14 19:47:07,413  VAE Training   INFO  Epoch: 28/200	Train Loss: 12.0351	Val Loss: 11.9756
2023-02-14 19:47:08,665  VAE Training   INFO  Validation loss decreased (11.975558 --> 11.964597).  Saving model ...
2023-02-14 19:47:08,759  VAE Training   INFO  Epoch: 29/200	Train Loss: 11.9756	Val Loss: 11.9646
2023-02-14 19:47:09,949  VAE Training   INFO  Validation loss decreased (11.964597 --> 11.906089).  Saving model ...
2023-02-14 19:47:09,982  VAE Training   INFO  Epoch: 30/200	Train Loss: 11.8914	Val Loss: 11.9061
2023-02-14 19:47:11,005  VAE Training   INFO  Validation loss decreased (11.906089 --> 11.810148).  Saving model ...
2023-02-14 19:47:11,025  VAE Training   INFO  Epoch: 31/200	Train Loss: 11.7926	Val Loss: 11.8101
2023-02-14 19:47:11,996  VAE Training   INFO  Validation loss decreased (11.810148 --> 11.720631).  Saving model ...
2023-02-14 19:47:12,074  VAE Training   INFO  Epoch: 32/200	Train Loss: 11.7356	Val Loss: 11.7206
2023-02-14 19:47:13,046  VAE Training   INFO  Validation loss decreased (11.720631 --> 11.702042).  Saving model ...
2023-02-14 19:47:13,060  VAE Training   INFO  Epoch: 33/200	Train Loss: 11.6773	Val Loss: 11.7020
2023-02-14 19:47:14,021  VAE Training   INFO  Validation loss decreased (11.702042 --> 11.556969).  Saving model ...
2023-02-14 19:47:14,050  VAE Training   INFO  Epoch: 34/200	Train Loss: 11.6001	Val Loss: 11.5570
2023-02-14 19:47:15,037  VAE Training   INFO  Validation loss decreased (11.556969 --> 11.521773).  Saving model ...
2023-02-14 19:47:15,060  VAE Training   INFO  Epoch: 35/200	Train Loss: 11.5390	Val Loss: 11.5218
2023-02-14 19:47:16,032  VAE Training   INFO  Validation loss decreased (11.521773 --> 11.466907).  Saving model ...
2023-02-14 19:47:16,085  VAE Training   INFO  Epoch: 36/200	Train Loss: 11.4319	Val Loss: 11.4669
2023-02-14 19:47:17,166  VAE Training   INFO  Validation loss decreased (11.466907 --> 11.350288).  Saving model ...
2023-02-14 19:47:17,231  VAE Training   INFO  Epoch: 37/200	Train Loss: 11.3706	Val Loss: 11.3503
2023-02-14 19:47:18,328  VAE Training   INFO  Validation loss decreased (11.350288 --> 11.277803).  Saving model ...
2023-02-14 19:47:18,348  VAE Training   INFO  Epoch: 38/200	Train Loss: 11.2679	Val Loss: 11.2778
2023-02-14 19:47:19,628  VAE Training   INFO  Validation loss decreased (11.277803 --> 11.196027).  Saving model ...
2023-02-14 19:47:19,652  VAE Training   INFO  Epoch: 39/200	Train Loss: 11.2038	Val Loss: 11.1960
2023-02-14 19:47:20,987  VAE Training   INFO  Validation loss decreased (11.196027 --> 11.109451).  Saving model ...
2023-02-14 19:47:21,077  VAE Training   INFO  Epoch: 40/200	Train Loss: 11.1361	Val Loss: 11.1095
2023-02-14 19:47:22,464  VAE Training   INFO  Validation loss decreased (11.109451 --> 11.064840).  Saving model ...
2023-02-14 19:47:22,497  VAE Training   INFO  Epoch: 41/200	Train Loss: 11.0531	Val Loss: 11.0648
2023-02-14 19:47:23,849  VAE Training   INFO  EarlyStopping counter: 1 out of 7
2023-02-14 19:47:23,849  VAE Training   INFO  Epoch: 42/200	Train Loss: 10.9644	Val Loss: 11.0835
2023-02-14 19:47:25,160  VAE Training   INFO  Validation loss decreased (11.064840 --> 10.991718).  Saving model ...
2023-02-14 19:47:25,174  VAE Training   INFO  Epoch: 43/200	Train Loss: 10.9550	Val Loss: 10.9917
2023-02-14 19:47:26,142  VAE Training   INFO  Validation loss decreased (10.991718 --> 10.884918).  Saving model ...
2023-02-14 19:47:26,169  VAE Training   INFO  Epoch: 44/200	Train Loss: 10.9156	Val Loss: 10.8849
2023-02-14 19:47:27,142  VAE Training   INFO  Validation loss decreased (10.884918 --> 10.862145).  Saving model ...
2023-02-14 19:47:27,179  VAE Training   INFO  Epoch: 45/200	Train Loss: 10.8456	Val Loss: 10.8621
2023-02-14 19:47:28,220  VAE Training   INFO  Validation loss decreased (10.862145 --> 10.857754).  Saving model ...
2023-02-14 19:47:28,231  VAE Training   INFO  Epoch: 46/200	Train Loss: 10.8176	Val Loss: 10.8578
2023-02-14 19:47:29,227  VAE Training   INFO  Validation loss decreased (10.857754 --> 10.780648).  Saving model ...
2023-02-14 19:47:29,290  VAE Training   INFO  Epoch: 47/200	Train Loss: 10.7804	Val Loss: 10.7806
2023-02-14 19:47:30,257  VAE Training   INFO  Validation loss decreased (10.780648 --> 10.706825).  Saving model ...
2023-02-14 19:47:30,289  VAE Training   INFO  Epoch: 48/200	Train Loss: 10.7230	Val Loss: 10.7068
2023-02-14 19:47:31,268  VAE Training   INFO  EarlyStopping counter: 1 out of 7
2023-02-14 19:47:31,268  VAE Training   INFO  Epoch: 49/200	Train Loss: 10.6941	Val Loss: 10.7702
2023-02-14 19:47:32,241  VAE Training   INFO  Validation loss decreased (10.706825 --> 10.701207).  Saving model ...
2023-02-14 19:47:32,278  VAE Training   INFO  Epoch: 50/200	Train Loss: 10.6736	Val Loss: 10.7012
2023-02-14 19:47:33,294  VAE Training   INFO  Validation loss decreased (10.701207 --> 10.629664).  Saving model ...
2023-02-14 19:47:33,340  VAE Training   INFO  Epoch: 51/200	Train Loss: 10.6222	Val Loss: 10.6297
2023-02-14 19:47:34,313  VAE Training   INFO  Validation loss decreased (10.629664 --> 10.596848).  Saving model ...
2023-02-14 19:47:34,328  VAE Training   INFO  Epoch: 52/200	Train Loss: 10.5757	Val Loss: 10.5968
2023-02-14 19:47:35,292  VAE Training   INFO  Validation loss decreased (10.596848 --> 10.585723).  Saving model ...
2023-02-14 19:47:35,312  VAE Training   INFO  Epoch: 53/200	Train Loss: 10.5534	Val Loss: 10.5857
2023-02-14 19:47:36,275  VAE Training   INFO  Validation loss decreased (10.585723 --> 10.546722).  Saving model ...
2023-02-14 19:47:36,286  VAE Training   INFO  Epoch: 54/200	Train Loss: 10.5301	Val Loss: 10.5467
2023-02-14 19:47:37,258  VAE Training   INFO  Validation loss decreased (10.546722 --> 10.512913).  Saving model ...
2023-02-14 19:47:37,287  VAE Training   INFO  Epoch: 55/200	Train Loss: 10.4826	Val Loss: 10.5129
2023-02-14 19:47:38,306  VAE Training   INFO  EarlyStopping counter: 1 out of 7
2023-02-14 19:47:38,306  VAE Training   INFO  Epoch: 56/200	Train Loss: 10.4857	Val Loss: 10.5464
2023-02-14 19:47:39,302  VAE Training   INFO  Validation loss decreased (10.512913 --> 10.491760).  Saving model ...
2023-02-14 19:47:39,313  VAE Training   INFO  Epoch: 57/200	Train Loss: 10.4415	Val Loss: 10.4918
2023-02-14 19:47:40,276  VAE Training   INFO  Validation loss decreased (10.491760 --> 10.409199).  Saving model ...
2023-02-14 19:47:40,309  VAE Training   INFO  Epoch: 58/200	Train Loss: 10.3852	Val Loss: 10.4092
2023-02-14 19:47:41,282  VAE Training   INFO  Validation loss decreased (10.409199 --> 10.352024).  Saving model ...
2023-02-14 19:47:41,308  VAE Training   INFO  Epoch: 59/200	Train Loss: 10.3320	Val Loss: 10.3520
2023-02-14 19:47:42,338  VAE Training   INFO  EarlyStopping counter: 1 out of 7
2023-02-14 19:47:42,338  VAE Training   INFO  Epoch: 60/200	Train Loss: 10.3296	Val Loss: 10.3805
2023-02-14 19:47:43,314  VAE Training   INFO  Validation loss decreased (10.352024 --> 10.308126).  Saving model ...
2023-02-14 19:47:43,342  VAE Training   INFO  Epoch: 61/200	Train Loss: 10.3058	Val Loss: 10.3081
2023-02-14 19:47:44,339  VAE Training   INFO  EarlyStopping counter: 1 out of 7
2023-02-14 19:47:44,339  VAE Training   INFO  Epoch: 62/200	Train Loss: 10.2532	Val Loss: 10.4243
2023-02-14 19:47:45,416  VAE Training   INFO  Validation loss decreased (10.308126 --> 10.265859).  Saving model ...
2023-02-14 19:47:45,489  VAE Training   INFO  Epoch: 63/200	Train Loss: 10.2440	Val Loss: 10.2659
2023-02-14 19:47:46,496  VAE Training   INFO  EarlyStopping counter: 1 out of 7
2023-02-14 19:47:46,496  VAE Training   INFO  Epoch: 64/200	Train Loss: 10.2561	Val Loss: 10.3488
2023-02-14 19:47:47,479  VAE Training   INFO  Validation loss decreased (10.265859 --> 10.265019).  Saving model ...
2023-02-14 19:47:47,543  VAE Training   INFO  Epoch: 65/200	Train Loss: 10.1850	Val Loss: 10.2650
2023-02-14 19:47:48,533  VAE Training   INFO  Validation loss decreased (10.265019 --> 10.219181).  Saving model ...
2023-02-14 19:47:48,603  VAE Training   INFO  Epoch: 66/200	Train Loss: 10.1740	Val Loss: 10.2192
2023-02-14 19:47:49,594  VAE Training   INFO  EarlyStopping counter: 1 out of 7
2023-02-14 19:47:49,594  VAE Training   INFO  Epoch: 67/200	Train Loss: 10.1761	Val Loss: 10.2441
2023-02-14 19:47:50,566  VAE Training   INFO  EarlyStopping counter: 2 out of 7
2023-02-14 19:47:50,566  VAE Training   INFO  Epoch: 68/200	Train Loss: 10.1250	Val Loss: 10.2290
2023-02-14 19:47:51,540  VAE Training   INFO  Validation loss decreased (10.219181 --> 10.194191).  Saving model ...
2023-02-14 19:47:51,571  VAE Training   INFO  Epoch: 69/200	Train Loss: 10.1050	Val Loss: 10.1942
2023-02-14 19:47:52,552  VAE Training   INFO  Validation loss decreased (10.194191 --> 10.113752).  Saving model ...
2023-02-14 19:47:52,579  VAE Training   INFO  Epoch: 70/200	Train Loss: 10.0995	Val Loss: 10.1138
2023-02-14 19:47:53,550  VAE Training   INFO  EarlyStopping counter: 1 out of 7
2023-02-14 19:47:53,550  VAE Training   INFO  Epoch: 71/200	Train Loss: 10.1112	Val Loss: 10.1482
2023-02-14 19:47:54,549  VAE Training   INFO  EarlyStopping counter: 2 out of 7
2023-02-14 19:47:54,549  VAE Training   INFO  Epoch: 72/200	Train Loss: 10.0623	Val Loss: 10.1371
2023-02-14 19:47:55,518  VAE Training   INFO  Validation loss decreased (10.113752 --> 10.077835).  Saving model ...
2023-02-14 19:47:55,589  VAE Training   INFO  Epoch: 73/200	Train Loss: 10.0437	Val Loss: 10.0778
2023-02-14 19:47:56,617  VAE Training   INFO  EarlyStopping counter: 1 out of 7
2023-02-14 19:47:56,617  VAE Training   INFO  Epoch: 74/200	Train Loss: 10.0105	Val Loss: 10.0911
2023-02-14 19:47:57,575  VAE Training   INFO  Validation loss decreased (10.077835 --> 10.054895).  Saving model ...
2023-02-14 19:47:57,684  VAE Training   INFO  Epoch: 75/200	Train Loss: 9.9776	Val Loss: 10.0549
2023-02-14 19:47:58,730  VAE Training   INFO  Validation loss decreased (10.054895 --> 10.017963).  Saving model ...
2023-02-14 19:47:58,771  VAE Training   INFO  Epoch: 76/200	Train Loss: 9.9727	Val Loss: 10.0180
2023-02-14 19:47:59,765  VAE Training   INFO  Validation loss decreased (10.017963 --> 9.989134).  Saving model ...
2023-02-14 19:47:59,795  VAE Training   INFO  Epoch: 77/200	Train Loss: 9.9462	Val Loss: 9.9891
2023-02-14 19:48:00,835  VAE Training   INFO  EarlyStopping counter: 1 out of 7
2023-02-14 19:48:00,835  VAE Training   INFO  Epoch: 78/200	Train Loss: 9.9284	Val Loss: 10.0323
2023-02-14 19:48:01,801  VAE Training   INFO  EarlyStopping counter: 2 out of 7
2023-02-14 19:48:01,801  VAE Training   INFO  Epoch: 79/200	Train Loss: 9.8902	Val Loss: 10.0319
2023-02-14 19:48:02,760  VAE Training   INFO  Validation loss decreased (9.989134 --> 9.984551).  Saving model ...
2023-02-14 19:48:02,772  VAE Training   INFO  Epoch: 80/200	Train Loss: 9.8763	Val Loss: 9.9846
2023-02-14 19:48:03,815  VAE Training   INFO  Validation loss decreased (9.984551 --> 9.940191).  Saving model ...
2023-02-14 19:48:03,833  VAE Training   INFO  Epoch: 81/200	Train Loss: 9.8859	Val Loss: 9.9402
2023-02-14 19:48:04,901  VAE Training   INFO  EarlyStopping counter: 1 out of 7
2023-02-14 19:48:04,901  VAE Training   INFO  Epoch: 82/200	Train Loss: 9.8760	Val Loss: 9.9487
2023-02-14 19:48:05,871  VAE Training   INFO  EarlyStopping counter: 2 out of 7
2023-02-14 19:48:05,871  VAE Training   INFO  Epoch: 83/200	Train Loss: 9.8390	Val Loss: 9.9626
2023-02-14 19:48:06,848  VAE Training   INFO  Validation loss decreased (9.940191 --> 9.916031).  Saving model ...
2023-02-14 19:48:06,894  VAE Training   INFO  Epoch: 84/200	Train Loss: 9.8297	Val Loss: 9.9160
2023-02-14 19:48:07,901  VAE Training   INFO  Validation loss decreased (9.916031 --> 9.830925).  Saving model ...
2023-02-14 19:48:07,946  VAE Training   INFO  Epoch: 85/200	Train Loss: 9.8478	Val Loss: 9.8309
2023-02-14 19:48:08,942  VAE Training   INFO  EarlyStopping counter: 1 out of 7
2023-02-14 19:48:08,942  VAE Training   INFO  Epoch: 86/200	Train Loss: 9.7994	Val Loss: 9.8728
2023-02-14 19:48:09,929  VAE Training   INFO  EarlyStopping counter: 2 out of 7
2023-02-14 19:48:09,929  VAE Training   INFO  Epoch: 87/200	Train Loss: 9.8123	Val Loss: 9.8588
2023-02-14 19:48:10,896  VAE Training   INFO  Validation loss decreased (9.830925 --> 9.805491).  Saving model ...
2023-02-14 19:48:10,923  VAE Training   INFO  Epoch: 88/200	Train Loss: 9.7910	Val Loss: 9.8055
2023-02-14 19:48:11,918  VAE Training   INFO  EarlyStopping counter: 1 out of 7
2023-02-14 19:48:11,918  VAE Training   INFO  Epoch: 89/200	Train Loss: 9.7636	Val Loss: 9.8931
2023-02-14 19:48:12,886  VAE Training   INFO  Validation loss decreased (9.805491 --> 9.787118).  Saving model ...
2023-02-14 19:48:12,909  VAE Training   INFO  Epoch: 90/200	Train Loss: 9.7614	Val Loss: 9.7871
2023-02-14 19:48:13,879  VAE Training   INFO  Validation loss decreased (9.787118 --> 9.777927).  Saving model ...
2023-02-14 19:48:13,906  VAE Training   INFO  Epoch: 91/200	Train Loss: 9.7420	Val Loss: 9.7779
2023-02-14 19:48:14,896  VAE Training   INFO  EarlyStopping counter: 1 out of 7
2023-02-14 19:48:14,896  VAE Training   INFO  Epoch: 92/200	Train Loss: 9.6955	Val Loss: 9.7979
2023-02-14 19:48:15,817  VAE Training   INFO  Validation loss decreased (9.777927 --> 9.769824).  Saving model ...
2023-02-14 19:48:15,893  VAE Training   INFO  Epoch: 93/200	Train Loss: 9.7114	Val Loss: 9.7698
2023-02-14 19:48:16,879  VAE Training   INFO  EarlyStopping counter: 1 out of 7
2023-02-14 19:48:16,880  VAE Training   INFO  Epoch: 94/200	Train Loss: 9.6750	Val Loss: 9.8290
2023-02-14 19:48:17,843  VAE Training   INFO  EarlyStopping counter: 2 out of 7
2023-02-14 19:48:17,843  VAE Training   INFO  Epoch: 95/200	Train Loss: 9.6848	Val Loss: 9.7852
2023-02-14 19:48:18,878  VAE Training   INFO  EarlyStopping counter: 3 out of 7
2023-02-14 19:48:18,879  VAE Training   INFO  Epoch: 96/200	Train Loss: 9.6835	Val Loss: 9.7803
2023-02-14 19:48:19,927  VAE Training   INFO  Validation loss decreased (9.769824 --> 9.756640).  Saving model ...
2023-02-14 19:48:19,957  VAE Training   INFO  Epoch: 97/200	Train Loss: 9.6532	Val Loss: 9.7566
2023-02-14 19:48:20,963  VAE Training   INFO  Validation loss decreased (9.756640 --> 9.712030).  Saving model ...
2023-02-14 19:48:21,008  VAE Training   INFO  Epoch: 98/200	Train Loss: 9.6293	Val Loss: 9.7120
2023-02-14 19:48:21,983  VAE Training   INFO  EarlyStopping counter: 1 out of 7
2023-02-14 19:48:21,983  VAE Training   INFO  Epoch: 99/200	Train Loss: 9.5913	Val Loss: 9.7133
2023-02-14 19:48:22,942  VAE Training   INFO  Validation loss decreased (9.712030 --> 9.666870).  Saving model ...
2023-02-14 19:48:22,973  VAE Training   INFO  Epoch: 100/200	Train Loss: 9.6197	Val Loss: 9.6669
2023-02-14 19:48:23,948  VAE Training   INFO  Validation loss decreased (9.666870 --> 9.641830).  Saving model ...
2023-02-14 19:48:24,007  VAE Training   INFO  Epoch: 101/200	Train Loss: 9.6167	Val Loss: 9.6418
2023-02-14 19:48:25,000  VAE Training   INFO  EarlyStopping counter: 1 out of 7
2023-02-14 19:48:25,001  VAE Training   INFO  Epoch: 102/200	Train Loss: 9.5898	Val Loss: 9.7123
2023-02-14 19:48:26,053  VAE Training   INFO  Validation loss decreased (9.641830 --> 9.612271).  Saving model ...
2023-02-14 19:48:26,136  VAE Training   INFO  Epoch: 103/200	Train Loss: 9.5607	Val Loss: 9.6123
2023-02-14 19:48:27,134  VAE Training   INFO  EarlyStopping counter: 1 out of 7
2023-02-14 19:48:27,134  VAE Training   INFO  Epoch: 104/200	Train Loss: 9.5729	Val Loss: 9.6309
2023-02-14 19:48:28,364  VAE Training   INFO  EarlyStopping counter: 2 out of 7
2023-02-14 19:48:28,364  VAE Training   INFO  Epoch: 105/200	Train Loss: 9.5367	Val Loss: 9.6136
2023-02-14 19:48:29,554  VAE Training   INFO  EarlyStopping counter: 3 out of 7
2023-02-14 19:48:29,555  VAE Training   INFO  Epoch: 106/200	Train Loss: 9.5075	Val Loss: 9.6535
2023-02-14 19:48:30,786  VAE Training   INFO  EarlyStopping counter: 4 out of 7
2023-02-14 19:48:30,786  VAE Training   INFO  Epoch: 107/200	Train Loss: 9.4774	Val Loss: 9.6164
2023-02-14 19:48:32,002  VAE Training   INFO  EarlyStopping counter: 5 out of 7
2023-02-14 19:48:32,003  VAE Training   INFO  Epoch: 108/200	Train Loss: 9.5101	Val Loss: 9.6134
2023-02-14 19:48:33,202  VAE Training   INFO  Validation loss decreased (9.612271 --> 9.559749).  Saving model ...
2023-02-14 19:48:33,211  VAE Training   INFO  Epoch: 109/200	Train Loss: 9.4741	Val Loss: 9.5597
2023-02-14 19:48:34,395  VAE Training   INFO  EarlyStopping counter: 1 out of 7
2023-02-14 19:48:34,395  VAE Training   INFO  Epoch: 110/200	Train Loss: 9.4982	Val Loss: 9.5841
2023-02-14 19:48:35,580  VAE Training   INFO  Validation loss decreased (9.559749 --> 9.537219).  Saving model ...
2023-02-14 19:48:35,628  VAE Training   INFO  Epoch: 111/200	Train Loss: 9.4845	Val Loss: 9.5372
2023-02-14 19:48:36,874  VAE Training   INFO  EarlyStopping counter: 1 out of 7
2023-02-14 19:48:36,874  VAE Training   INFO  Epoch: 112/200	Train Loss: 9.4458	Val Loss: 9.5629
2023-02-14 19:48:38,064  VAE Training   INFO  Validation loss decreased (9.537219 --> 9.507865).  Saving model ...
2023-02-14 19:48:38,091  VAE Training   INFO  Epoch: 113/200	Train Loss: 9.4213	Val Loss: 9.5079
2023-02-14 19:48:39,282  VAE Training   INFO  EarlyStopping counter: 1 out of 7
2023-02-14 19:48:39,282  VAE Training   INFO  Epoch: 114/200	Train Loss: 9.4240	Val Loss: 9.5100
2023-02-14 19:48:40,469  VAE Training   INFO  EarlyStopping counter: 2 out of 7
2023-02-14 19:48:40,470  VAE Training   INFO  Epoch: 115/200	Train Loss: 9.3966	Val Loss: 9.5435
2023-02-14 19:48:41,675  VAE Training   INFO  Validation loss decreased (9.507865 --> 9.462796).  Saving model ...
2023-02-14 19:48:41,686  VAE Training   INFO  Epoch: 116/200	Train Loss: 9.4148	Val Loss: 9.4628
2023-02-14 19:48:42,880  VAE Training   INFO  EarlyStopping counter: 1 out of 7
2023-02-14 19:48:42,880  VAE Training   INFO  Epoch: 117/200	Train Loss: 9.3470	Val Loss: 9.5164
2023-02-14 19:48:44,065  VAE Training   INFO  EarlyStopping counter: 2 out of 7
2023-02-14 19:48:44,065  VAE Training   INFO  Epoch: 118/200	Train Loss: 9.3425	Val Loss: 9.4865
2023-02-14 19:48:45,244  VAE Training   INFO  Validation loss decreased (9.462796 --> 9.400674).  Saving model ...
2023-02-14 19:48:45,334  VAE Training   INFO  Epoch: 119/200	Train Loss: 9.3580	Val Loss: 9.4007
2023-02-14 19:48:46,534  VAE Training   INFO  Validation loss decreased (9.400674 --> 9.392118).  Saving model ...
2023-02-14 19:48:46,552  VAE Training   INFO  Epoch: 120/200	Train Loss: 9.3644	Val Loss: 9.3921
2023-02-14 19:48:47,751  VAE Training   INFO  Validation loss decreased (9.392118 --> 9.381972).  Saving model ...
2023-02-14 19:48:47,781  VAE Training   INFO  Epoch: 121/200	Train Loss: 9.3137	Val Loss: 9.3820
2023-02-14 19:48:48,968  VAE Training   INFO  EarlyStopping counter: 1 out of 7
2023-02-14 19:48:48,968  VAE Training   INFO  Epoch: 122/200	Train Loss: 9.3063	Val Loss: 9.4326
2023-02-14 19:48:50,146  VAE Training   INFO  Validation loss decreased (9.381972 --> 9.360218).  Saving model ...
2023-02-14 19:48:50,191  VAE Training   INFO  Epoch: 123/200	Train Loss: 9.2844	Val Loss: 9.3602
2023-02-14 19:48:51,368  VAE Training   INFO  EarlyStopping counter: 1 out of 7
2023-02-14 19:48:51,368  VAE Training   INFO  Epoch: 124/200	Train Loss: 9.2912	Val Loss: 9.4048
2023-02-14 19:48:52,569  VAE Training   INFO  Validation loss decreased (9.360218 --> 9.355395).  Saving model ...
2023-02-14 19:48:52,606  VAE Training   INFO  Epoch: 125/200	Train Loss: 9.2194	Val Loss: 9.3554
2023-02-14 19:48:53,798  VAE Training   INFO  Validation loss decreased (9.355395 --> 9.312102).  Saving model ...
2023-02-14 19:48:53,870  VAE Training   INFO  Epoch: 126/200	Train Loss: 9.2439	Val Loss: 9.3121
2023-02-14 19:48:55,077  VAE Training   INFO  Validation loss decreased (9.312102 --> 9.260228).  Saving model ...
2023-02-14 19:48:55,127  VAE Training   INFO  Epoch: 127/200	Train Loss: 9.2194	Val Loss: 9.2602
2023-02-14 19:48:56,330  VAE Training   INFO  EarlyStopping counter: 1 out of 7
2023-02-14 19:48:56,330  VAE Training   INFO  Epoch: 128/200	Train Loss: 9.2046	Val Loss: 9.3254
2023-02-14 19:48:57,551  VAE Training   INFO  EarlyStopping counter: 2 out of 7
2023-02-14 19:48:57,551  VAE Training   INFO  Epoch: 129/200	Train Loss: 9.1807	Val Loss: 9.2872
2023-02-14 19:48:58,748  VAE Training   INFO  EarlyStopping counter: 3 out of 7
2023-02-14 19:48:58,749  VAE Training   INFO  Epoch: 130/200	Train Loss: 9.1854	Val Loss: 9.2710
2023-02-14 19:48:59,941  VAE Training   INFO  EarlyStopping counter: 4 out of 7
2023-02-14 19:48:59,941  VAE Training   INFO  Epoch: 131/200	Train Loss: 9.1752	Val Loss: 9.2729
2023-02-14 19:49:01,127  VAE Training   INFO  Validation loss decreased (9.260228 --> 9.197033).  Saving model ...
2023-02-14 19:49:01,198  VAE Training   INFO  Epoch: 132/200	Train Loss: 9.1669	Val Loss: 9.1970
2023-02-14 19:49:02,413  VAE Training   INFO  EarlyStopping counter: 1 out of 7
2023-02-14 19:49:02,413  VAE Training   INFO  Epoch: 133/200	Train Loss: 9.1411	Val Loss: 9.3009
2023-02-14 19:49:03,608  VAE Training   INFO  EarlyStopping counter: 2 out of 7
2023-02-14 19:49:03,608  VAE Training   INFO  Epoch: 134/200	Train Loss: 9.1420	Val Loss: 9.2496
2023-02-14 19:49:04,809  VAE Training   INFO  EarlyStopping counter: 3 out of 7
2023-02-14 19:49:04,809  VAE Training   INFO  Epoch: 135/200	Train Loss: 9.1592	Val Loss: 9.2836
2023-02-14 19:49:05,849  VAE Training   INFO  Validation loss decreased (9.197033 --> 9.173619).  Saving model ...
2023-02-14 19:49:05,861  VAE Training   INFO  Epoch: 136/200	Train Loss: 9.1228	Val Loss: 9.1736
2023-02-14 19:49:06,835  VAE Training   INFO  EarlyStopping counter: 1 out of 7
2023-02-14 19:49:06,835  VAE Training   INFO  Epoch: 137/200	Train Loss: 9.1127	Val Loss: 9.1774
2023-02-14 19:49:07,833  VAE Training   INFO  Validation loss decreased (9.173619 --> 9.090821).  Saving model ...
2023-02-14 19:49:07,938  VAE Training   INFO  Epoch: 138/200	Train Loss: 9.1361	Val Loss: 9.0908
2023-02-14 19:49:08,982  VAE Training   INFO  EarlyStopping counter: 1 out of 7
2023-02-14 19:49:08,982  VAE Training   INFO  Epoch: 139/200	Train Loss: 9.1145	Val Loss: 9.1497
2023-02-14 19:49:09,955  VAE Training   INFO  EarlyStopping counter: 2 out of 7
2023-02-14 19:49:09,955  VAE Training   INFO  Epoch: 140/200	Train Loss: 9.0912	Val Loss: 9.2443
2023-02-14 19:49:10,923  VAE Training   INFO  EarlyStopping counter: 3 out of 7
2023-02-14 19:49:10,923  VAE Training   INFO  Epoch: 141/200	Train Loss: 9.0565	Val Loss: 9.1754
2023-02-14 19:49:11,899  VAE Training   INFO  EarlyStopping counter: 4 out of 7
2023-02-14 19:49:11,899  VAE Training   INFO  Epoch: 142/200	Train Loss: 9.0874	Val Loss: 9.1430
2023-02-14 19:49:12,983  VAE Training   INFO  EarlyStopping counter: 5 out of 7
2023-02-14 19:49:12,983  VAE Training   INFO  Epoch: 143/200	Train Loss: 9.0464	Val Loss: 9.1827
2023-02-14 19:49:13,968  VAE Training   INFO  EarlyStopping counter: 6 out of 7
2023-02-14 19:49:13,968  VAE Training   INFO  Epoch: 144/200	Train Loss: 9.0854	Val Loss: 9.1912
2023-02-14 19:49:14,931  VAE Training   INFO  EarlyStopping counter: 7 out of 7
2023-02-14 19:49:14,931  VAE Training   INFO  Epoch: 145/200	Train Loss: 9.0198	Val Loss: 9.1040
2023-02-14 19:49:14,931  VAE Training  CRITICAL  Triggering Early Stop
2023-02-14 19:49:14,942  matplotlib.pyplot  DEBUG  Loaded backend agg version unknown.
2023-02-14 19:49:15,630  VAE Training   INFO  Training for gender = 0 with 24891 datapoints
2023-02-14 19:49:18,126  VAE Training   INFO  Validation loss decreased (inf --> 14.788425).  Saving model ...
2023-02-14 19:49:18,180  VAE Training   INFO  Epoch: 1/200	Train Loss: 20.2841	Val Loss: 14.7884
2023-02-14 19:49:20,516  VAE Training   INFO  Validation loss decreased (14.788425 --> 14.656461).  Saving model ...
2023-02-14 19:49:20,616  VAE Training   INFO  Epoch: 2/200	Train Loss: 14.7535	Val Loss: 14.6565
2023-02-14 19:49:22,669  VAE Training   INFO  Validation loss decreased (14.656461 --> 13.527894).  Saving model ...
2023-02-14 19:49:22,695  VAE Training   INFO  Epoch: 3/200	Train Loss: 13.9686	Val Loss: 13.5279
2023-02-14 19:49:24,727  VAE Training   INFO  Validation loss decreased (13.527894 --> 13.155780).  Saving model ...
2023-02-14 19:49:24,780  VAE Training   INFO  Epoch: 4/200	Train Loss: 13.3364	Val Loss: 13.1558
2023-02-14 19:49:26,785  VAE Training   INFO  Validation loss decreased (13.155780 --> 12.963394).  Saving model ...
2023-02-14 19:49:26,806  VAE Training   INFO  Epoch: 5/200	Train Loss: 13.1020	Val Loss: 12.9634
2023-02-14 19:49:28,872  VAE Training   INFO  Validation loss decreased (12.963394 --> 12.705487).  Saving model ...
2023-02-14 19:49:28,906  VAE Training   INFO  Epoch: 6/200	Train Loss: 12.8805	Val Loss: 12.7055
2023-02-14 19:49:30,931  VAE Training   INFO  Validation loss decreased (12.705487 --> 12.432675).  Saving model ...
2023-02-14 19:49:30,955  VAE Training   INFO  Epoch: 7/200	Train Loss: 12.5912	Val Loss: 12.4327
2023-02-14 19:49:32,973  VAE Training   INFO  Validation loss decreased (12.432675 --> 12.322303).  Saving model ...
2023-02-14 19:49:32,992  VAE Training   INFO  Epoch: 8/200	Train Loss: 12.3950	Val Loss: 12.3223
2023-02-14 19:49:35,013  VAE Training   INFO  Validation loss decreased (12.322303 --> 12.169583).  Saving model ...
2023-02-14 19:49:35,041  VAE Training   INFO  Epoch: 9/200	Train Loss: 12.2597	Val Loss: 12.1696
2023-02-14 19:49:37,046  VAE Training   INFO  Validation loss decreased (12.169583 --> 11.936379).  Saving model ...
2023-02-14 19:49:37,055  VAE Training   INFO  Epoch: 10/200	Train Loss: 12.1150	Val Loss: 11.9364
2023-02-14 19:49:39,080  VAE Training   INFO  Validation loss decreased (11.936379 --> 11.686120).  Saving model ...
2023-02-14 19:49:39,109  VAE Training   INFO  Epoch: 11/200	Train Loss: 11.8522	Val Loss: 11.6861
2023-02-14 19:49:41,136  VAE Training   INFO  Validation loss decreased (11.686120 --> 11.404517).  Saving model ...
2023-02-14 19:49:41,149  VAE Training   INFO  Epoch: 12/200	Train Loss: 11.6031	Val Loss: 11.4045
2023-02-14 19:49:43,322  VAE Training   INFO  Validation loss decreased (11.404517 --> 11.260736).  Saving model ...
2023-02-14 19:49:43,350  VAE Training   INFO  Epoch: 13/200	Train Loss: 11.3947	Val Loss: 11.2607
2023-02-14 19:49:45,421  VAE Training   INFO  Validation loss decreased (11.260736 --> 11.090554).  Saving model ...
2023-02-14 19:49:45,437  VAE Training   INFO  Epoch: 14/200	Train Loss: 11.2131	Val Loss: 11.0906
2023-02-14 19:49:47,474  VAE Training   INFO  Validation loss decreased (11.090554 --> 10.961780).  Saving model ...
2023-02-14 19:49:47,488  VAE Training   INFO  Epoch: 15/200	Train Loss: 11.0793	Val Loss: 10.9618
2023-02-14 19:49:49,575  VAE Training   INFO  Validation loss decreased (10.961780 --> 10.828283).  Saving model ...
2023-02-14 19:49:49,604  VAE Training   INFO  Epoch: 16/200	Train Loss: 10.9388	Val Loss: 10.8283
2023-02-14 19:49:51,649  VAE Training   INFO  Validation loss decreased (10.828283 --> 10.753741).  Saving model ...
2023-02-14 19:49:51,683  VAE Training   INFO  Epoch: 17/200	Train Loss: 10.8426	Val Loss: 10.7537
2023-02-14 19:49:53,782  VAE Training   INFO  Validation loss decreased (10.753741 --> 10.614047).  Saving model ...
2023-02-14 19:49:53,803  VAE Training   INFO  Epoch: 18/200	Train Loss: 10.7260	Val Loss: 10.6140
2023-02-14 19:49:55,840  VAE Training   INFO  Validation loss decreased (10.614047 --> 10.506879).  Saving model ...
2023-02-14 19:49:55,870  VAE Training   INFO  Epoch: 19/200	Train Loss: 10.6225	Val Loss: 10.5069
2023-02-14 19:49:58,036  VAE Training   INFO  Validation loss decreased (10.506879 --> 10.404015).  Saving model ...
2023-02-14 19:49:58,092  VAE Training   INFO  Epoch: 20/200	Train Loss: 10.4873	Val Loss: 10.4040
2023-02-14 19:50:00,492  VAE Training   INFO  Validation loss decreased (10.404015 --> 10.203870).  Saving model ...
2023-02-14 19:50:00,549  VAE Training   INFO  Epoch: 21/200	Train Loss: 10.3564	Val Loss: 10.2039
2023-02-14 19:50:03,044  VAE Training   INFO  Validation loss decreased (10.203870 --> 10.096810).  Saving model ...
2023-02-14 19:50:03,085  VAE Training   INFO  Epoch: 22/200	Train Loss: 10.2501	Val Loss: 10.0968
2023-02-14 19:50:05,649  VAE Training   INFO  Validation loss decreased (10.096810 --> 9.989330).  Saving model ...
2023-02-14 19:50:05,677  VAE Training   INFO  Epoch: 23/200	Train Loss: 10.0948	Val Loss: 9.9893
2023-02-14 19:50:08,198  VAE Training   INFO  Validation loss decreased (9.989330 --> 9.879779).  Saving model ...
2023-02-14 19:50:08,299  VAE Training   INFO  Epoch: 24/200	Train Loss: 9.9802	Val Loss: 9.8798
2023-02-14 19:50:10,859  VAE Training   INFO  Validation loss decreased (9.879779 --> 9.770679).  Saving model ...
2023-02-14 19:50:10,889  VAE Training   INFO  Epoch: 25/200	Train Loss: 9.8798	Val Loss: 9.7707
2023-02-14 19:50:13,411  VAE Training   INFO  Validation loss decreased (9.770679 --> 9.668897).  Saving model ...
2023-02-14 19:50:13,442  VAE Training   INFO  Epoch: 26/200	Train Loss: 9.7885	Val Loss: 9.6689
2023-02-14 19:50:15,982  VAE Training   INFO  EarlyStopping counter: 1 out of 7
2023-02-14 19:50:15,982  VAE Training   INFO  Epoch: 27/200	Train Loss: 9.7107	Val Loss: 9.6726
2023-02-14 19:50:18,481  VAE Training   INFO  Validation loss decreased (9.668897 --> 9.519184).  Saving model ...
2023-02-14 19:50:18,518  VAE Training   INFO  Epoch: 28/200	Train Loss: 9.6193	Val Loss: 9.5192
2023-02-14 19:50:21,058  VAE Training   INFO  Validation loss decreased (9.519184 --> 9.422591).  Saving model ...
2023-02-14 19:50:21,079  VAE Training   INFO  Epoch: 29/200	Train Loss: 9.5636	Val Loss: 9.4226
2023-02-14 19:50:23,586  VAE Training   INFO  Validation loss decreased (9.422591 --> 9.383089).  Saving model ...
2023-02-14 19:50:23,609  VAE Training   INFO  Epoch: 30/200	Train Loss: 9.4903	Val Loss: 9.3831
2023-02-14 19:50:26,155  VAE Training   INFO  Validation loss decreased (9.383089 --> 9.368441).  Saving model ...
2023-02-14 19:50:26,180  VAE Training   INFO  Epoch: 31/200	Train Loss: 9.4302	Val Loss: 9.3684
2023-02-14 19:50:28,684  VAE Training   INFO  Validation loss decreased (9.368441 --> 9.276650).  Saving model ...
2023-02-14 19:50:28,705  VAE Training   INFO  Epoch: 32/200	Train Loss: 9.3590	Val Loss: 9.2767
2023-02-14 19:50:31,205  VAE Training   INFO  Validation loss decreased (9.276650 --> 9.228546).  Saving model ...
2023-02-14 19:50:31,272  VAE Training   INFO  Epoch: 33/200	Train Loss: 9.3289	Val Loss: 9.2285
2023-02-14 19:50:33,801  VAE Training   INFO  Validation loss decreased (9.228546 --> 9.216743).  Saving model ...
2023-02-14 19:50:33,924  VAE Training   INFO  Epoch: 34/200	Train Loss: 9.2605	Val Loss: 9.2167
2023-02-14 19:50:36,465  VAE Training   INFO  Validation loss decreased (9.216743 --> 9.119172).  Saving model ...
2023-02-14 19:50:36,520  VAE Training   INFO  Epoch: 35/200	Train Loss: 9.2138	Val Loss: 9.1192
2023-02-14 19:50:39,047  VAE Training   INFO  Validation loss decreased (9.119172 --> 9.098082).  Saving model ...
2023-02-14 19:50:39,072  VAE Training   INFO  Epoch: 36/200	Train Loss: 9.1518	Val Loss: 9.0981
2023-02-14 19:50:41,116  VAE Training   INFO  Validation loss decreased (9.098082 --> 9.044713).  Saving model ...
2023-02-14 19:50:41,136  VAE Training   INFO  Epoch: 37/200	Train Loss: 9.1219	Val Loss: 9.0447
2023-02-14 19:50:43,195  VAE Training   INFO  Validation loss decreased (9.044713 --> 9.013231).  Saving model ...
2023-02-14 19:50:43,236  VAE Training   INFO  Epoch: 38/200	Train Loss: 9.0871	Val Loss: 9.0132
2023-02-14 19:50:45,278  VAE Training   INFO  Validation loss decreased (9.013231 --> 8.957232).  Saving model ...
2023-02-14 19:50:45,340  VAE Training   INFO  Epoch: 39/200	Train Loss: 9.0202	Val Loss: 8.9572
2023-02-14 19:50:47,419  VAE Training   INFO  Validation loss decreased (8.957232 --> 8.865418).  Saving model ...
2023-02-14 19:50:47,452  VAE Training   INFO  Epoch: 40/200	Train Loss: 8.9520	Val Loss: 8.8654
2023-02-14 19:50:49,475  VAE Training   INFO  Validation loss decreased (8.865418 --> 8.825198).  Saving model ...
2023-02-14 19:50:49,492  VAE Training   INFO  Epoch: 41/200	Train Loss: 8.8837	Val Loss: 8.8252
2023-02-14 19:50:51,605  VAE Training   INFO  Validation loss decreased (8.825198 --> 8.750085).  Saving model ...
2023-02-14 19:50:51,667  VAE Training   INFO  Epoch: 42/200	Train Loss: 8.8266	Val Loss: 8.7501
2023-02-14 19:50:53,876  VAE Training   INFO  Validation loss decreased (8.750085 --> 8.668921).  Saving model ...
2023-02-14 19:50:53,939  VAE Training   INFO  Epoch: 43/200	Train Loss: 8.7518	Val Loss: 8.6689
2023-02-14 19:50:56,083  VAE Training   INFO  EarlyStopping counter: 1 out of 7
2023-02-14 19:50:56,083  VAE Training   INFO  Epoch: 44/200	Train Loss: 8.6954	Val Loss: 8.6735
2023-02-14 19:50:58,104  VAE Training   INFO  Validation loss decreased (8.668921 --> 8.576666).  Saving model ...
2023-02-14 19:50:58,122  VAE Training   INFO  Epoch: 45/200	Train Loss: 8.6405	Val Loss: 8.5767
2023-02-14 19:51:00,138  VAE Training   INFO  Validation loss decreased (8.576666 --> 8.517637).  Saving model ...
2023-02-14 19:51:00,160  VAE Training   INFO  Epoch: 46/200	Train Loss: 8.6167	Val Loss: 8.5176
2023-02-14 19:51:02,178  VAE Training   INFO  Validation loss decreased (8.517637 --> 8.476035).  Saving model ...
2023-02-14 19:51:02,196  VAE Training   INFO  Epoch: 47/200	Train Loss: 8.5406	Val Loss: 8.4760
2023-02-14 19:51:04,255  VAE Training   INFO  Validation loss decreased (8.476035 --> 8.403207).  Saving model ...
2023-02-14 19:51:04,284  VAE Training   INFO  Epoch: 48/200	Train Loss: 8.5031	Val Loss: 8.4032
2023-02-14 19:51:06,376  VAE Training   INFO  EarlyStopping counter: 1 out of 7
2023-02-14 19:51:06,377  VAE Training   INFO  Epoch: 49/200	Train Loss: 8.4833	Val Loss: 8.4543
2023-02-14 19:51:08,393  VAE Training   INFO  Validation loss decreased (8.403207 --> 8.354769).  Saving model ...
2023-02-14 19:51:08,408  VAE Training   INFO  Epoch: 50/200	Train Loss: 8.4317	Val Loss: 8.3548
2023-02-14 19:51:10,411  VAE Training   INFO  Validation loss decreased (8.354769 --> 8.352283).  Saving model ...
2023-02-14 19:51:10,423  VAE Training   INFO  Epoch: 51/200	Train Loss: 8.4154	Val Loss: 8.3523
2023-02-14 19:51:12,453  VAE Training   INFO  Validation loss decreased (8.352283 --> 8.318152).  Saving model ...
2023-02-14 19:51:12,474  VAE Training   INFO  Epoch: 52/200	Train Loss: 8.3582	Val Loss: 8.3182
2023-02-14 19:51:14,495  VAE Training   INFO  Validation loss decreased (8.318152 --> 8.270121).  Saving model ...
2023-02-14 19:51:14,525  VAE Training   INFO  Epoch: 53/200	Train Loss: 8.3526	Val Loss: 8.2701
2023-02-14 19:51:16,654  VAE Training   INFO  Validation loss decreased (8.270121 --> 8.268993).  Saving model ...
2023-02-14 19:51:16,674  VAE Training   INFO  Epoch: 54/200	Train Loss: 8.3006	Val Loss: 8.2690
2023-02-14 19:51:18,696  VAE Training   INFO  Validation loss decreased (8.268993 --> 8.198176).  Saving model ...
2023-02-14 19:51:18,731  VAE Training   INFO  Epoch: 55/200	Train Loss: 8.2746	Val Loss: 8.1982
2023-02-14 19:51:20,751  VAE Training   INFO  Validation loss decreased (8.198176 --> 8.178161).  Saving model ...
2023-02-14 19:51:21,410  VAE Training   INFO  Epoch: 56/200	Train Loss: 8.2542	Val Loss: 8.1782
2023-02-14 19:51:24,227  VAE Training   INFO  Validation loss decreased (8.178161 --> 8.120984).  Saving model ...
2023-02-14 19:51:24,312  VAE Training   INFO  Epoch: 57/200	Train Loss: 8.2187	Val Loss: 8.1210
2023-02-14 19:51:26,824  VAE Training   INFO  EarlyStopping counter: 1 out of 7
2023-02-14 19:51:26,825  VAE Training   INFO  Epoch: 58/200	Train Loss: 8.2183	Val Loss: 8.1459
2023-02-14 19:51:29,293  VAE Training   INFO  EarlyStopping counter: 2 out of 7
2023-02-14 19:51:29,293  VAE Training   INFO  Epoch: 59/200	Train Loss: 8.1992	Val Loss: 8.1267
2023-02-14 19:51:31,314  VAE Training   INFO  EarlyStopping counter: 3 out of 7
2023-02-14 19:51:31,315  VAE Training   INFO  Epoch: 60/200	Train Loss: 8.1766	Val Loss: 8.1552
2023-02-14 19:51:33,318  VAE Training   INFO  Validation loss decreased (8.120984 --> 8.096391).  Saving model ...
2023-02-14 19:51:34,021  VAE Training   INFO  Epoch: 61/200	Train Loss: 8.1695	Val Loss: 8.0964
2023-02-14 19:51:36,322  VAE Training   INFO  Validation loss decreased (8.096391 --> 8.028841).  Saving model ...
2023-02-14 19:51:36,344  VAE Training   INFO  Epoch: 62/200	Train Loss: 8.1285	Val Loss: 8.0288
2023-02-14 19:51:38,457  VAE Training   INFO  EarlyStopping counter: 1 out of 7
2023-02-14 19:51:38,457  VAE Training   INFO  Epoch: 63/200	Train Loss: 8.1007	Val Loss: 8.1044
2023-02-14 19:51:40,512  VAE Training   INFO  EarlyStopping counter: 2 out of 7
2023-02-14 19:51:40,513  VAE Training   INFO  Epoch: 64/200	Train Loss: 8.0984	Val Loss: 8.0307
2023-02-14 19:51:42,544  VAE Training   INFO  Validation loss decreased (8.028841 --> 8.017677).  Saving model ...
2023-02-14 19:51:42,559  VAE Training   INFO  Epoch: 65/200	Train Loss: 8.0817	Val Loss: 8.0177
2023-02-14 19:51:44,615  VAE Training   INFO  Validation loss decreased (8.017677 --> 8.015634).  Saving model ...
2023-02-14 19:51:44,662  VAE Training   INFO  Epoch: 66/200	Train Loss: 8.0838	Val Loss: 8.0156
2023-02-14 19:51:46,753  VAE Training   INFO  EarlyStopping counter: 1 out of 7
2023-02-14 19:51:46,753  VAE Training   INFO  Epoch: 67/200	Train Loss: 8.0706	Val Loss: 8.0306
2023-02-14 19:51:48,798  VAE Training   INFO  EarlyStopping counter: 2 out of 7
2023-02-14 19:51:48,798  VAE Training   INFO  Epoch: 68/200	Train Loss: 8.0355	Val Loss: 8.0165
2023-02-14 19:51:50,832  VAE Training   INFO  Validation loss decreased (8.015634 --> 7.997109).  Saving model ...
2023-02-14 19:51:50,844  VAE Training   INFO  Epoch: 69/200	Train Loss: 8.0189	Val Loss: 7.9971
2023-02-14 19:51:52,868  VAE Training   INFO  Validation loss decreased (7.997109 --> 7.953574).  Saving model ...
2023-02-14 19:51:52,914  VAE Training   INFO  Epoch: 70/200	Train Loss: 8.0082	Val Loss: 7.9536
2023-02-14 19:51:54,980  VAE Training   INFO  Validation loss decreased (7.953574 --> 7.925363).  Saving model ...
2023-02-14 19:51:55,013  VAE Training   INFO  Epoch: 71/200	Train Loss: 7.9946	Val Loss: 7.9254
2023-02-14 19:51:57,064  VAE Training   INFO  EarlyStopping counter: 1 out of 7
2023-02-14 19:51:57,064  VAE Training   INFO  Epoch: 72/200	Train Loss: 7.9682	Val Loss: 7.9556
2023-02-14 19:51:59,135  VAE Training   INFO  Validation loss decreased (7.925363 --> 7.899405).  Saving model ...
2023-02-14 19:51:59,169  VAE Training   INFO  Epoch: 73/200	Train Loss: 7.9519	Val Loss: 7.8994
2023-02-14 19:52:01,187  VAE Training   INFO  EarlyStopping counter: 1 out of 7
2023-02-14 19:52:01,187  VAE Training   INFO  Epoch: 74/200	Train Loss: 7.9433	Val Loss: 7.9062
2023-02-14 19:52:03,619  VAE Training   INFO  Validation loss decreased (7.899405 --> 7.879078).  Saving model ...
2023-02-14 19:52:03,667  VAE Training   INFO  Epoch: 75/200	Train Loss: 7.9395	Val Loss: 7.8791
2023-02-14 19:52:06,196  VAE Training   INFO  EarlyStopping counter: 1 out of 7
2023-02-14 19:52:06,196  VAE Training   INFO  Epoch: 76/200	Train Loss: 7.9184	Val Loss: 7.8991
2023-02-14 19:52:08,727  VAE Training   INFO  EarlyStopping counter: 2 out of 7
2023-02-14 19:52:08,728  VAE Training   INFO  Epoch: 77/200	Train Loss: 7.9147	Val Loss: 7.8941
2023-02-14 19:52:11,235  VAE Training   INFO  Validation loss decreased (7.879078 --> 7.854607).  Saving model ...
2023-02-14 19:52:11,270  VAE Training   INFO  Epoch: 78/200	Train Loss: 7.8904	Val Loss: 7.8546
2023-02-14 19:52:13,758  VAE Training   INFO  EarlyStopping counter: 1 out of 7
2023-02-14 19:52:13,758  VAE Training   INFO  Epoch: 79/200	Train Loss: 7.8736	Val Loss: 7.8722
2023-02-14 19:52:16,252  VAE Training   INFO  Validation loss decreased (7.854607 --> 7.820384).  Saving model ...
2023-02-14 19:52:16,280  VAE Training   INFO  Epoch: 80/200	Train Loss: 7.8639	Val Loss: 7.8204
2023-02-14 19:52:18,828  VAE Training   INFO  EarlyStopping counter: 1 out of 7
2023-02-14 19:52:18,828  VAE Training   INFO  Epoch: 81/200	Train Loss: 7.8503	Val Loss: 7.8288
2023-02-14 19:52:21,330  VAE Training   INFO  Validation loss decreased (7.820384 --> 7.804882).  Saving model ...
2023-02-14 19:52:21,366  VAE Training   INFO  Epoch: 82/200	Train Loss: 7.8435	Val Loss: 7.8049
2023-02-14 19:52:23,496  VAE Training   INFO  Validation loss decreased (7.804882 --> 7.772153).  Saving model ...
2023-02-14 19:52:23,518  VAE Training   INFO  Epoch: 83/200	Train Loss: 7.8462	Val Loss: 7.7722
2023-02-14 19:52:25,518  VAE Training   INFO  EarlyStopping counter: 1 out of 7
2023-02-14 19:52:25,518  VAE Training   INFO  Epoch: 84/200	Train Loss: 7.8188	Val Loss: 7.7864
2023-02-14 19:52:27,425  VAE Training   INFO  Validation loss decreased (7.772153 --> 7.764752).  Saving model ...
2023-02-14 19:52:27,458  VAE Training   INFO  Epoch: 85/200	Train Loss: 7.8080	Val Loss: 7.7648
2023-02-14 19:52:29,098  VAE Training   INFO  Validation loss decreased (7.764752 --> 7.741099).  Saving model ...
2023-02-14 19:52:29,167  VAE Training   INFO  Epoch: 86/200	Train Loss: 7.7994	Val Loss: 7.7411
2023-02-14 19:52:30,801  VAE Training   INFO  EarlyStopping counter: 1 out of 7
2023-02-14 19:52:30,801  VAE Training   INFO  Epoch: 87/200	Train Loss: 7.7965	Val Loss: 7.7639
2023-02-14 19:52:32,460  VAE Training   INFO  EarlyStopping counter: 2 out of 7
2023-02-14 19:52:32,460  VAE Training   INFO  Epoch: 88/200	Train Loss: 7.7883	Val Loss: 7.7619
2023-02-14 19:52:34,092  VAE Training   INFO  Validation loss decreased (7.741099 --> 7.717358).  Saving model ...
2023-02-14 19:52:34,105  VAE Training   INFO  Epoch: 89/200	Train Loss: 7.7562	Val Loss: 7.7174
2023-02-14 19:52:35,737  VAE Training   INFO  Validation loss decreased (7.717358 --> 7.705797).  Saving model ...
2023-02-14 19:52:35,814  VAE Training   INFO  Epoch: 90/200	Train Loss: 7.7505	Val Loss: 7.7058
2023-02-14 19:52:37,490  VAE Training   INFO  EarlyStopping counter: 1 out of 7
2023-02-14 19:52:37,490  VAE Training   INFO  Epoch: 91/200	Train Loss: 7.7397	Val Loss: 7.7064
2023-02-14 19:52:39,128  VAE Training   INFO  Validation loss decreased (7.705797 --> 7.689108).  Saving model ...
2023-02-14 19:52:39,193  VAE Training   INFO  Epoch: 92/200	Train Loss: 7.7338	Val Loss: 7.6891
2023-02-14 19:52:40,833  VAE Training   INFO  EarlyStopping counter: 1 out of 7
2023-02-14 19:52:40,834  VAE Training   INFO  Epoch: 93/200	Train Loss: 7.7058	Val Loss: 7.7148
2023-02-14 19:52:42,494  VAE Training   INFO  Validation loss decreased (7.689108 --> 7.678253).  Saving model ...
2023-02-14 19:52:42,507  VAE Training   INFO  Epoch: 94/200	Train Loss: 7.7039	Val Loss: 7.6783
2023-02-14 19:52:44,157  VAE Training   INFO  Validation loss decreased (7.678253 --> 7.670217).  Saving model ...
2023-02-14 19:52:44,188  VAE Training   INFO  Epoch: 95/200	Train Loss: 7.7118	Val Loss: 7.6702
2023-02-14 19:52:45,826  VAE Training   INFO  Validation loss decreased (7.670217 --> 7.668359).  Saving model ...
2023-02-14 19:52:45,881  VAE Training   INFO  Epoch: 96/200	Train Loss: 7.6876	Val Loss: 7.6684
2023-02-14 19:52:47,534  VAE Training   INFO  Validation loss decreased (7.668359 --> 7.663937).  Saving model ...
2023-02-14 19:52:47,603  VAE Training   INFO  Epoch: 97/200	Train Loss: 7.6693	Val Loss: 7.6639
2023-02-14 19:52:49,278  VAE Training   INFO  Validation loss decreased (7.663937 --> 7.639944).  Saving model ...
2023-02-14 19:52:49,305  VAE Training   INFO  Epoch: 98/200	Train Loss: 7.6475	Val Loss: 7.6399
2023-02-14 19:52:50,937  VAE Training   INFO  Validation loss decreased (7.639944 --> 7.629714).  Saving model ...
2023-02-14 19:52:50,980  VAE Training   INFO  Epoch: 99/200	Train Loss: 7.6745	Val Loss: 7.6297
2023-02-14 19:52:52,630  VAE Training   INFO  Validation loss decreased (7.629714 --> 7.569551).  Saving model ...
2023-02-14 19:52:52,647  VAE Training   INFO  Epoch: 100/200	Train Loss: 7.6253	Val Loss: 7.5696
2023-02-14 19:52:54,296  VAE Training   INFO  EarlyStopping counter: 1 out of 7
2023-02-14 19:52:54,297  VAE Training   INFO  Epoch: 101/200	Train Loss: 7.6154	Val Loss: 7.6307
2023-02-14 19:52:55,928  VAE Training   INFO  EarlyStopping counter: 2 out of 7
2023-02-14 19:52:55,928  VAE Training   INFO  Epoch: 102/200	Train Loss: 7.6238	Val Loss: 7.6022
2023-02-14 19:52:57,564  VAE Training   INFO  EarlyStopping counter: 3 out of 7
2023-02-14 19:52:57,564  VAE Training   INFO  Epoch: 103/200	Train Loss: 7.6087	Val Loss: 7.5943
2023-02-14 19:52:59,598  VAE Training   INFO  Validation loss decreased (7.569551 --> 7.568235).  Saving model ...
2023-02-14 19:52:59,647  VAE Training   INFO  Epoch: 104/200	Train Loss: 7.5765	Val Loss: 7.5682
2023-02-14 19:53:01,649  VAE Training   INFO  EarlyStopping counter: 1 out of 7
2023-02-14 19:53:01,649  VAE Training   INFO  Epoch: 105/200	Train Loss: 7.5818	Val Loss: 7.5727
2023-02-14 19:53:03,700  VAE Training   INFO  Validation loss decreased (7.568235 --> 7.523176).  Saving model ...
2023-02-14 19:53:03,718  VAE Training   INFO  Epoch: 106/200	Train Loss: 7.5641	Val Loss: 7.5232
2023-02-14 19:53:05,738  VAE Training   INFO  EarlyStopping counter: 1 out of 7
2023-02-14 19:53:05,739  VAE Training   INFO  Epoch: 107/200	Train Loss: 7.5443	Val Loss: 7.5499
2023-02-14 19:53:07,760  VAE Training   INFO  EarlyStopping counter: 2 out of 7
2023-02-14 19:53:07,760  VAE Training   INFO  Epoch: 108/200	Train Loss: 7.5397	Val Loss: 7.5581
2023-02-14 19:53:09,814  VAE Training   INFO  EarlyStopping counter: 3 out of 7
2023-02-14 19:53:09,814  VAE Training   INFO  Epoch: 109/200	Train Loss: 7.5517	Val Loss: 7.5271
2023-02-14 19:53:11,828  VAE Training   INFO  EarlyStopping counter: 4 out of 7
2023-02-14 19:53:11,828  VAE Training   INFO  Epoch: 110/200	Train Loss: 7.5369	Val Loss: 7.5528
2023-02-14 19:53:13,830  VAE Training   INFO  Validation loss decreased (7.523176 --> 7.436784).  Saving model ...
2023-02-14 19:53:13,852  VAE Training   INFO  Epoch: 111/200	Train Loss: 7.4978	Val Loss: 7.4368
2023-02-14 19:53:15,855  VAE Training   INFO  EarlyStopping counter: 1 out of 7
2023-02-14 19:53:15,856  VAE Training   INFO  Epoch: 112/200	Train Loss: 7.4990	Val Loss: 7.5023
2023-02-14 19:53:17,898  VAE Training   INFO  EarlyStopping counter: 2 out of 7
2023-02-14 19:53:17,899  VAE Training   INFO  Epoch: 113/200	Train Loss: 7.4738	Val Loss: 7.4669
2023-02-14 19:53:20,011  VAE Training   INFO  EarlyStopping counter: 3 out of 7
2023-02-14 19:53:20,011  VAE Training   INFO  Epoch: 114/200	Train Loss: 7.4877	Val Loss: 7.4382
2023-02-14 19:53:22,014  VAE Training   INFO  EarlyStopping counter: 4 out of 7
2023-02-14 19:53:22,014  VAE Training   INFO  Epoch: 115/200	Train Loss: 7.4474	Val Loss: 7.4541
2023-02-14 19:53:24,448  VAE Training   INFO  EarlyStopping counter: 5 out of 7
2023-02-14 19:53:24,449  VAE Training   INFO  Epoch: 116/200	Train Loss: 7.4468	Val Loss: 7.4495
2023-02-14 19:53:26,945  VAE Training   INFO  Validation loss decreased (7.436784 --> 7.416491).  Saving model ...
2023-02-14 19:53:27,020  VAE Training   INFO  Epoch: 117/200	Train Loss: 7.4397	Val Loss: 7.4165
2023-02-14 19:53:29,471  VAE Training   INFO  Validation loss decreased (7.416491 --> 7.406242).  Saving model ...
2023-02-14 19:53:29,520  VAE Training   INFO  Epoch: 118/200	Train Loss: 7.4411	Val Loss: 7.4062
2023-02-14 19:53:31,486  VAE Training   INFO  Validation loss decreased (7.406242 --> 7.376764).  Saving model ...
2023-02-14 19:53:31,501  VAE Training   INFO  Epoch: 119/200	Train Loss: 7.4075	Val Loss: 7.3768
2023-02-14 19:53:33,519  VAE Training   INFO  EarlyStopping counter: 1 out of 7
2023-02-14 19:53:33,519  VAE Training   INFO  Epoch: 120/200	Train Loss: 7.4032	Val Loss: 7.4001
2023-02-14 19:53:35,541  VAE Training   INFO  EarlyStopping counter: 2 out of 7
2023-02-14 19:53:35,541  VAE Training   INFO  Epoch: 121/200	Train Loss: 7.3969	Val Loss: 7.3880
2023-02-14 19:53:37,639  VAE Training   INFO  Validation loss decreased (7.376764 --> 7.356359).  Saving model ...
2023-02-14 19:53:37,702  VAE Training   INFO  Epoch: 122/200	Train Loss: 7.3820	Val Loss: 7.3564
2023-02-14 19:53:39,747  VAE Training   INFO  Validation loss decreased (7.356359 --> 7.340944).  Saving model ...
2023-02-14 19:53:39,767  VAE Training   INFO  Epoch: 123/200	Train Loss: 7.3765	Val Loss: 7.3409
2023-02-14 19:53:42,008  VAE Training   INFO  Validation loss decreased (7.340944 --> 7.334964).  Saving model ...
2023-02-14 19:53:42,056  VAE Training   INFO  Epoch: 124/200	Train Loss: 7.3718	Val Loss: 7.3350
2023-02-14 19:53:44,097  VAE Training   INFO  Validation loss decreased (7.334964 --> 7.320311).  Saving model ...
2023-02-14 19:53:44,110  VAE Training   INFO  Epoch: 125/200	Train Loss: 7.3674	Val Loss: 7.3203
2023-02-14 19:53:46,135  VAE Training   INFO  EarlyStopping counter: 1 out of 7
2023-02-14 19:53:46,135  VAE Training   INFO  Epoch: 126/200	Train Loss: 7.3410	Val Loss: 7.3287
2023-02-14 19:53:48,216  VAE Training   INFO  EarlyStopping counter: 2 out of 7
2023-02-14 19:53:48,216  VAE Training   INFO  Epoch: 127/200	Train Loss: 7.3378	Val Loss: 7.3387
2023-02-14 19:53:50,216  VAE Training   INFO  Validation loss decreased (7.320311 --> 7.316046).  Saving model ...
2023-02-14 19:53:50,293  VAE Training   INFO  Epoch: 128/200	Train Loss: 7.3486	Val Loss: 7.3160
2023-02-14 19:53:52,381  VAE Training   INFO  Validation loss decreased (7.316046 --> 7.314967).  Saving model ...
2023-02-14 19:53:52,429  VAE Training   INFO  Epoch: 129/200	Train Loss: 7.3075	Val Loss: 7.3150
2023-02-14 19:53:54,481  VAE Training   INFO  Validation loss decreased (7.314967 --> 7.306130).  Saving model ...
2023-02-14 19:53:54,512  VAE Training   INFO  Epoch: 130/200	Train Loss: 7.3312	Val Loss: 7.3061
2023-02-14 19:53:56,559  VAE Training   INFO  Validation loss decreased (7.306130 --> 7.292678).  Saving model ...
2023-02-14 19:53:56,606  VAE Training   INFO  Epoch: 131/200	Train Loss: 7.3176	Val Loss: 7.2927
2023-02-14 19:53:58,687  VAE Training   INFO  Validation loss decreased (7.292678 --> 7.271503).  Saving model ...
2023-02-14 19:53:58,701  VAE Training   INFO  Epoch: 132/200	Train Loss: 7.3146	Val Loss: 7.2715
2023-02-14 19:54:00,725  VAE Training   INFO  Validation loss decreased (7.271503 --> 7.262516).  Saving model ...
2023-02-14 19:54:00,758  VAE Training   INFO  Epoch: 133/200	Train Loss: 7.2884	Val Loss: 7.2625
2023-02-14 19:54:02,797  VAE Training   INFO  Validation loss decreased (7.262516 --> 7.250908).  Saving model ...
2023-02-14 19:54:02,819  VAE Training   INFO  Epoch: 134/200	Train Loss: 7.2955	Val Loss: 7.2509
2023-02-14 19:54:04,847  VAE Training   INFO  EarlyStopping counter: 1 out of 7
2023-02-14 19:54:04,847  VAE Training   INFO  Epoch: 135/200	Train Loss: 7.2734	Val Loss: 7.3021
2023-02-14 19:54:06,895  VAE Training   INFO  EarlyStopping counter: 2 out of 7
2023-02-14 19:54:06,896  VAE Training   INFO  Epoch: 136/200	Train Loss: 7.2633	Val Loss: 7.2809
2023-02-14 19:54:08,938  VAE Training   INFO  Validation loss decreased (7.250908 --> 7.243013).  Saving model ...
2023-02-14 19:54:08,951  VAE Training   INFO  Epoch: 137/200	Train Loss: 7.2634	Val Loss: 7.2430
2023-02-14 19:54:11,173  VAE Training   INFO  EarlyStopping counter: 1 out of 7
2023-02-14 19:54:11,173  VAE Training   INFO  Epoch: 138/200	Train Loss: 7.2847	Val Loss: 7.2804
2023-02-14 19:54:13,689  VAE Training   INFO  Validation loss decreased (7.243013 --> 7.224962).  Saving model ...
2023-02-14 19:54:13,715  VAE Training   INFO  Epoch: 139/200	Train Loss: 7.2624	Val Loss: 7.2250
2023-02-14 19:54:16,217  VAE Training   INFO  EarlyStopping counter: 1 out of 7
2023-02-14 19:54:16,217  VAE Training   INFO  Epoch: 140/200	Train Loss: 7.2344	Val Loss: 7.2512
2023-02-14 19:54:18,527  VAE Training   INFO  EarlyStopping counter: 2 out of 7
2023-02-14 19:54:18,527  VAE Training   INFO  Epoch: 141/200	Train Loss: 7.2508	Val Loss: 7.2283
2023-02-14 19:54:20,730  VAE Training   INFO  Validation loss decreased (7.224962 --> 7.216241).  Saving model ...
2023-02-14 19:54:20,766  VAE Training   INFO  Epoch: 142/200	Train Loss: 7.2311	Val Loss: 7.2162
2023-02-14 19:54:22,972  VAE Training   INFO  EarlyStopping counter: 1 out of 7
2023-02-14 19:54:22,972  VAE Training   INFO  Epoch: 143/200	Train Loss: 7.2377	Val Loss: 7.2201
2023-02-14 19:54:25,161  VAE Training   INFO  Validation loss decreased (7.216241 --> 7.176406).  Saving model ...
2023-02-14 19:54:25,196  VAE Training   INFO  Epoch: 144/200	Train Loss: 7.2189	Val Loss: 7.1764
2023-02-14 19:54:27,411  VAE Training   INFO  EarlyStopping counter: 1 out of 7
2023-02-14 19:54:27,411  VAE Training   INFO  Epoch: 145/200	Train Loss: 7.2254	Val Loss: 7.2054
2023-02-14 19:54:29,590  VAE Training   INFO  EarlyStopping counter: 2 out of 7
2023-02-14 19:54:29,590  VAE Training   INFO  Epoch: 146/200	Train Loss: 7.2153	Val Loss: 7.2407
2023-02-14 19:54:31,783  VAE Training   INFO  EarlyStopping counter: 3 out of 7
2023-02-14 19:54:31,783  VAE Training   INFO  Epoch: 147/200	Train Loss: 7.2020	Val Loss: 7.2046
2023-02-14 19:54:33,983  VAE Training   INFO  EarlyStopping counter: 4 out of 7
2023-02-14 19:54:33,983  VAE Training   INFO  Epoch: 148/200	Train Loss: 7.1993	Val Loss: 7.2151
2023-02-14 19:54:36,520  VAE Training   INFO  EarlyStopping counter: 5 out of 7
2023-02-14 19:54:36,520  VAE Training   INFO  Epoch: 149/200	Train Loss: 7.1890	Val Loss: 7.1922
2023-02-14 19:54:39,162  VAE Training   INFO  EarlyStopping counter: 6 out of 7
2023-02-14 19:54:39,162  VAE Training   INFO  Epoch: 150/200	Train Loss: 7.2007	Val Loss: 7.1883
2023-02-14 19:54:41,679  VAE Training   INFO  Validation loss decreased (7.176406 --> 7.163976).  Saving model ...
2023-02-14 19:54:41,738  VAE Training   INFO  Epoch: 151/200	Train Loss: 7.2073	Val Loss: 7.1640
2023-02-14 19:54:44,098  VAE Training   INFO  Validation loss decreased (7.163976 --> 7.145111).  Saving model ...
2023-02-14 19:54:44,116  VAE Training   INFO  Epoch: 152/200	Train Loss: 7.1765	Val Loss: 7.1451
2023-02-14 19:54:46,134  VAE Training   INFO  EarlyStopping counter: 1 out of 7
2023-02-14 19:54:46,134  VAE Training   INFO  Epoch: 153/200	Train Loss: 7.1923	Val Loss: 7.1720
2023-02-14 19:54:48,391  VAE Training   INFO  EarlyStopping counter: 2 out of 7
2023-02-14 19:54:48,391  VAE Training   INFO  Epoch: 154/200	Train Loss: 7.1778	Val Loss: 7.1602
2023-02-14 19:54:51,180  VAE Training   INFO  EarlyStopping counter: 3 out of 7
2023-02-14 19:54:51,180  VAE Training   INFO  Epoch: 155/200	Train Loss: 7.1635	Val Loss: 7.1935
2023-02-14 19:54:53,880  VAE Training   INFO  EarlyStopping counter: 4 out of 7
2023-02-14 19:54:53,880  VAE Training   INFO  Epoch: 156/200	Train Loss: 7.1419	Val Loss: 7.1682
2023-02-14 19:54:56,369  VAE Training   INFO  EarlyStopping counter: 5 out of 7
2023-02-14 19:54:56,369  VAE Training   INFO  Epoch: 157/200	Train Loss: 7.1570	Val Loss: 7.1498
2023-02-14 19:54:58,509  VAE Training   INFO  EarlyStopping counter: 6 out of 7
2023-02-14 19:54:58,509  VAE Training   INFO  Epoch: 158/200	Train Loss: 7.1408	Val Loss: 7.1466
2023-02-14 19:55:00,555  VAE Training   INFO  Validation loss decreased (7.145111 --> 7.132786).  Saving model ...
2023-02-14 19:55:00,603  VAE Training   INFO  Epoch: 159/200	Train Loss: 7.1445	Val Loss: 7.1328
2023-02-14 19:55:02,627  VAE Training   INFO  Validation loss decreased (7.132786 --> 7.130851).  Saving model ...
2023-02-14 19:55:02,670  VAE Training   INFO  Epoch: 160/200	Train Loss: 7.1373	Val Loss: 7.1309
2023-02-14 19:55:04,754  VAE Training   INFO  EarlyStopping counter: 1 out of 7
2023-02-14 19:55:04,754  VAE Training   INFO  Epoch: 161/200	Train Loss: 7.1479	Val Loss: 7.1427
2023-02-14 19:55:06,954  VAE Training   INFO  Validation loss decreased (7.130851 --> 7.109418).  Saving model ...
2023-02-14 19:55:07,003  VAE Training   INFO  Epoch: 162/200	Train Loss: 7.1276	Val Loss: 7.1094
2023-02-14 19:55:09,074  VAE Training   INFO  EarlyStopping counter: 1 out of 7
2023-02-14 19:55:09,075  VAE Training   INFO  Epoch: 163/200	Train Loss: 7.1457	Val Loss: 7.1587
2023-02-14 19:55:11,133  VAE Training   INFO  EarlyStopping counter: 2 out of 7
2023-02-14 19:55:11,133  VAE Training   INFO  Epoch: 164/200	Train Loss: 7.1133	Val Loss: 7.1138
2023-02-14 19:55:13,150  VAE Training   INFO  EarlyStopping counter: 3 out of 7
2023-02-14 19:55:13,150  VAE Training   INFO  Epoch: 165/200	Train Loss: 7.1154	Val Loss: 7.1244
2023-02-14 19:55:15,294  VAE Training   INFO  Validation loss decreased (7.109418 --> 7.103637).  Saving model ...
2023-02-14 19:55:15,366  VAE Training   INFO  Epoch: 166/200	Train Loss: 7.1346	Val Loss: 7.1036
2023-02-14 19:55:17,423  VAE Training   INFO  EarlyStopping counter: 1 out of 7
2023-02-14 19:55:17,423  VAE Training   INFO  Epoch: 167/200	Train Loss: 7.1308	Val Loss: 7.1232
2023-02-14 19:55:19,408  VAE Training   INFO  Validation loss decreased (7.103637 --> 7.093608).  Saving model ...
2023-02-14 19:55:19,439  VAE Training   INFO  Epoch: 168/200	Train Loss: 7.1037	Val Loss: 7.0936
2023-02-14 19:55:21,558  VAE Training   INFO  Validation loss decreased (7.093608 --> 7.063143).  Saving model ...
2023-02-14 19:55:21,594  VAE Training   INFO  Epoch: 169/200	Train Loss: 7.1065	Val Loss: 7.0631
2023-02-14 19:55:23,627  VAE Training   INFO  EarlyStopping counter: 1 out of 7
2023-02-14 19:55:23,627  VAE Training   INFO  Epoch: 170/200	Train Loss: 7.0906	Val Loss: 7.1027
2023-02-14 19:55:25,633  VAE Training   INFO  EarlyStopping counter: 2 out of 7
2023-02-14 19:55:25,633  VAE Training   INFO  Epoch: 171/200	Train Loss: 7.1143	Val Loss: 7.1102
2023-02-14 19:55:28,101  VAE Training   INFO  EarlyStopping counter: 3 out of 7
2023-02-14 19:55:28,101  VAE Training   INFO  Epoch: 172/200	Train Loss: 7.1040	Val Loss: 7.0836
2023-02-14 19:55:30,603  VAE Training   INFO  EarlyStopping counter: 4 out of 7
2023-02-14 19:55:30,603  VAE Training   INFO  Epoch: 173/200	Train Loss: 7.0843	Val Loss: 7.0945
2023-02-14 19:55:33,086  VAE Training   INFO  EarlyStopping counter: 5 out of 7
2023-02-14 19:55:33,086  VAE Training   INFO  Epoch: 174/200	Train Loss: 7.0687	Val Loss: 7.0825
2023-02-14 19:55:35,597  VAE Training   INFO  EarlyStopping counter: 6 out of 7
2023-02-14 19:55:35,597  VAE Training   INFO  Epoch: 175/200	Train Loss: 7.0853	Val Loss: 7.1096
2023-02-14 19:55:38,126  VAE Training   INFO  EarlyStopping counter: 7 out of 7
2023-02-14 19:55:38,126  VAE Training   INFO  Epoch: 176/200	Train Loss: 7.0746	Val Loss: 7.1051
2023-02-14 19:55:38,126  VAE Training  CRITICAL  Triggering Early Stop
